Task: 10
P 10 135
D 10 135
R 0 0
R 1 0
R 2 0
F 10 1
P 10 1
D 1 2
P 1 134
D 10 134
F 10 134
P 1 134
F 1 227
P 1 227
D 10 227
F 10 227
P 1 228
D 2 228
P 2 268
D 10 269
F 10 269
P 2 269
D 2 342
P 2 342
D 10 342
F 10 342
P 2 342
D 0 343
Task 1
P 0 403
D 10 403
F 10 403
P 0 403
Task 1
Task 1
P 0 537
D 10 537
F 10 537
P 0 537
Task 1
Task 1
Task 1
P 0 671
D 10 671
F 10 671
P 0 671
Task 1
Task 1
P 0 805
D 10 805
F 10 805
P 0 805
Task 1
Task 1
Task 1
P 0 940
D 10 940
F 10 940
P 0 940
Task 1
Task 1
P 0 1074
D 10 1074
R 1 1074
F 10 1074
P 0 1075
D 1 1075
P 1 1208
D 10 1208
F 10 1208
P 1 1208
F 1 1301
P 1 1301
D 10 1301
F 10 1301
P 1 1302
Task 1
P 0 1342
D 10 1342
F 10 1342
P 0 1342
Task 1
Task 1
Task 1
P 0 1476
D 10 1476
F 10 1477
P 0 1477
Task 1
Task 1
P 0 1611
D 10 1611
R 2 1611
F 10 1611
P 0 1611
D 2 1612
D 2 1725
P 2 1725
D 10 1725
F 10 1725
P 2 1726
P 0 1745
D 10 1745
F 10 1745
P 0 1745
Task 1
Task 1
Task 1
P 0 1879
D 10 1879
F 10 1879
P 0 1879
Task 1
Task 1
P 0 2013
D 10 2013
R 1 2013
F 10 2013
P 0 2014
D 1 2015
P 1 2148
D 10 2148
F 10 2148
P 1 2148
F 1 2241
P 1 2241
D 10 2241
F 10 2241
P 1 2241
Task 1
P 0 2282
D 10 2282
F 10 2282
P 0 2282
Task 1
Task 1
Task 1
P 0 2416
D 10 2416
F 10 2416
P 0 2416
Task 1
Task 1
P 0 2550
D 10 2550
F 10 2550
P 0 2550
Task 1
Task 1
Task 1
P 0 2684
D 10 2684
F 10 2684
P 0 2685
Task 1
Task 1
P 0 2819
D 10 2819
F 10 2819
P 0 2819
Task 1
Task 1
Task 1
P 0 2953
D 10 2953
F 10 2953
P 0 2953
Task 1
Task 1
P 0 3087
D 10 3087
R 1 3087
R 2 3087
F 10 3088
P 0 3089
D 1 3090
P 1 3221
D 10 3221
F 10 3221
P 1 3221
F 1 3315
P 1 3315
D 10 3315
F 10 3315
P 1 3316
D 2 3317
P 2 3355
D 10 3356
F 10 3356
P 2 3356
D 2 3431
P 2 3431
D 10 3431
F 10 3431
P 2 3431
Task 1
P 0 3490
D 10 3490
F 10 3490
P 0 3490
Task 1
Task 1
Task 1
P 0 3624
D 10 3624
F 10 3624
P 0 3624
Task 1
Task 1
Task 1
P 0 3758
D 10 3758
F 10 3758
P 0 3758
Task 1
Task 1
P 0 3892
D 10 3892
F 10 3892
P 0 3892
Task 1
Task 1
Task 1
P 0 4027
D 10 4027
R 1 4027
F 10 4027
P 0 4027
D 1 4028
P 1 4161
D 10 4161
F 10 4161
P 1 4161
F 1 4254
P 1 4254
D 10 4254
F 10 4254
P 1 4255
P 0 4295
D 10 4295
F 10 4295
P 0 4295
Task 1
Task 1
Task 1
P 0 4429
D 10 4429
F 10 4429
P 0 4429
Task 1
Task 1
P 0 4563
D 10 4563
R 2 4564
F 10 4564
P 0 4564
D 2 4565
D 2 4678
P 2 4678
D 10 4678
F 10 4678
P 2 4679
Task 1
P 0 4698
D 10 4698
F 10 4698
P 0 4698
Task 1
Task 1
P 0 4832
D 10 4832
F 10 4832
P 0 4832
Task 1
Task 1
Task 1
P 0 4966
D 10 4966
F 10 4966
P 0 4966
Task 1
Task 1
P 0 5100
D 10 5100
R 1 5100
F 10 5100
P 0 5101
D 1 5102
P 1 5235
D 10 5235
F 10 5235
P 1 5235
F 1 5328
P 1 5328
D 10 5328
F 10 5328
P 1 5328
Task 1
P 0 5369
D 10 5369
F 10 5369
P 0 5369
Task 1
Task 1
Task 1
P 0 5503
D 10 5503
F 10 5503
P 0 5503
Task 1
Task 1
P 0 5637
D 10 5637
F 10 5637
P 0 5637
Task 1
Task 1
Task 1
P 0 5771
D 10 5771
F 10 5771
P 0 5772
Task 1
Task 1
P 0 5906
D 10 5906
F 10 5906
P 0 5906
Task 1
Task 1
Task 1
P 0 6040
D 10 6040
R 1 6040
R 2 6040
F 10 6041
P 0 6042
Task 1
Task 1
P 0 6174
D 10 6174
F 10 6174
P 0 6174
Task 1
Task 1
Task 1
P 0 6308
D 10 6308
F 10 6308
P 0 6308
Task 1
Task 1
P 0 6442
D 10 6443
F 10 6443
P 0 6443
Task 1
Task 1
Task 1
P 0 6577
D 10 6577
F 10 6577
P 0 6577
Task 1
Task 1
P 0 6711
D 10 6711
F 10 6711
P 0 6711
Task 1
Task 1
Task 1
P 0 6845
D 10 6845
F 10 6845
P 0 6845
Task 1
Task 1
P 0 6979
D 10 6979
F 10 6979
P 0 6979
Task 1
Task 1
Task 1
P 0 7114
D 10 7114
M 0 7114
M 1 7114
F 10 7114
P 0 7115
Task 1
F 0 7151
P 0 7151
D 10 7151
R 0 7152
M 1 7153
F 10 7153
P 0 7154
D 1 7155
P 1 7248
D 10 7248
M 1 7248
F 10 7248
P 1 7249
F 1 7382
P 1 7382
D 10 7382
R 1 7382
F 10 7383
P 1 7383
P 2 7384
D 10 7385
F 10 7386
P 2 7387
D 2 7388
D 2 7501
P 2 7501
D 10 7501
R 2 7501
F 10 7502
P 2 7503
D 1 7503
P 1 7516
D 10 7516
F 10 7516
P 1 7516
P 1 7650
D 10 7650
F 10 7651
P 1 7651
F 1 7730
P 1 7730
D 10 7730
F 10 7730
P 1 7731
D 2 7732
P 2 7785
D 10 7785
F 10 7785
P 2 7785
D 2 7845
P 2 7845
D 10 7845
F 10 7845
P 2 7846
D 0 7847
Task 1
P 0 7919
D 10 7919
F 10 7919
P 0 7919
Task 1
Task 1
P 0 8053
D 10 8053
R 1 8053
F 10 8053
P 0 8054
D 1 8055
P 1 8187
D 10 8187
F 10 8187
P 1 8187
F 1 8280
P 1 8280
D 10 8281
F 10 8281
P 1 8281
Task 1
P 0 8322
D 10 8322
F 10 8322
P 0 8322
Task 1
Task 1
Task 1
P 0 8456
D 10 8456
F 10 8456
P 0 8456
Task 1
Task 1
P 0 8590
D 10 8590
F 10 8590
P 0 8590
Task 1
Task 1
Task 1
P 0 8724
D 10 8724
F 10 8724
P 0 8724
Task 1
Task 1
P 0 8858
D 10 8858
F 10 8858
P 0 8859
Task 1
Task 1
Task 1
P 0 8993
D 10 8993
F 10 8993
P 0 8993
Task 1
Task 1
P 0 9127
D 10 9127
R 1 9127
R 2 9127
F 10 9128
P 0 9129
D 1 9129
P 1 9261
D 10 9261
F 10 9261
P 1 9261
F 1 9355
P 1 9355
D 10 9355
F 10 9355
P 1 9356
D 2 9357
P 2 9395
D 10 9395
F 10 9395
P 2 9395
D 2 9470
P 2 9470
D 10 9470
F 10 9471
P 2 9471
Task 1
P 0 9529
D 10 9530
F 10 9530
P 0 9530
Task 1
Task 1
Task 1
P 0 9664
D 10 9664
F 10 9664
P 0 9664
Task 1
Task 1
P 0 9798
D 10 9798
F 10 9798
P 0 9798
Task 1
Task 1
Task 1
P 0 9932
D 10 9932
F 10 9932
P 0 9932
Task 1
Task 1
P 0 10066
D 10 10066
R 1 10066
F 10 10066
P 0 10068
D 1 10068
P 1 10201
D 10 10201
F 10 10201
P 1 10201
F 1 10295
P 1 10295
D 10 10295
F 10 10295
P 1 10296
Task 1
P 0 10335
D 10 10335
F 10 10335
P 0 10335
Task 1
Task 1
Task 1
P 0 10469
D 10 10469
F 10 10469
P 0 10469
Task 1
Task 1
P 0 10603
D 10 10603
R 2 10603
F 10 10603
P 0 10604
D 2 10605
D 2 10718
P 2 10718
D 10 10718
F 10 10718
P 2 10719
Task 1
P 0 10737
D 10 10737
F 10 10738
P 0 10738
Task 1
Task 1
P 0 10872
D 10 10872
F 10 10872
P 0 10872
Task 1
Task 1
Task 1
P 0 11006
D 10 11006
R 1 11006
F 10 11006
P 0 11007
D 1 11008
P 1 11140
D 10 11140
F 10 11140
P 1 11140
F 1 11234
P 1 11234
D 10 11234
F 10 11234
P 1 11235
P 0 11274
D 10 11274
F 10 11274
P 0 11275
Task 1
Task 1
Task 1
P 0 11409
D 10 11409
F 10 11409
P 0 11409
Task 1
Task 1
P 0 11543
D 10 11543
F 10 11543
P 0 11543
Task 1
Task 1
Task 1
P 0 11677
D 10 11677
F 10 11677
P 0 11677
Task 1
Task 1
P 0 11811
D 10 11811
F 10 11811
P 0 11811
Task 1
Task 1
Task 1
P 0 11945
D 10 11945
F 10 11945
P 0 11946
Task 1
Task 1
P 0 12080
D 10 12080
R 1 12080
R 2 12080
F 10 12081
P 0 12082
D 1 12083
P 1 12214
D 10 12214
F 10 12214
P 1 12214
F 1 12309
P 1 12309
D 10 12309
F 10 12309
P 1 12310
D 2 12311
P 2 12348
D 10 12348
F 10 12348
P 2 12348
D 2 12425
P 2 12425
D 10 12425
F 10 12425
P 2 12426
Task 1
P 0 12482
D 10 12482
F 10 12482
P 0 12482
Task 1
Task 1
Task 1
P 0 12616
D 10 12617
F 10 12617
P 0 12617
Task 1
Task 1
Task 1
P 0 12751
D 10 12751
F 10 12751
P 0 12751
Task 1
Task 1
P 0 12885
D 10 12885
F 10 12885
P 0 12885
Task 1
Task 1
Task 1
P 0 13019
D 10 13019
R 1 13019
F 10 13019
P 0 13020
Task 1
Task 1
P 0 13153
D 10 13153
F 10 13153
P 0 13154
Task 1
Task 1
Task 1
P 0 13288
D 10 13288
F 10 13288
P 0 13288
Task 1
Task 1
P 0 13422
D 10 13422
F 10 13422
P 0 13422
Task 1
Task 1
Task 1
P 0 13556
D 10 13556
R 2 13556
F 10 13556
P 0 13557
Task 1
Task 1
P 0 13690
D 10 13690
F 10 13690
P 0 13690
Task 1
Task 1
Task 1
P 0 13824
D 10 13824
F 10 13825
P 0 13825
Task 1
Task 1
P 0 13959
D 10 13959
F 10 13959
P 0 13959
Task 1
Task 1
Task 1
P 0 14093
D 10 14093
M 0 14093
M 1 14093
F 10 14094
P 0 14095
Task 1
Task 1
P 0 14227
D 10 14227
M 0 14227
M 1 14227
F 10 14228
P 0 14229
Task 1
Task 1
Task 1
P 0 14361
D 10 14361
M 0 14361
M 1 14361
F 10 14362
P 0 14363
Task 1
Task 1
P 0 14496
D 10 14496
M 0 14496
M 1 14496
F 10 14497
P 0 14498
Task 1
Task 1
Task 1
P 0 14630
D 10 14630
M 0 14630
M 1 14630
F 10 14631
P 0 14632
Task 1
F 0 14680
P 0 14680
D 10 14680
R 0 14681
M 1 14682
F 10 14683
P 0 14684
D 1 14685
P 1 14764
D 10 14764
M 1 14764
F 10 14764
P 1 14765
P 1 14898
D 10 14898
M 1 14898
F 10 14898
P 1 14899
F 1 14914
P 1 14914
D 10 14914
R 1 14914
F 10 14915
P 1 14916
D 1 14917
P 1 15032
D 10 15032
M 1 15032
M 2 15033
F 10 15033
P 1 15035
F 1 15145
P 1 15145
D 10 15145
R 1 15145
M 2 15146
F 10 15147
P 1 15148
D 2 15149
P 2 15167
D 10 15167
M 2 15167
F 10 15167
P 2 15168
D 2 15264
P 2 15264
D 10 15264
R 2 15264
F 10 15265
P 2 15266
D 1 15267
P 1 15301
D 10 15301
F 10 15301
P 1 15301
P 1 15435
D 10 15435
F 10 15435
P 1 15435
F 1 15495
P 1 15495
D 10 15495
F 10 15495
P 1 15496
D 2 15497
P 2 15569
D 10 15569
F 10 15569
P 2 15569
D 2 15611
P 2 15611
D 10 15611
F 10 15611
P 2 15612
D 0 15613
Task 1
P 0 15704
D 10 15704
F 10 15704
P 0 15704
Task 1
Task 1
Task 1
P 0 15838
D 10 15838
F 10 15838
P 0 15838
Task 1
Task 1
P 0 15972
D 10 15972
F 10 15972
P 0 15972
Task 1
Task 1
Task 1
P 0 16106
D 10 16106
R 1 16106
F 10 16106
P 0 16107
D 1 16108
P 1 16240
D 10 16240
F 10 16240
P 1 16241
F 1 16334
P 1 16334
D 10 16334
F 10 16334
P 1 16336
P 0 16375
D 10 16375
F 10 16375
P 0 16375
Task 1
Task 1
Task 1
P 0 16509
D 10 16509
R 2 16509
F 10 16509
P 0 16510
D 2 16511
D 2 16624
P 2 16624
D 10 16624
F 10 16624
P 2 16625
P 0 16643
D 10 16643
F 10 16643
P 0 16643
Task 1
Task 1
Task 1
P 0 16777
D 10 16777
F 10 16777
P 0 16777
Task 1
Task 1
P 0 16911
D 10 16912
F 10 16912
P 0 16912
Task 1
Task 1
Task 1
P 0 17046
D 10 17046
R 1 17046
F 10 17046
P 0 17047
D 1 17048
P 1 17180
D 10 17180
F 10 17180
P 1 17180
F 1 17274
P 1 17274
D 10 17274
F 10 17274
P 1 17275
Task 1
P 0 17314
D 10 17314
F 10 17314
P 0 17314
Task 1
Task 1
P 0 17448
D 10 17448
F 10 17448
P 0 17449
Task 1
Task 1
Task 1
P 0 17583
D 10 17583
F 10 17583
P 0 17583
Task 1
Task 1
P 0 17717
D 10 17717
F 10 17717
P 0 17717
Task 1
Task 1
Task 1
P 0 17851
D 10 17851
F 10 17851
P 0 17851
Task 1
Task 1
P 0 17985
D 10 17985
F 10 17985
P 0 17985
Task 1
Task 1
Task 1
P 0 18119
D 10 18119
R 1 18120
R 2 18120
F 10 18120
P 0 18122
D 1 18122
P 1 18254
D 10 18254
F 10 18254
P 1 18254
F 1 18349
P 1 18349
D 10 18349
F 10 18349
P 1 18350
D 2 18351
P 2 18388
D 10 18388
F 10 18388
P 2 18388
D 2 18465
P 2 18465
D 10 18465
F 10 18465
P 2 18466
Task 1
P 0 18522
D 10 18522
F 10 18522
P 0 18522
Task 1
Task 1
P 0 18656
D 10 18656
F 10 18656
P 0 18656
Task 1
Task 1
Task 1
P 0 18791
D 10 18791
F 10 18791
P 0 18791
Task 1
Task 1
P 0 18925
D 10 18925
F 10 18925
P 0 18925
Task 1
Task 1
Task 1
P 0 19059
D 10 19059
R 1 19059
F 10 19059
P 0 19060
D 1 19061
P 1 19193
D 10 19193
F 10 19193
P 1 19193
F 1 19287
P 1 19287
D 10 19287
F 10 19287
P 1 19288
Task 1
P 0 19327
D 10 19327
F 10 19327
P 0 19328
Task 1
Task 1
P 0 19462
D 10 19462
F 10 19462
P 0 19462
Task 1
Task 1
Task 1
P 0 19596
D 10 19596
R 2 19596
F 10 19596
P 0 19597
Task 1
Task 1
P 0 19730
D 10 19730
F 10 19730
P 0 19730
Task 1
Task 1
Task 1
P 0 19864
D 10 19864
F 10 19864
P 0 19864
Task 1
Task 1
P 0 19998
D 10 19999
F 10 19999
P 0 19999
Task 1
Task 1
Task 1
P 0 20133
D 10 20133
R 1 20133
F 10 20133
P 0 20134
Task 1
Task 1
P 0 20267
D 10 20267
F 10 20267
P 0 20267
Task 1
Task 1
