Task: 3 
R 0 0  
R 1 0  
R 2 0  
F 4 0  
D 2 0  
Task 2  
Task 2  
Task 2  
Task 2  
Task 2  
P 2 33  
D 4 33  
F 4 33  
Task 2  
Task 2  
Task 2  
Task 2  
Task 2  
F 2 64  
P 2 64  
D 4 64  
F 4 64  
D 1 64  
P 1 65  
D 4 65  
F 4 65  
Task 1  
Task 1  
Task 1  
Task 1  
Task 1  
P 1 98  
D 4 98  
F 4 98  
Task 1  
Task 1  
Task 1  
Task 1  
Task 1  
P 1 131  
D 4 131  
F 4 131  
Task 1  
Task 1  
Task 1  
Task 1  
Task 1  
P 1 164  
D 4 164  
F 4 164  
Task 1  
Task 1  
Task 1  
Task 1  
Task 1  
F 1 194  
P 1 194  
D 4 194  
F 4 194  
D 0 194  
P 0 196  
D 4 196  
F 4 196  
Task 0  
Task 0  
Task 0  
Task 0  
Task 0  
P 0 229  
D 4 229  
F 4 229  
Task 0  
Task 0  
Task 0  
Task 0  
Task 0  
P 0 262  
D 4 262  
F 4 262  
Task 0  
Task 0  
Task 0  
Task 0  
Task 0  
P 0 295  
D 4 295  
F 4 295  
Task 0  
Task 0  
Task 0  
Task 0  
Task 0  
P 0 327  
D 4 327  
F 4 327  
Task 0  
Task 0  
Task 0  
Task 0  
Task 0  
P 0 360  
D 4 360  
F 4 360  
Task 0  
Task 0  
Task 0  
Task 0  
Task 0  
P 0 393  
D 4 393  
F 4 393  
Task 0  
Task 0  
Task 0  
Task 0  
Task 0  
P 0 426  
D 4 426  
F 4 426  
Task 0  
Task 0  
Task 0  
Task 0  
Task 0  
Task 0  
P 0 458  
D 4 459  
F 4 459  
Task 0  
Task 0  
Task 0  
Task 0  
Task 0  
P 0 491  
D 4 491  
F 4 491  
Task 0  
Task 0  
Task 0  
Task 0  
Task 0  
P 0 524  
D 4 524  
F 4 524  
Task 0  
Task 0  
Task 0  
Task 0  
Task 0  
P 0 557  
D 4 557  
F 4 557  
Task 0  
Task 0  
Task 0  
Task 0  
Task 0  
P 0 590  
D 4 590  
F 4 590  
Task 0  
Task 0  
Task 0  
Task 0  
Task 0  
P 0 622  
D 4 622  
F 4 622  
Task 0  
Task 0  
Task 0  
Task 0  
Task 0  
P 0 655  
D 4 655  
F 4 655  
Task 0  
Task 0  
Task 0  
Task 0  
Task 0  
P 0 688  
D 4 688  
F 4 688  
Task 0  
Task 0  
Task 0  
Task 0  
Task 0  
P 0 721  
D 4 721  
F 4 721  
Task 0  
Task 0  
Task 0  
Task 0  
Task 0  
P 0 753  
D 4 753  
F 4 753  
Task 0  
Task 0  
Task 0  
Task 0  
Task 0  
P 0 786  
D 4 786  
F 4 786  
Task 0  
Task 0  
Task 0  
Task 0  
Task 0  
P 0 819  
D 4 819  
F 4 819  
Task 0  
Task 0  
Task 0  
Task 0  
F 0 839  
P 0 839  
D 4 839  
F 4 839Task: 3
R 0 0
R 1 0
R 2 0
F 4 0
D 2 0
Task 2
Task 2
Task 2
Task 2
Task 2
Task 2
P 2 134
D 4 134
F 4 134
Task 2
Task 2
Task 2
Task 2
D 2 265
P 2 265
D 4 265
F 4 265
D 1 265
P 1 268
D 4 268
F 4 268
Task 1
Task 1
Task 1
Task 1
Task 1
P 1 402
D 4 402
F 4 402
Task 1
Task 1
Task 1
Task 1
Task 1
P 1 536
D 4 536
F 4 536
Task 1
Task 1
Task 1
Task 1
Task 1
Task 1
P 1 671
D 4 671
F 4 671
Task 1
Task 1
Task 1
Task 1
F 1 762
P 1 762
D 4 762
F 4 762
D 0 763
Task 0
P 0 805
D 4 805
F 4 805
Task 0
Task 0
Task 0
Task 0
Task 0
Task 0
P 0 939
D 4 939
F 4 939
Task 0
Task 0
Task 0
Task 0
Task 0
P 0 1073
D 4 1073
F 4 1073
Task 0
Task 0
Task 0
Task 0
Task 0
P 0 1208
D 4 1208
F 4 1208
Task 0
Task 0
Task 0
Task 0
Task 0
Task 0
P 0 1342
D 4 1342
F 4 1342
Task 0
Task 0
Task 0
Task 0
Task 0
P 0 1476
D 4 1476
F 4 1476
Task 0
Task 0
Task 0
Task 0
Task 0
Task 0
P 0 1610
D 4 1610
F 4 1610
Task 0
Task 0
Task 0
Task 0
Task 0
P 0 1744
D 4 1744
F 4 1744
Task 0
Task 0
Task 0
Task 0
Task 0
P 0 1879
D 4 1879
F 4 1879
Task 0
Task 0
Task 0
Task 0
Task 0
Task 0
P 0 2013
D 4 2013
R 2 2013
F 4 2013
D 2 2013
Task 2
Task 2
Task 2
Task 2
Task 2
Task 2
P 2 2147
D 4 2147
F 4 2147
Task 2
Task 2
Task 2
Task 2
D 2 2279
P 2 2280
D 4 2280
F 4 2280
P 0 2281
D 4 2281
F 4 2282
Task 0
Task 0
Task 0
Task 0
Task 0
P 0 2416
D 4 2416
F 4 2416
Task 0
Task 0
Task 0
Task 0
Task 0
Task 0
P 0 2550
D 4 2550
F 4 2550
Task 0
Task 0
Task 0
Task 0
Task 0
P 0 2684
D 4 2684
F 4 2684
Task 0
Task 0
Task 0
Task 0
Task 0
P 0 2818
D 4 2818
F 4 2818
Task 0
Task 0
Task 0
Task 0
Task 0
Task 0
P 0 2952
D 4 2952
F 4 2952
Task 0
Task 0
Task 0
Task 0
Task 0
P 0 3087
D 4 3087
F 4 3087
Task 0
Task 0
Task 0
Task 0
Task 0
Task 0
P 0 3221
D 4 3221
F 4 3221
Task 0
Task 0
Task 0
Task 0
Task 0
P 0 3355
D 4 3355
F 4 3355
Task 0
Task 0
Task 0
Task 0
Task 0
P 0 3489
D 4 3489
F 4 3489
Task 0
Task 0
F 0 3514
P 0 3515
D 4 3515
F 4 3515
IDLE 3516
P 3 3623
D 4 3623
F 4 3624
IDLE 3624
P 3 3758
D 4 3758
F 4 3758
IDLE 3758
P 3 3892
D 4 3892
F 4 3892
IDLE 3892
P 3 4026
D 4 4026
R 2 4026
F 4 4026
D 2 4027
Task 2
Task 2
Task 2
Task 2
Task 2
Task 2
P 2 4160
D 4 4160
F 4 4160
Task 2
Task 2
Task 2
Task 2
D 2 4293
P 2 4293
D 4 4293
F 4 4293
IDLE 4293
P 3 4295
D 4 4295
F 4 4296
IDLE 4297
P 3 4429
D 4 4429
F 4 4429
IDLE 4429
P 3 4563
D 4 4563
F 4 4563
IDLE 4563
P 3 4697
D 4 4697
F 4 4697
IDLE 4697
P 3 4831
D 4 4831
F 4 4831
IDLE 4831
P 3 4966
D 4 4966
F 4 4966
IDLE 4966
P 3 5100
D 4 5100
R 1 5100
F 4 5100
D 1 5100
Task 1
Task 1
Task 1
Task 1
Task 1
P 1 5234
D 4 5234
F 4 5234
Task 1
Task 1
Task 1
Task 1
Task 1
P 1 5368
D 4 5368
F 4 5368
Task 1
Task 1
Task 1
Task 1
Task 1
Task 1
P 1 5503
D 4 5503
F 4 5503
Task 1
Task 1
Task 1
Task 1
F 1 5598
P 1 5598
D 4 5598
F 4 5598
IDLE 5599
P 3 5637
D 4 5637
F 4 5637
IDLE 5637
P 3 5771
D 4 5771
F 4 5771
IDLE 5771
Task: 3
R 0 0
R 1 0
R 2 0
F 4 0
D 2 0
Task 2
Task 2
Task 2
Task 2
Task 2
Task 2
P 2 134
D 4 134
F 4 134
Task 2
Task 2
Task 2
Task 2
D 2 265
P 2 265
D 4 265
F 4 265
D 1 265
P 1 268
D 4 268
F 4 268
Task 1
Task 1
Task 1
Task 1
Task 1
P 1 402
D 4 402
F 4 402
Task 1
Task 1
Task 1
Task 1
Task 1
P 1 537
D 4 537
F 4 537
Task 1
Task 1
Task 1
Task 1
Task 1
Task 1
P 1 671
D 4 671
F 4 671
Task 1
Task 1
Task 1
Task 1
F 1 762
P 1 762
D 4 762
F 4 762
D 0 763
Task 0
P 0 805
D 4 805
F 4 805
Task 0
Task 0
Task 0
Task 0
Task 0
Task 0
P 0 939
D 4 939
F 4 939
Task 0
Task 0
Task 0
Task 0
Task 0
P 0 1073
D 4 1073
F 4 1073
Task 0
Task 0
Task 0
Task 0
Task 0
P 0 1208
D 4 1208
F 4 1208
Task 0
Task 0
Task 0
Task 0
Task 0
Task 0
P 0 1342
D 4 1342
F 4 1342
Task 0
Task 0
Task 0
Task 0
Task 0
P 0 1476
D 4 1476
F 4 1476
Task 0
Task 0
Task 0
Task 0
Task 0
Task 0
P 0 1610
D 4 1610
F 4 1610
Task 0
Task 0
Task 0
Task 0
Task 0
P 0 1745
D 4 1745
F 4 1745
Task 0
Task 0
Task 0
Task 0
Task 0
P 0 1879
D 4 1879
F 4 1879
Task 0
Task 0
Task 0
Task 0
