Task: 10
P 10 135
D 10 135
R 0 0
R 1 0
R 2 0
F 10 1
P 2 1
Task 3
Task 3
Task 3
P 2 134
D 10 134
F 10 134
P 2 134
Task 3
Task 3
P 2 268
D 10 269
F 10 269
P 2 269
Task 3
Task 3
Task 3
P 2 403
D 10 403
F 10 403
P 2 403
Task 3
Task 3
P 2 537
D 10 537
F 10 537
P 2 537
P 2 671
D 10 671
F 10 671
P 1 671
D 1 672
F 1 784
P 1 805
D 10 805
F 10 805
P 0 805
D 0 806
Task 1
Task 1
P 0 940
D 10 940
F 10 940
P 0 940
Task 1
Task 1
Task 1
P 0 1074
D 10 1074
R 2 1074
F 10 1074
P 2 1075
Task 3
Task 3
Task 3
P 2 1208
D 10 1208
F 10 1208
P 2 1208
Task 3
Task 3
P 2 1342
D 10 1342
F 10 1342
P 2 1342
Task 3
Task 3
Task 3
P 2 1476
D 10 1476
F 10 1477
P 2 1477
Task 3
Task 3
P 2 1611
D 10 1611
F 10 1611
P 2 1611
P 2 1745
D 10 1745
F 10 1745
P 0 1745
Task 1
Task 1
P 0 1879
D 10 1879
F 10 1879
P 0 1879
Task 1
Task 1
Task 1
F 0 2008
P 0 2013
D 10 2013
R 2 2013
F 10 2013
P 2 2014
Task 3
Task 3
Task 3
P 2 2148
D 10 2148
F 10 2148
P 2 2148
Task 3
Task 3
P 2 2282
D 10 2282
F 10 2282
P 2 2282
Task 3
Task 3
Task 3
P 2 2416
D 10 2416
F 10 2416
P 2 2416
Task 3
Task 3
P 2 2550
D 10 2550
F 10 2550
P 2 2550
P 2 2684
D 10 2684
F 10 2684
P -1 2685
IDLE 2685
P -1 2819
D 10 2819
F 10 2819
P -1 2819
IDLE 2820
P -1 2953
D 10 2953
F 10 2953
P -1 2953
IDLE 2954
P -1 3087
D 10 3087
R 2 3087
F 10 3087
P 2 3088
Task 3
Task 3
Task 3
P 2 3221
D 10 3221
F 10 3221
P 2 3221
Task 3
Task 3
P 2 3355
D 10 3356
F 10 3356
P 2 3356
Task 3
Task 3
Task 3
P 2 3490
D 10 3490
F 10 3490
P 2 3490
Task 3
Task 3
P 2 3624
D 10 3624
F 10 3624
P 2 3624
P 2 3758
D 10 3758
F 10 3758
P -1 3758
IDLE 3759
P -1 3892
D 10 3892
F 10 3892
P -1 3892
IDLE 3893
P -1 4027
D 10 4027
R 2 4027
F 10 4027
P 2 4027
Task 3
Task 3
Task 3
P 2 4161
D 10 4161
F 10 4161
P 2 4161
Task 3
Task 3
P 2 4295
D 10 4295
F 10 4295
P 2 4295
Task 3
Task 3
Task 3
P 2 4429
D 10 4429
F 10 4429
P 2 4429
Task 3
Task 3
P 2 4563
D 10 4563
F 10 4564
P 2 4564
P 2 4698
D 10 4698
F 10 4698
P -1 4698
IDLE 4699
P -1 4832
D 10 4832
F 10 4832
P -1 4832
IDLE 4833
P -1 4966
D 10 4966
F 10 4966
P -1 4966
IDLE 4967
P -1 5100
D 10 5100
R 1 5100
R 2 5100
F 10 5101
P 2 5102
Task 3
Task 3
Task 3
P 2 5235
D 10 5235
F 10 5235
P 2 5235
Task 3
Task 3
P 2 5369
D 10 5369
F 10 5369
P 2 5369
Task 3
Task 3
Task 3
P 2 5503
D 10 5503
F 10 5503
P 2 5503
Task 3
Task 3
P 2 5637
D 10 5637
F 10 5637
P 2 5637
P 2 5771
D 10 5771
F 10 5771
P 1 5772
D 1 5772
F 1 5885
P 1 5906
D 10 5906
F 10 5906
P -1 5906
IDLE 5906
P -1 6040
D 10 6040
R 2 6040
F 10 6040
P 2 6041
Task 3
Task 3
Task 3
P 2 6174
D 10 6174
F 10 6174
P 2 6174
Task 3
Task 3
P 2 6308
D 10 6308
F 10 6308
P 2 6308
Task 3
Task 3
Task 3
P 2 6442
D 10 6443
F 10 6443
P 2 6443
Task 3
Task 3
P 2 6577
D 10 6577
F 10 6577
P 2 6577
P 2 6711
D 10 6711
F 10 6711
P -1 6711
IDLE 6712
P -1 6845
D 10 6845
F 10 6845
P -1 6845
IDLE 6846
P -1 6979
D 10 6979
F 10 6979
P -1 6979
IDLE 6980
P -1 7114
D 10 7114
R 2 7114
F 10 7114
P 2 7114
Task 3
Task 3
Task 3
P 2 7248
D 10 7248
F 10 7248
P 2 7248
Task 3
Task 3
P 2 7382
D 10 7382
F 10 7382
P 2 7382
Task 3
Task 3
Task 3
P 2 7516
D 10 7516
F 10 7516
P 2 7516
Task 3
Task 3
P 2 7650
D 10 7650
F 10 7651
P 2 7651
P 2 7785
D 10 7785
F 10 7785
P -1 7785
IDLE 7786
P -1 7919
D 10 7919
F 10 7919
P -1 7919
IDLE 7920
P -1 8053
D 10 8053
R 2 8053
F 10 8053
P 2 8054
Task 3
Task 3
Task 3
P 2 8187
D 10 8187
F 10 8187
P 2 8187
Task 3
Task 3
P 2 8322
D 10 8322
F 10 8322
P 2 8322
Task 3
Task 3
Task 3
P 2 8456
D 10 8456
F 10 8456
P 2 8456
Task 3
Task 3
P 2 8590
D 10 8590
F 10 8590
P 2 8590
P 2 8724
D 10 8724
F 10 8724
P -1 8724
IDLE 8725
P -1 8858
D 10 8858
F 10 8858
P -1 8859
IDLE 8859
P -1 8993
D 10 8993
F 10 8993
P -1 8993
IDLE 8994
P -1 9127
D 10 9127
R 2 9127
F 10 9127
P 2 9128
Task 3
Task 3
Task 3
P 2 9261
D 10 9261
F 10 9261
P 2 9261
Task 3
Task 3
P 2 9395
D 10 9395
F 10 9395
P 2 9395
Task 3
Task 3
Task 3
P 2 9529
D 10 9530
F 10 9530
P 2 9530
Task 3
Task 3
P 2 9664
D 10 9664
F 10 9664
P 2 9664
P 2 9798
D 10 9798
F 10 9798
P -1 9798
IDLE 9799
P -1 9932
D 10 9932
F 10 9932
P -1 9932
IDLE 9933
P -1 10066
D 10 10066
R 0 10066
R 1 10067
R 2 10068
F 10 10068
P 2 10070
Task 3
Task 3
Task 3
P 2 10201
D 10 10201
F 10 10201
P 2 10201
Task 3
Task 3
P 2 10335
D 10 10335
F 10 10335
P 2 10335
Task 3
Task 3
Task 3
P 2 10469
D 10 10469
F 10 10469
P 2 10469
Task 3
Task 3
P 2 10603
D 10 10603
F 10 10603
P 2 10603
P 2 10737
D 10 10737
F 10 10738
P 1 10738
D 1 10739
F 1 10852
P 1 10872
D 10 10872
F 10 10872
P 0 10872
D 0 10873
Task 1
Task 1
P 0 11006
D 10 11006
R 2 11006
F 10 11006
P 2 11007
Task 3
Task 3
Task 3
P 2 11140
D 10 11140
F 10 11140
P 2 11140
Task 3
Task 3
P 2 11274
D 10 11274
F 10 11274
P 2 11275
Task 3
Task 3
Task 3
P 2 11409
D 10 11409
F 10 11409
P 2 11409
Task 3
Task 3
P 2 11543
D 10 11543
F 10 11543
P 2 11543
P 2 11677
D 10 11677
F 10 11677
P 0 11677
Task 1
Task 1
Task 1
P 0 11811
D 10 11811
F 10 11811
P 0 11811
Task 1
Task 1
P 0 11945
D 10 11945
F 10 11945
P 0 11946
Task 1
Task 1
Task 1
F 0 12076
P 0 12080
D 10 12080
R 2 12080
F 10 12080
P 2 12081
Task 3
Task 3
Task 3
P 2 12214
D 10 12214
F 10 12214
P 2 12214
Task 3
Task 3
P 2 12348
D 10 12348
F 10 12348
P 2 12348
Task 3
Task 3
Task 3
P 2 12482
D 10 12482
F 10 12482
P 2 12482
Task 3
Task 3
P 2 12616
D 10 12617
F 10 12617
P 2 12617
P 2 12751
D 10 12751
F 10 12751
P -1 12751
IDLE 12752
P -1 12885
D 10 12885
F 10 12885
P -1 12885
IDLE 12886
P -1 13019
D 10 13019
R 2 13019
F 10 13019
P 2 13020
Task 3
Task 3
Task 3
P 2 13153
D 10 13153
F 10 13153
P 2 13154
Task 3
Task 3
P 2 13288
D 10 13288
F 10 13288
P 2 13288
Task 3
Task 3
Task 3
P 2 13422
D 10 13422
F 10 13422
P 2 13422
Task 3
Task 3
P 2 13556
D 10 13556
F 10 13556
P 2 13556
P 2 13690
D 10 13690
F 10 13690
P -1 13690
IDLE 13691
P -1 13824
D 10 13824
F 10 13825
P -1 13825
IDLE 13826
P -1 13959
D 10 13959
F 10 13959
P -1 13959
IDLE 13960
P -1 14093
D 10 14093
R 2 14093
F 10 14093
P 2 14094
Task 3
Task 3
Task 3
P 2 14227
D 10 14227
F 10 14227
P 2 14227
Task 3
Task 3
P 2 14361
D 10 14361
F 10 14361
P 2 14362
Task 3
Task 3
Task 3
P 2 14496
D 10 14496
F 10 14496
P 2 14496
Task 3
Task 3
P 2 14630
D 10 14630
F 10 14630
P 2 14630
P 2 14764
D 10 14764
F 10 14764
P -1 14764
IDLE 14765
P -1 14898
D 10 14898
F 10 14898
P -1 14898
IDLE 14900
P -1 15032
D 10 15032
R 1 15032
R 2 15033
F 10 15034
P 2 15035
Task 3
Task 3
Task 3
P 2 15167
D 10 15167
F 10 15167
P 2 15167
Task 3
Task 3
P 2 15301
D 10 15301
F 10 15301
P 2 15301
Task 3
Task 3
Task 3
P 2 15435
D 10 15435
F 10 15435
P 2 15435
Task 3
Task 3
P 2 15569
D 10 15569
F 10 15569
P 2 15569
P 2 15704
D 10 15704
F 10 15704
P 1 15704
D 1 15705
F 1 15818
P 1 15838
D 10 15838
F 10 15838
P -1 15838
IDLE 15839
P -1 15972
D 10 15972
F 10 15972
P -1 15972
IDLE 15973
P -1 16106
D 10 16106
R 2 16106
F 10 16106
P 2 16107
Task 3
Task 3
Task 3
P 2 16240
D 10 16240
F 10 16240
P 2 16241
Task 3
Task 3
P 2 16375
D 10 16375
F 10 16375
P 2 16375
Task 3
Task 3
Task 3
P 2 16509
D 10 16509
F 10 16509
P 2 16509
Task 3
Task 3
P 2 16643
D 10 16643
F 10 16643
P 2 16643
P 2 16777
D 10 16777
F 10 16777
P -1 16777
IDLE 16778
P -1 16911
D 10 16912
F 10 16912
P -1 16912
IDLE 16913
P -1 17046
D 10 17046
R 2 17046
F 10 17046
P 2 17047
Task 3
Task 3
Task 3
P 2 17180
D 10 17180
F 10 17180
P 2 17180
Task 3
Task 3
P 2 17314
D 10 17314
F 10 17314
P 2 17314
Task 3
Task 3
Task 3
P 2 17448
D 10 17448
F 10 17448
P 2 17449
Task 3
Task 3
P 2 17583
D 10 17583
F 10 17583
P 2 17583
P 2 17717
D 10 17717
F 10 17717
P -1 17717
IDLE 17718
P -1 17851
D 10 17851
F 10 17851
P -1 17851
IDLE 17852
P -1 17985
D 10 17985
F 10 17985
P -1 17985
IDLE 17987
P -1 18119
D 10 18119
R 2 18120
F 10 18120
P 2 18121
Task 3
Task 3
Task 3
P 2 18254
D 10 18254
F 10 18254
P 2 18254
Task 3
Task 3
P 2 18388
D 10 18388
F 10 18388
P 2 18388
Task 3
Task 3
Task 3
P 2 18522
D 10 18522
F 10 18522
P 2 18522
Task 3
Task 3
P 2 18656
D 10 18656
F 10 18656
P 2 18656
P 2 18791
D 10 18791
F 10 18791
P -1 18791
IDLE 18792
P -1 18925
D 10 18925
F 10 18925
P -1 18925
IDLE 18926
P -1 19059
D 10 19059
R 2 19059
F 10 19059
P 2 19060
Task 3
Task 3
Task 3
P 2 19193
D 10 19193
F 10 19193
P 2 19193
Task 3
Task 3
P 2 19327
D 10 19327
F 10 19327
P 2 19328
Task 3
Task 3
Task 3
P 2 19462
D 10 19462
F 10 19462
P 2 19462
Task 3
Task 3
P 2 19596
D 10 19596
F 10 19596
P 2 19596
P 2 19730
D 10 19730
F 10 19730
P -1 19730
IDLE 19731
P -1 19864
D 10 19864
F 10 19864
P -1 19865
IDLE 19866
P -1 19998
D 10 19999
F 10 19999
P -1 19999
IDLE 20000
P -1 20133
D 10 20133
R 0 20133
R 1 20133
R 2 20134
F 10 20135
P 2 20136
Task 3
Task 3
Task 3
P 2 20267
D 10 20267
F 10 20267
P 2 20267
Task 3
Task 3
P 2 20401
D 10 20401
F 10 20401
P 2 20401
Task 3
Task 3
Task 3
P 2 20535
D 10 20535
F 10 20535
P 2 20536
Task 3
Task 3
P 2 20670
D 10 20670
F 10 20670
P 2 20670
P 2 20804
D 10 20804
F 10 20804
P 1 20804
D 1 20805
F 1 20918
P 1 20938
D 10 20938
F 10 20938
P 0 20938
D 0 20939
Task 1
Task 1
P 0 21072
D 10 21072
R 2 21072
F 10 21072
P 2 21073
Task 3
Task 3
Task 3
P 2 21206
D 10 21206
F 10 21207
P 2 21207
Task 3
Task 3
P 2 21341
D 10 21341
F 10 21341
P 2 21341
Task 3
Task 3
Task 3
P 2 21475
D 10 21475
F 10 21475
P 2 21475
Task 3
Task 3
P 2 21609
D 10 21609
F 10 21609
P 2 21609
P 2 21743
D 10 21743
F 10 21743
P 0 21743
Task 1
Task 1
Task 1
P 0 21878
D 10 21878
F 10 21878
P 0 21878
Task 1
Task 1
P 0 22012
D 10 22012
R 2 22012
F 10 22012
P 2 22013
Task 3
Task 3
Task 3
P 2 22146
D 10 22146
F 10 22146
P 2 22146
Task 3
Task 3
P 2 22280
D 10 22280
F 10 22280
P 2 22280
Task 3
Task 3
Task 3
P 2 22414
D 10 22414
F 10 22414
P 2 22415
Task 3
Task 3
P 2 22549
D 10 22549
F 10 22549
P 2 22549
P 2 22683
D 10 22683
F 10 22683
P 0 22683
Task 1
Task 1
Task 1
F 0 22814
P 0 22817
D 10 22817
F 10 22817
P -1 22817
IDLE 22818
P -1 22951
D 10 22951
F 10 22951
P -1 22952
IDLE 22953
P -1 23085
D 10 23086
R 2 23086
F 10 23086
P 2 23087
Task 3
Task 3
Task 3
P 2 23220
D 10 23220
F 10 23220
P 2 23220
Task 3
Task 3
P 2 23354
D 10 23354
F 10 23354
P 2 23354
Task 3
Task 3
Task 3
P 2 23488
D 10 23488
F 10 23488
P 2 23488
Task 3
Task 3
P 2 23622
D 10 23622
F 10 23622
P 2 23623
P 2 23757
D 10 23757
F 10 23757
P -1 23757
IDLE 23758
P -1 23891
D 10 23891
F 10 23891
P -1 23891
IDLE 23892
P -1 24025
D 10 24025
R 2 24025
F 10 24025
P 2 24026
Task 3
Task 3
Task 3
P 2 24159
D 10 24159
F 10 24159
P 2 24159
Task 3
Task 3
P 2 24293
D 10 24293
F 10 24294
P 2 24294
Task 3
Task 3
Task 3
P 2 24428
D 10 24428
F 10 24428
P 2 24428
Task 3
Task 3
P 2 24562
D 10 24562
F 10 24562
P 2 24562
P 2 24696
D 10 24696
F 10 24696
P -1 24696
IDLE 24697
P -1 24830
D 10 24830
F 10 24830
P -1 24831
IDLE 24832
P -1 24965
D 10 24965
F 10 24965
P -1 24965
IDLE 24966
P -1 25099
D 10 25099
R 1 25099
R 2 25099
F 10 25100
P 2 25101
Task 3
Task 3
Task 3
P 2 25233
D 10 25233
F 10 25233
P 2 25233
Task 3
Task 3
P 2 25367
D 10 25367
F 10 25367
P 2 25367
Task 3
Task 3
Task 3
P 2 25501
D 10 25501
F 10 25501
P 2 25502
Task 3
Task 3
P 2 25636
D 10 25636
F 10 25636
P 2 25636
P 2 25770
D 10 25770
F 10 25770
P 1 25770
D 1 25771
F 1 25884
P 1 25904
D 10 25904
F 10 25904
P -1 25904
IDLE 25905
P -1 26038
D 10 26038
R 2 26038
F 10 26038
P 2 26040
Task 3
Task 3
Task 3
P 2 26172
D 10 26173
F 10 26173
P 2 26173
Task 3
Task 3
P 2 26307
D 10 26307
F 10 26307
P 2 26307
Task 3
Task 3
Task 3
P 2 26441
D 10 26441
F 10 26441
P 2 26441
Task 3
Task 3
P 2 26575
D 10 26575
F 10 26575
P 2 26575
P 2 26709
D 10 26709
F 10 26709
P -1 26710
IDLE 26711
P -1 26844
D 10 26844
F 10 26844
P -1 26844
IDLE 26845
P -1 26978
D 10 26978
F 10 26978
P -1 26978
IDLE 26979
P -1 27112
D 10 27112
R 2 27112
F 10 27112
P 2 27113
Task 3
Task 3
Task 3
P 2 27246
D 10 27246
F 10 27246
P 2 27246
Task 3
Task 3
P 2 27380
D 10 27380
F 10 27381
P 2 27381
Task 3
Task 3
Task 3
P 2 27515
D 10 27515
F 10 27515
P 2 27515
Task 3
Task 3
P 2 27649
D 10 27649
F 10 27649
P 2 27649
P 2 27783
D 10 27783
F 10 27783
P -1 27783
IDLE 27784
P -1 27917
D 10 27917
F 10 27917
P -1 27918
IDLE 27919
P -1 28052
D 10 28052
R 2 28052
F 10 28052
P 2 28053
Task 3
Task 3
Task 3
P 2 28186
D 10 28186
F 10 28186
P 2 28186
Task 3
Task 3
P 2 28320
D 10 28320
F 10 28320
P 2 28320
Task 3
Task 3
Task 3
P 2 28454
D 10 28454
F 10 28454
P 2 28454
Task 3
Task 3
P 2 28588
D 10 28588
F 10 28588
P 2 28589
P 2 28723
D 10 28723
F 10 28723
P -1 28723
IDLE 28724
P -1 28857
D 10 28857
F 10 28857
P -1 28857
IDLE 28858
P -1 28991
D 10 28991
F 10 28991
P -1 28991
IDLE 28992
P -1 29125
D 10 29125
R 2 29125
F 10 29125
P 2 29127
Task 3
Task 3
Task 3
P 2 29259
D 10 29260
F 10 29260
P 2 29260
Task 3
Task 3
P 2 29394
D 10 29394
F 10 29394
P 2 29394
Task 3
Task 3
Task 3
P 2 29528
D 10 29528
F 10 29528
P 2 29528
Task 3
Task 3
P 2 29662
D 10 29662
F 10 29662
P 2 29662
P 2 29796
D 10 29796
F 10 29796
P -1 29797
IDLE 29798
P -1 29931
D 10 29931
F 10 29931
P -1 29931
IDLE 29932
P -1 30065
D 10 30065
R 0 30065
R 1 30065
R 2 30066
F 10 30067
P 2 30068
Task 3
Task 3
Task 3
P 2 30199
D 10 30199
F 10 30199
P 2 30199
Task 3
Task 3
P 2 30333
D 10 30333
F 10 30333
P 2 30333
Task 3
Task 3
Task 3
P 2 30467
D 10 30467
F 10 30468
P 2 30468
Task 3
Task 3
P 2 30602
D 10 30602
F 10 30602
P 2 30602
P 2 30736
D 10 30736
F 10 30736
P 1 30736
D 1 30737
F 1 30850
P 1 30870
D 10 30870
F 10 30870
P 0 30870
D 0 30871
Task 1
Task 1
P 0 31004
D 10 31004
R 2 31004
F 10 31004
P 2 31005
Task 3
Task 3
Task 3
P 2 31139
D 10 31139
F 10 31139
P 2 31139
Task 3
Task 3
P 2 31273
D 10 31273
F 10 31273
P 2 31273
Task 3
Task 3
Task 3
P 2 31407
D 10 31407
F 10 31407
P 2 31407
Task 3
Task 3
P 2 31541
D 10 31541
F 10 31541
P 2 31541
P 2 31675
D 10 31675
F 10 31676
P 0 31676
Task 1
Task 1
Task 1
P 0 31810
D 10 31810
F 10 31810
P 0 31810
Task 1
Task 1
P 0 31944
D 10 31944
F 10 31944
P 0 31944
Task 1
Task 1
Task 1
F 0 32075
P 0 32078
D 10 32078
R 2 32078
F 10 32078
P 2 32079
Task 3
Task 3
Task 3
P 2 32212
D 10 32212
F 10 32212
P 2 32212
Task 3
Task 3
P 2 32347
D 10 32347
F 10 32347
P 2 32347
Task 3
Task 3
Task 3
P 2 32481
D 10 32481
F 10 32481
P 2 32481
Task 3
Task 3
P 2 32615
D 10 32615
F 10 32615
P 2 32615
P 2 32749
D 10 32749
F 10 32749
P -1 32749
IDLE 32750
P -1 32883
D 10 32883
F 10 32883
P -1 32884
IDLE 32885
P -1 33018
D 10 33018
R 2 33018
F 10 33018
P 2 33019
Task 3
Task 3
Task 3
P 2 33152
D 10 33152
F 10 33152
P 2 33152
Task 3
Task 3
P 2 33286
D 10 33286
F 10 33286
P 2 33286
Task 3
Task 3
Task 3
P 2 33420
D 10 33420
F 10 33420
P 2 33420
Task 3
Task 3
P 2 33554
D 10 33554
F 10 33555
P 2 33555
P 2 33689
D 10 33689
F 10 33689
P -1 33689
IDLE 33690
P -1 33823
D 10 33823
F 10 33823
P -1 33823
IDLE 33824
P -1 33957
D 10 33957
F 10 33957
P -1 33957
IDLE 33958
P -1 34091
D 10 34091
R 2 34091
F 10 34092
P 2 34093
Task 3
Task 3
Task 3
P 2 34226
D 10 34226
F 10 34226
P 2 34226
Task 3
Task 3
P 2 34360
D 10 34360
F 10 34360
P 2 34360
Task 3
Task 3
Task 3
P 2 34494
D 10 34494
F 10 34494
P 2 34494
Task 3
Task 3
P 2 34628
D 10 34628
F 10 34628
P 2 34628
P 2 34762
D 10 34762
F 10 34763
P -1 34763
IDLE 34764
P -1 34897
D 10 34897
F 10 34897
P -1 34897
IDLE 34898
P -1 35031
D 10 35031
R 1 35031
R 2 35031
F 10 35032
P 2 35033
Task 3
Task 3
Task 3
P 2 35165
D 10 35165
F 10 35165
P 2 35165
Task 3
Task 3
P 2 35299
D 10 35299
F 10 35299
P 2 35299
Task 3
Task 3
Task 3
P 2 35434
D 10 35434
F 10 35434
P 2 35434
Task 3
Task 3
P 2 35568
D 10 35568
F 10 35568
P 2 35568
P 2 35702
D 10 35702
F 10 35702
P 1 35702
D 1 35703
F 1 35816
P 1 35836
D 10 35836
F 10 35836
P -1 35836
IDLE 35837
P -1 35970
D 10 35970
F 10 35970
P -1 35971
IDLE 35972
P -1 36105
D 10 36105
R 2 36105
F 10 36105
P 2 36106
Task 3
Task 3
Task 3
P 2 36239
D 10 36239
F 10 36239
P 2 36239
Task 3
Task 3
P 2 36373
D 10 36373
F 10 36373
P 2 36373
Task 3
Task 3
Task: 10
P 10 135
D 10 135
R 0 0
R 1 0
R 2 0
F 10 1
P 2 1
P 2 134
D 10 134
F 10 134
P 1 134
D 1 135
F 1 247
P 1 268
D 10 268
F 10 269
P 0 269
D 0 269
Task 1
Task 1
P 0 403
D 10 403
F 10 403
P 0 403
Task 1
Task 1
Task 1
P 0 537
D 10 537
F 10 537
P 0 537
Task 1
Task 1
P 0 671
D 10 671
F 10 671
P 0 671
Task 1
Task 1
Task 1
F 0 799
P 0 805
D 10 805
F 10 805
P -1 805
IDLE 806
P -1 940
D 10 940
F 10 940
P -1 940
IDLE 940
P -1 1074
D 10 1074
R 2 1074
F 10 1074
P 2 1075
P 2 1208
D 10 1208
F 10 1208
P -1 1208
IDLE 1209
P -1 1342
D 10 1342
F 10 1342
P -1 1342
IDLE 1343
P -1 1476
D 10 1476
F 10 1477
P -1 1477
IDLE 1477
P -1 1611
D 10 1611
F 10 1611
P -1 1611
IDLE 1612
P -1 1745
D 10 1745
F 10 1745
P -1 1745
IDLE 1746
P -1 1879
D 10 1879
F 10 1879
P -1 1879
IDLE 1880
P -1 2013
D 10 2013
R 2 2013
F 10 2013
P 2 2014
P 2 2148
D 10 2148
F 10 2148
P -1 2148
IDLE 2148
P -1 2282
D 10 2282
F 10 2282
P -1 2282
IDLE 2283
P -1 2416
D 10 2416
F 10 2416
P -1 2416
IDLE 2417
P -1 2550
D 10 2550
F 10 2550
P -1 2550
IDLE 2551
P -1 2684
D 10 2684
F 10 2684
P -1 2684
IDLE 2685
P -1 2819
D 10 2819
F 10 2819
P -1 2819
IDLE 2820
P -1 2953
D 10 2953
F 10 2953
P -1 2953
IDLE 2954
P -1 3087
D 10 3087
R 2 3087
F 10 3087
P 2 3088
P 2 3221
D 10 3221
F 10 3221
P -1 3221
IDLE 3222
P -1 3355
D 10 3356
F 10 3356
P -1 3356
IDLE 3356
P -1 3490
D 10 3490
F 10 3490
P -1 3490
IDLE 3491
P -1 3624
D 10 3624
F 10 3624
P -1 3624
IDLE 3625
P -1 3758
D 10 3758
F 10 3758
P -1 3758
IDLE 3759
P -1 3892
D 10 3892
F 10 3892
P -1 3892
IDLE 3893
P -1 4027
D 10 4027
R 2 4027
F 10 4027
P 2 4027
P 2 4161
D 10 4161
F 10 4161
P -1 4161
IDLE 4162
P -1 4295
D 10 4295
F 10 4295
P -1 4295
IDLE 4296
P -1 4429
D 10 4429
F 10 4429
P -1 4429
IDLE 4430
P -1 4563
D 10 4563
F 10 4564
P -1 4564
IDLE 4564
P -1 4698
D 10 4698
F 10 4698
P -1 4698
IDLE 4699
P -1 4832
D 10 4832
F 10 4832
P -1 4832
IDLE 4833
P -1 4966
D 10 4966
F 10 4966
P -1 4966
IDLE 4967
P -1 5100
D 10 5100
R 1 5100
R 2 5100
F 10 5101
P 2 5102
P 2 5235
D 10 5235
F 10 5235
P 1 5235
D 1 5235
F 1 5348
P 1 5369
D 10 5369
F 10 5369
P -1 5369
IDLE 5370
P -1 5503
D 10 5503
F 10 5503
P -1 5503
IDLE 5504
P -1 5637
D 10 5637
F 10 5637
P -1 5637
IDLE 5638
P -1 5771
D 10 5771
F 10 5771
P -1 5772
IDLE 5772
P -1 5906
D 10 5906
F 10 5906
P -1 5906
IDLE 5907
P -1 6040
D 10 6040
R 2 6040
F 10 6040
P 2 6041
P 2 6174
D 10 6174
F 10 6174
P -1 6174
IDLE 6175
P -1 6308
D 10 6308
F 10 6308
P -1 6308
IDLE 6309
P -1 6442
D 10 6443
F 10 6443
P -1 6443
IDLE 6443
P -1 6577
D 10 6577
F 10 6577
P -1 6577
IDLE 6578
P -1 6711
D 10 6711
F 10 6711
P -1 6711
IDLE 6712
P -1 6845
D 10 6845
F 10 6845
P -1 6845
IDLE 6846
P -1 6979
D 10 6979
F 10 6979
P -1 6979
IDLE 6980
P -1 7114
D 10 7114
R 2 7114
F 10 7114
P 2 7114
P 2 7248
D 10 7248
F 10 7248
P -1 7248
IDLE 7249
P -1 7382
D 10 7382
F 10 7382
P -1 7382
IDLE 7383
P -1 7516
D 10 7516
F 10 7516
P -1 7516
IDLE 7517
P -1 7650
D 10 7650
F 10 7651
P -1 7651
IDLE 7651
P -1 7785
D 10 7785
F 10 7785
P -1 7785
IDLE 7786
P -1 7919
D 10 7919
F 10 7919
P -1 7919
IDLE 7920
P -1 8053
D 10 8053
R 2 8053
F 10 8053
P 2 8054
P 2 8187
D 10 8187
F 10 8187
P -1 8187
IDLE 8188
P -1 8322
D 10 8322
F 10 8322
P -1 8322
IDLE 8323
P -1 8456
D 10 8456
F 10 8456
P -1 8456
IDLE 8457
P -1 8590
D 10 8590
F 10 8590
P -1 8590
IDLE 8591
P -1 8724
D 10 8724
F 10 8724
P -1 8724
IDLE 8725
P -1 8858
D 10 8858
F 10 8858
P -1 8859
IDLE 8859
P -1 8993
D 10 8993
F 10 8993
P -1 8993
IDLE 8994
P -1 9127
D 10 9127
R 2 9127
F 10 9127
P 2 9128
P 2 9261
D 10 9261
F 10 9261
P -1 9261
IDLE 9262
P -1 9395
D 10 9395
F 10 9395
P -1 9395
IDLE 9396
P -1 9529
D 10 9530
F 10 9530
P -1 9530
IDLE 9530
P -1 9664
D 10 9664
F 10 9664
P -1 9664
IDLE 9665
P -1 9798
D 10 9798
F 10 9798
P -1 9798
IDLE 9799
P -1 9932
D 10 9932
F 10 9932
P -1 9932
IDLE 9933
P -1 10066
D 10 10066
R 0 10066
R 1 10067
R 2 10068
F 10 10068
P 2 10070
P 2 10201
D 10 10201
F 10 10201
P 1 10201
D 1 10202
F 1 10315
P 1 10335
D 10 10335
F 10 10335
P 0 10335
D 0 10336
Task 1
Task 1
P 0 10469
D 10 10469
F 10 10469
P 0 10469
Task 1
Task 1
Task 1
P 0 10603
D 10 10603
F 10 10603
P 0 10603
Task 1
Task 1
P 0 10737
D 10 10737
F 10 10738
P 0 10738
Task 1
Task 1
Task 1
F 0 10868
P 0 10872
D 10 10872
F 10 10872
P -1 10872
IDLE 10873
P -1 11006
D 10 11006
R 2 11006
F 10 11006
P 2 11007
P 2 11140
D 10 11140
F 10 11140
P -1 11140
IDLE 11141
P -1 11274
D 10 11274
F 10 11274
P -1 11275
IDLE 11276
P -1 11409
D 10 11409
F 10 11409
P -1 11409
IDLE 11410
P -1 11543
D 10 11543
F 10 11543
P -1 11543
IDLE 11544
P -1 11677
D 10 11677
F 10 11677
P -1 11677
IDLE 11678
P -1 11811
D 10 11811
F 10 11811
P -1 11811
IDLE 11813
P -1 11945
D 10 11945
F 10 11945
P -1 11946
IDLE 11947
P -1 12080
D 10 12080
R 2 12080
F 10 12080
P 2 12081
P 2 12214
D 10 12214
F 10 12214
P -1 12214
IDLE 12215
P -1 12348
D 10 12348
F 10 12348
P -1 12348
IDLE 12349
P -1 12482
D 10 12482
F 10 12482
P -1 12483
IDLE 12484
P -1 12616
D 10 12617
F 10 12617
P -1 12617
IDLE 12618
P -1 12751
D 10 12751
F 10 12751
P -1 12751
IDLE 12752
P -1 12885
D 10 12885
F 10 12885
P -1 12885
IDLE 12886
P -1 13019
D 10 13019
R 2 13019
F 10 13019
P 2 13020
P 2 13153
D 10 13153
F 10 13153
P -1 13154
IDLE 13155
P -1 13288
D 10 13288
F 10 13288
P -1 13288
IDLE 13289
P -1 13422
D 10 13422
F 10 13422
P -1 13422
IDLE 13423
P -1 13556
D 10 13556
F 10 13556
P -1 13556
IDLE 13557
P -1 13690
D 10 13690
F 10 13690
P -1 13691
IDLE 13692
P -1 13824
D 10 13824
F 10 13825
P -1 13825
IDLE 13826
P -1 13959
D 10 13959
F 10 13959
P -1 13959
IDLE 13960
P -1 14093
D 10 14093
R 2 14093
F 10 14093
P 2 14094
P 2 14227
D 10 14227
F 10 14227
P -1 14227
IDLE 14228
P -1 14361
D 10 14361
F 10 14361
P -1 14362
IDLE 14363
P -1 14496
D 10 14496
F 10 14496
P -1 14496
IDLE 14497
P -1 14630
D 10 14630
F 10 14630
P -1 14630
IDLE 14631
P -1 14764
D 10 14764
F 10 14764
P -1 14764
IDLE 14765
P -1 14898
D 10 14898
F 10 14898
P -1 14898
IDLE 14900
P -1 15032
D 10 15032
R 1 15032
R 2 15033
F 10 15034
P 2 15035
P 2 15167
D 10 15167
F 10 15167
P 1 15167
D 1 15168
F 1 15281
P 1 15301
D 10 15301
F 10 15301
P -1 15301
IDLE 15302
P -1 15435
D 10 15435
F 10 15435
P -1 15435
IDLE 15436
P -1 15569
D 10 15569
F 10 15569
P -1 15570
IDLE 15571
P -1 15704
D 10 15704
F 10 15704
P -1 15704
IDLE 15705
P -1 15838
D 10 15838
F 10 15838
P -1 15838
IDLE 15839
P -1 15972
D 10 15972
F 10 15972
P -1 15972
IDLE 15973
P -1 16106
D 10 16106
R 2 16106
F 10 16106
P 2 16107
P 2 16240
D 10 16240
F 10 16240
P -1 16241
IDLE 16242
P -1 16375
D 10 16375
F 10 16375
P -1 16375
IDLE 16376
P -1 16509
D 10 16509
F 10 16509
P -1 16509
IDLE 16510
P -1 16643
D 10 16643
F 10 16643
P -1 16643
IDLE 16644
P -1 16777
D 10 16777
F 10 16777
P -1 16778
IDLE 16779
P -1 16911
D 10 16912
F 10 16912
P -1 16912
IDLE 16913
P -1 17046
D 10 17046
R 2 17046
F 10 17046
P 2 17047
P 2 17180
D 10 17180
F 10 17180
P -1 17180
IDLE 17181
P -1 17314
D 10 17314
F 10 17314
P -1 17314
IDLE 17315
P -1 17448
D 10 17448
F 10 17448
P -1 17449
IDLE 17450
P -1 17583
D 10 17583
F 10 17583
P -1 17583
IDLE 17584
P -1 17717
D 10 17717
F 10 17717
P -1 17717
IDLE 17718
P -1 17851
D 10 17851
F 10 17851
P -1 17851
IDLE 17852
P -1 17985
D 10 17985
F 10 17985
P -1 17985
IDLE 17987
P -1 18119
D 10 18119
R 2 18120
F 10 18120
P 2 18121
P 2 18254
D 10 18254
F 10 18254
P -1 18254
IDLE 18255
P -1 18388
D 10 18388
F 10 18388
P -1 18388
IDLE 18389
P -1 18522
D 10 18522
F 10 18522
P -1 18522
IDLE 18523
P -1 18656
D 10 18656
F 10 18656
P -1 18657
IDLE 18658
P -1 18791
D 10 18791
F 10 18791
P -1 18791
IDLE 18792
P -1 18925
D 10 18925
F 10 18925
P -1 18925
IDLE 18926
P -1 19059
D 10 19059
R 2 19059
F 10 19059
P 2 19060
P 2 19193
D 10 19193
F 10 19193
P -1 19193
IDLE 19194
P -1 19327
D 10 19327
F 10 19327
P -1 19328
IDLE 19329
P -1 19462
D 10 19462
F 10 19462
P -1 19462
IDLE 19463
P -1 19596
D 10 19596
F 10 19596
P -1 19596
IDLE 19597
P -1 19730
D 10 19730
F 10 19730
P -1 19730
IDLE 19731
P -1 19864
D 10 19864
F 10 19864
P -1 19865
IDLE 19866
P -1 19998
D 10 19999
F 10 19999
P -1 19999
IDLE 20000
P -1 20133
D 10 20133
R 0 20133
R 1 20133
R 2 20134
F 10 20135
P 2 20136
P 2 20267
D 10 20267
F 10 20267
P 1 20267
D 1 20268
F 1 20381
P 1 20401
D 10 20401
F 10 20401
P 0 20401
D 0 20402
Task 1
Task 1
P 0 20535
D 10 20535
F 10 20535
P 0 20536
Task 1
Task 1
Task 1
P 0 20670
D 10 20670
F 10 20670
P 0 20670
Task 1
Task 1
P 0 20804
D 10 20804
F 10 20804
P 0 20804
Task 1
Task 1
Task 1
F 0 20935
P 0 20938
D 10 20938
F 10 20938
P -1 20938
IDLE 20939
P -1 21072
D 10 21072
R 2 21072
F 10 21072
P 2 21073
P 2 21206
D 10 21206
F 10 21207
P -1 21207
IDLE 21208
P -1 21341
D 10 21341
F 10 21341
P -1 21341
IDLE 21342
P -1 21475
D 10 21475
F 10 21475
P -1 21475
IDLE 21476
P -1 21609
D 10 21609
F 10 21609
P -1 21609
IDLE 21610
P -1 21743
D 10 21743
F 10 21743
P -1 21744
IDLE 21745
P -1 21878
D 10 21878
F 10 21878
P -1 21878
IDLE 21879
P -1 22012
D 10 22012
R 2 22012
F 10 22012
P 2 22013
P 2 22146
D 10 22146
F 10 22146
P -1 22146
IDLE 22147
P -1 22280
D 10 22280
F 10 22280
P -1 22280
IDLE 22281
P -1 22414
D 10 22414
F 10 22414
P -1 22415
IDLE 22416
P -1 22549
D 10 22549
F 10 22549
P -1 22549
IDLE 22550
P -1 22683
D 10 22683
F 10 22683
P -1 22683
IDLE 22684
P -1 22817
D 10 22817
F 10 22817
P -1 22817
IDLE 22818
P -1 22951
D 10 22951
F 10 22951
P -1 22952
IDLE 22953
P -1 23085
D 10 23086
R 2 23086
F 10 23086
P 2 23087
P 2 23220
D 10 23220
F 10 23220
P -1 23220
IDLE 23221
P -1 23354
D 10 23354
F 10 23354
P -1 23354
IDLE 23355
P -1 23488
D 10 23488
F 10 23488
P -1 23488
IDLE 23489
P -1 23622
D 10 23622
F 10 23622
P -1 23623
IDLE 23624
P -1 23757
D 10 23757
F 10 23757
P -1 23757
IDLE 23758
P -1 23891
D 10 23891
F 10 23891
P -1 23891
IDLE 23892
P -1 24025
D 10 24025
R 2 24025
F 10 24025
P 2 24026
P 2 24159
D 10 24159
F 10 24159
P -1 24159
IDLE 24160
P -1 24293
D 10 24293
F 10 24294
P -1 24294
IDLE 24295
P -1 24428
D 10 24428
F 10 24428
P -1 24428
IDLE 24429
P -1 24562
D 10 24562
F 10 24562
P -1 24562
IDLE 24563
P -1 24696
D 10 24696
F 10 24696
P -1 24696
IDLE 24697
P -1 24830
D 10 24830
F 10 24830
P -1 24831
IDLE 24832
P -1 24965
D 10 24965
F 10 24965
P -1 24965
IDLE 24966
P -1 25099
D 10 25099
R 1 25099
R 2 25099
F 10 25100
P 2 25101
P 2 25233
D 10 25233
F 10 25233
P 1 25233
D 1 25234
F 1 25347
P 1 25367
D 10 25367
F 10 25367
P -1 25367
IDLE 25368
P -1 25501
D 10 25501
F 10 25501
P -1 25502
IDLE 25503
P -1 25636
D 10 25636
F 10 25636
P -1 25636
IDLE 25637
P -1 25770
D 10 25770
F 10 25770
P -1 25770
IDLE 25771
P -1 25904
D 10 25904
F 10 25904
P -1 25904
IDLE 25905
P -1 26038
D 10 26038
R 2 26038
F 10 26038
P 2 26040
P 2 26172
D 10 26173
F 10 26173
P -1 26173
IDLE 26174
P -1 26307
D 10 26307
F 10 26307
P -1 26307
IDLE 26308
P -1 26441
D 10 26441
F 10 26441
P -1 26441
IDLE 26442
P -1 26575
D 10 26575
F 10 26575
P -1 26575
IDLE 26576
P -1 26709
D 10 26709
F 10 26709
P -1 26710
IDLE 26711
P -1 26844
D 10 26844
F 10 26844
P -1 26844
IDLE 26845
P -1 26978
D 10 26978
F 10 26978
P -1 26978
IDLE 26979
P -1 27112
D 10 27112
R 2 27112
F 10 27112
P 2 27113
P 2 27246
D 10 27246
F 10 27246
P -1 27246
IDLE 27247
P -1 27380
D 10 27380
F 10 27381
P -1 27381
IDLE 27382
P -1 27515
D 10 27515
F 10 27515
P -1 27515
IDLE 27516
P -1 27649
D 10 27649
F 10 27649
P -1 27649
IDLE 27650
P -1 27783
D 10 27783
F 10 27783
P -1 27783
IDLE 27784
P -1 27917
D 10 27917
F 10 27917
P -1 27918
IDLE 27919
P -1 28052
D 10 28052
R 2 28052
F 10 28052
P 2 28053
P 2 28186
D 10 28186
F 10 28186
P -1 28186
IDLE 28187
P -1 28320
D 10 28320
F 10 28320
P -1 28320
IDLE 28321
P -1 28454
D 10 28454
F 10 28454
P -1 28454
IDLE 28456
P -1 28588
D 10 28588
F 10 28588
P -1 28589
IDLE 28590
P -1 28723
D 10 28723
F 10 28723
P -1 28723
IDLE 28724
P -1 28857
D 10 28857
F 10 28857
P -1 28857
IDLE 28858
P -1 28991
D 10 28991
F 10 28991
P -1 28991
IDLE 28992
P -1 29125
D 10 29125
R 2 29125
F 10 29125
P 2 29127
P 2 29259
D 10 29260
F 10 29260
P -1 29260
IDLE 29261
P -1 29394
D 10 29394
F 10 29394
P -1 29394
IDLE 29395
P -1 29528
D 10 29528
F 10 29528
P -1 29528
IDLE 29529
P -1 29662
D 10 29662
F 10 29662
P -1 29662
IDLE 29663
P -1 29796
D 10 29796
F 10 29796
P -1 29797
IDLE 29798
P -1 29931
D 10 29931
F 10 29931
P -1 29931
IDLE 29932
P -1 30065
D 10 30065
R 0 30065
R 1 30065
R 2 30066
F 10 30067
P 2 30068
P 2 30199
D 10 30199
F 10 30199
P 1 30199
D 1 30200
F 1 30313
P 1 30333
D 10 30333
F 10 30333
P 0 30333
D 0 30334
Task 1
Task 1
P 0 30467
D 10 30467
F 10 30468
P 0 30468
Task 1
Task 1
Task 1
P 0 30602
D 10 30602
F 10 30602
P 0 30602
Task 1
Task 1
P 0 30736
D 10 30736
F 10 30736
P 0 30736
Task 1
Task 1
Task 1
F 0 30867
P 0 30870
D 10 30870
F 10 30870
P -1 30870
IDLE 30871
P -1 31004
D 10 31004
R 2 31004
F 10 31005
P 2 31006
P 2 31139
D 10 31139
F 10 31139
P -1 31139
IDLE 31140
P -1 31273
D 10 31273
F 10 31273
P -1 31273
IDLE 31274
P -1 31407
D 10 31407
F 10 31407
P -1 31407
IDLE 31408
P -1 31541
D 10 31541
F 10 31541
P -1 31541
IDLE 31543
P -1 31675
D 10 31675
F 10 31675
P -1 31676
IDLE 31677
P -1 31810
D 10 31810
F 10 31810
P -1 31810
IDLE 31811
P -1 31944
D 10 31944
F 10 31944
P -1 31944
IDLE 31945
P -1 32078
D 10 32078
R 2 32078
F 10 32078
P 2 32079
P 2 32212
D 10 32212
F 10 32212
P -1 32212
IDLE 32214
P -1 32346
D 10 32347
F 10 32347
P -1 32347
IDLE 32348
P -1 32481
D 10 32481
F 10 32481
P -1 32481
IDLE 32482
P -1 32615
D 10 32615
F 10 32615
P -1 32615
IDLE 32616
P -1 32749
D 10 32749
F 10 32749
P -1 32749
IDLE 32750
P -1 32883
D 10 32883
F 10 32883
P -1 32884
IDLE 32885
P -1 33018
D 10 33018
R 2 33018
F 10 33018
P 2 33019
P 2 33152
D 10 33152
F 10 33152
P -1 33152
IDLE 33153
P -1 33286
D 10 33286
F 10 33286
P -1 33286
IDLE 33287
P -1 33420
D 10 33420
F 10 33420
P -1 33421
IDLE 33422
P -1 33554
D 10 33554
F 10 33555
P -1 33555
IDLE 33556
P -1 33689
D 10 33689
F 10 33689
P -1 33689
IDLE 33690
P -1 33823
D 10 33823
F 10 33823
P -1 33823
IDLE 33824
P -1 33957
D 10 33957
F 10 33957
P -1 33957
IDLE 33958
P -1 34091
D 10 34091
R 2 34091
F 10 34092
P 2 34093
P 2 34226
D 10 34226
F 10 34226
P -1 34226
IDLE 34227
P -1 34360
D 10 34360
F 10 34360
P -1 34360
IDLE 34361
P -1 34494
D 10 34494
F 10 34494
P -1 34494
IDLE 34495
P -1 34628
D 10 34628
F 10 34628
P -1 34628
IDLE 34630
P -1 34762
D 10 34762
F 10 34763
P -1 34763
IDLE 34764
P -1 34897
D 10 34897
F 10 34897
P -1 34897
IDLE 34898
P -1 35031
D 10 35031
R 1 35031
R 2 35031
F 10 35032
P 2 35033
P 2 35165
D 10 35165
F 10 35165
P 1 35165
D 1 35166
F 1 35279
P 1 35299
D 10 35299
F 10 35299
P -1 35299
IDLE 35301
P -1 35434
D 10 35434
F 10 35434
P -1 35434
IDLE 35435
P -1 35568
D 10 35568
F 10 35568
P -1 35568
IDLE 35569
P -1 35702
D 10 35702
F 10 35702
P -1 35702
IDLE 35703
P -1 35836
D 10 35836
F 10 35836
P -1 35836
IDLE 35837
P -1 35970
D 10 35970
F 10 35970
P -1 35971
IDLE 35972
P -1 36105
D 10 36105
R 2 36105
F 10 36105
P 2 36106
P 2 36239
D 10 36239
F 10 36239
P -1 36239
IDLE 36240
P -1 36373
D 10 36373
F 10 36373
P -1 36373
IDLE 36374
P -1 36507
D 10 36507
F 10 36507
P -1 36508
IDLE 36509
P -1 36641
D 10 36642
F 10 36642
P -1 36642
IDLE 36643
P -1 36776
D 10 36776
F 10 36776
P -1 36776
IDLE 36777
P -1 36910
D 10 36910
F 10 36910
P -1 36910
IDLE 36911
P -1 37044
D 10 37044
R 2 37044
F 10 37044
P 2 37045
P 2 37178
D 10 37178
F 10 37178
P -1 37179
IDLE 37180
P -1 37313
D 10 37313
F 10 37313
P -1 37313
IDLE 37314
P -1 37447
D 10 37447
F 10 37447
P -1 37447
IDLE 37448
P -1 37581
D 10 37581
F 10 37581
P -1 37581
IDLE 37582
P -1 37715
D 10 37715
F 10 37715
P -1 37715
IDLE 37717
P -1 37849
D 10 37849
F 10 37850
P -1 37850
IDLE 37851
P -1 37984
D 10 37984
F 10 37984
P -1 37984
IDLE 37985
P -1 38118
D 10 38118
R 2 38118
F 10 38118
P 2 38119
P 2 38252
D 10 38252
F 10 38252
P -1 38252
IDLE 38253
P -1 38386
D 10 38386
F 10 38386
P -1 38387
IDLE 38388
P -1 38521
D 10 38521
F 10 38521
P -1 38521
IDLE 38522
P -1 38655
D 10 38655
F 10 38655
P -1 38655
IDLE 38656
P -1 38789
D 10 38789
F 10 38789
P -1 38789
IDLE 38790
P -1 38923
D 10 38923
F 10 38923
P -1 38923
IDLE 38924
P -1 39057
D 10 39057
R 2 39057
F 10 39058
P 2 39059
P 2 39192
D 10 39192
F 10 39192
P -1 39192
IDLE 39193
P -1 39326
D 10 39326
F 10 39326
P -1 39326
IDLE 39327
P -1 39460
D 10 39460
F 10 39460
P -1 39460
IDLE 39461
P -1 39594
D 10 39594
F 10 39594
P -1 39595
IDLE 39596
P -1 39728
D 10 39729
F 10 39729
P -1 39729
IDLE 39730
P -1 39863
D 10 39863
F 10 39863
P -1 39863
IDLE 39864
P -1 39997
D 10 39997
F 10 39997
P -1 39997
IDLE 39998
P -1 40131
D 10 40131
R 0 40131
R 1 40131
R 2 40132
F 10 40133
P 2 40134
P 2 40265
D 10 40265
F 10 40265
P 1 40266
D 1 40266
F 1 40379
P 1 40400
D 10 40400
F 10 40400
P 0 40400
D 0 40401
Task 1
Task 1
P 0 40534
D 10 40534
F 10 40534
P 0 40534
Task 1
Task 1
Task 1
P 0 40668
D 10 40668
F 10 40668
P 0 40668
Task 1
Task 1
P 0 40802
D 10 40802
F 10 40802
P 0 40802
Task 1
Task 1
Task 1
F 0 40933
P 0 40936
D 10 40936
F 10 40937
P -1 40937
IDLE 40938
P -1 41071
D 10 41071
R 2 41071
F 10 41071
P 2 41072
P 2 41205
D 10 41205
F 10 41205
P -1 41205
IDLE 41206
P -1 41339
D 10 41339
F 10 41339
P -1 41339
IDLE 41340
P -1 41473
D 10 41473
F 10 41473
P -1 41474
IDLE 41475
P -1 41608
D 10 41608
F 10 41608
P -1 41608
IDLE 41609
P -1 41742
D 10 41742
F 10 41742
P -1 41742
IDLE 41743
P -1 41876
D 10 41876
F 10 41876
P -1 41876
IDLE 41877
P -1 42010
D 10 42010
R 2 42010
F 10 42010
P 2 42011
P 2 42144
D 10 42144
F 10 42144
P -1 42145
IDLE 42146
P -1 42279
D 10 42279
F 10 42279
P -1 42279
IDLE 42280
P -1 42413
D 10 42413
F 10 42413
P -1 42413
IDLE 42414
P -1 42547
D 10 42547
F 10 42547
P -1 42547
IDLE 42548
P -1 42681
D 10 42681
F 10 42681
P -1 42682
IDLE 42683
P -1 42815
D 10 42816
F 10 42816
P -1 42816
IDLE 42817
P -1 42950
D 10 42950
F 10 42950
P -1 42950
IDLE 42951
P -1 43084
D 10 43084
R 2 43084
F 10 43084
P 2 43085
P 2 43218
D 10 43218
F 10 43218
P -1 43218
IDLE 43219
P -1 43352
D 10 43352
F 10 43352
P -1 43353
IDLE 43354
P -1 43487
D 10 43487
F 10 43487
P -1 43487
IDLE 43488
P -1 43621
D 10 43621
F 10 43621
P -1 43621
IDLE 43622
P -1 43755
D 10 43755
F 10 43755
P -1 43755
IDLE 43756
P -1 43889
D 10 43889
F 10 43889
P -1 43890
IDLE 43891
P -1 44023
D 10 44023
R 2 44024
F 10 44024
P 2 44025
P 2 44158
D 10 44158
F 10 44158
P -1 44158
IDLE 44159
P -1 44292
D 10 44292
F 10 44292
P -1 44292
IDLE 44293
P -1 44426
D 10 44426
F 10 44426
P -1 44426
IDLE 44427
P -1 44560
D 10 44560
F 10 44560
P -1 44561
IDLE 44562
P -1 44695
D 10 44695
F 10 44695
P -1 44695
IDLE 44696
P -1 44829
D 10 44829
F 10 44829
P -1 44829
IDLE 44830
P -1 44963
D 10 44963
F 10 44963
P -1 44963
IDLE 44964
P -1 45097
D 10 45097
R 1 45097
R 2 45097
F 10 45098
P 2 45099
P 2 45231
D 10 45231
F 10 45231
P 1 45232
D 1 45233
F 1 45346
P 1 45366
D 10 45366
F 10 45366
P -1 45366
IDLE 45367
P -1 45500
D 10 45500
F 10 45500
P -1 45500
IDLE 45501
P -1 45634
D 10 45634
F 10 45634
P -1 45634
IDLE 45635
P -1 45768
D 10 45768
F 10 45768
P -1 45769
IDLE 45770
P -1 45902
D 10 45903
F 10 45903
P -1 45903
IDLE 45904
P -1 46037
D 10 46037
R 2 46037
F 10 46037
P 2 46038
P 2 46171
D 10 46171
F 10 46171
P -1 46171
IDLE 46172
P -1 46305
D 10 46305
F 10 46305
P -1 46305
IDLE 46306
P -1 46439
D 10 46439
F 10 46439
P -1 46440
IDLE 46441
P -1 46574
D 10 46574
F 10 46574
P -1 46574
IDLE 46575
P -1 46708
D 10 46708
F 10 46708
P -1 46708
IDLE 46709
P -1 46842
D 10 46842
F 10 46842
P -1 46842
IDLE 46843
P -1 46976
D 10 46976
F 10 46976
P -1 46977
IDLE 46978
P -1 47110
D 10 47110
R 2 47111
F 10 47111
P 2 47112
P 2 47245
D 10 47245
F 10 47245
P -1 47245
IDLE 47246
P -1 47379
D 10 47379
F 10 47379
P -1 47379
IDLE 47380
P -1 47513
D 10 47513
F 10 47513
P -1 47513
IDLE 47514
P -1 47647
D 10 47647
F 10 47647
P -1 47648
IDLE 47649
P -1 47782
D 10 47782
F 10 47782
P -1 47782
IDLE 47783
P -1 47916
D 10 47916
F 10 47916
P -1 47916
IDLE 47917
P -1 48050
D 10 48050
R 2 48050
F 10 48050
P 2 48051
P 2 48184
D 10 48184
F 10 48184
P -1 48184
IDLE 48185
P -1 48318
D 10 48318
F 10 48318
P -1 48319
IDLE 48320
P -1 48453
D 10 48453
F 10 48453
P -1 48453
IDLE 48454
P -1 48587
D 10 48587
F 10 48587
P -1 48587
IDLE 48588
P -1 48721
D 10 48721
F 10 48721
P -1 48721
IDLE 48722
