Task: 3
R 0 0
R 1 0
R 2 0
F 4 0
D 2 0
Task 2
Task 2
Task 2
Task 2
Task 2
Task 2
Task 2
Task 2
Task 2
Task 2
D 2 105
P 2 105
D 4 105
F 4 105
D 1 105
Task 1
Task 1
P 1 134
D 4 134
F 4 134
Task 1
Task 1
Task 1
Task 1
Task 1
Task 1
Task 1
Task 1
Task 1
Task 1
Task 1
Task 1
Task 1
P 1 268
D 4 268
F 4 268
Task 1
Task 1
Task 1
Task 1
Task 1
F 1 314
P 1 314
D 4 314
F 4 314
D 0 315
Task 0
Task 0
Task 0
Task 0
Task 0
Task 0
Task 0
Task 0
P 0 403
D 4 403
F 4 403
Task 0
Task 0
Task 0
Task 0
Task 0
Task 0
Task 0
Task 0
Task 0
Task 0
Task 0
Task 0
Task 0
P 0 537
D 4 537
R 2 537
F 4 537
D 2 537
Task 2
Task 2
Task 2
Task 2
Task 2
Task 2
Task 2
Task 2
Task 2
Task 2
D 2 643
P 2 643
D 4 643
F 4 643
Task 0
Task 0
P 0 671
D 4 671
F 4 671
Task 0
Task 0
Task 0
Task 0
Task 0
Task 0
Task 0
Task 0
Task 0
Task 0
Task 0
Task 0
Task 0
P 0 805
D 4 805
F 4 805
Task 0
Task 0
Task 0
Task 0
Task 0
Task 0
Task 0
Task 0
Task 0
Task 0
Task 0
Task 0
Task 0
P 0 939
D 4 939
F 4 940
Task 0
Task 0
Task 0
Task 0
Task 0
Task 0
Task 0
Task 0
Task 0
Task 0
Task 0
Task 0
Task 0
P 0 1074
D 4 1074
R 1 1074
R 2 1074
F 4 1074
D 2 1075
Task 2
Task 2
Task 2
Task 2
Task 2
Task 2
Task 2
Task 2
Task 2
Task 2
D 2 1181
P 2 1181
D 4 1181
F 4 1181
D 1 1181
Task 1
Task 1
P 1 1208
D 4 1208
F 4 1208
Task 1
Task 1
Task 1
Task 1
Task 1
Task 1
Task 1
Task 1
Task 1
Task 1
Task 1
Task 1
Task 1
P 1 1342
D 4 1342
F 4 1342
Task 1
Task 1
Task 1
Task 1
Task 1
F 1 1391
P 1 1391
D 4 1391
F 4 1391
Task 0
Task 0
Task 0
Task 0
Task 0
Task 0
Task 0
Task 0
P 0 1476
D 4 1476
F 4 1476
Task 0
Task 0
Task 0
Task 0
Task 0
Task 0
Task 0
Task 0
Task 0
Task 0
Task 0
Task 0
Task 0
P 0 1611
D 4 1611
R 2 1611
F 4 1611
D 2 1611
Task 2
Task 2
Task 2
Task 2
Task 2
Task 2
Task 2
Task 2
Task 2
Task 2
D 2 1717
P 2 1717
D 4 1717
F 4 1717
Task 0
Task 0
Task 0
P 0 1745
D 4 1745
F 4 1745
Task 0
Task 0
Task 0
Task 0
Task 0
Task 0
Task 0
Task 0
Task 0
Task 0
Task 0
Task 0
Task 0
P 0 1879
D 4 1879
F 4 1879
Task 0
F 0 1889
P 0 1889
D 4 1889
F 4 1889
IDLE 1890
P 3 2013
D 4 2013
R 1 2013
R 2 2013
F 4 2014
D 2 2015
Task 2
Task 2
Task 2
Task 2
Task 2
Task 2
Task 2
Task 2
Task 2
Task 2
D 2 2120
P 2 2120
D 4 2120
F 4 2120
D 1 2121
Task 1
Task 1
P 1 2147
D 4 2147
F 4 2147
Task 1
Task 1
Task 1
Task 1
Task 1
Task 1
Task 1
Task 1
Task 1
Task 1
Task 1
Task 1
Task 1
P 1 2282
D 4 2282
F 4 2282
Task 1
Task 1
Task 1
Task 1
Task 1
F 1 2330
P 1 2330
D 4 2330
F 4 2331
IDLE 2331
P 3 2416
D 4 2416
F 4 2416
IDLE 2416
P 3 2550
D 4 2550
R 0 2550
R 2 2550
F 4 2551
D 2 2552
Task 2
Task 2
Task 2
Task 2
Task 2
Task 2
Task 2
Task 2
Task 2
Task 2
D 2 2657
P 2 2657
D 4 2657
F 4 2657
D 0 2658
Task 0
Task 0
P 0 2684
D 4 2684
F 4 2684
Task 0
Task 0
Task 0
Task 0
Task 0
Task 0
Task 0
Task 0
Task 0
Task 0
Task 0
Task 0
Task 0
P 0 2819
D 4 2819
F 4 2819
Task 0
Task 0
Task 0
Task 0
Task 0
Task 0
Task 0
Task 0
Task 0
Task 0
Task 0
Task 0
Task 0
P 0 2953
D 4 2953
F 4 2953
Task 0
Task 0
Task 0
Task 0
Task 0
Task 0
Task 0
Task 0
Task 0
Task 0
Task 0
Task 0
Task 0
P 0 3087
D 4 3087
R 1 3087
R 2 3087
F 4 3088
D 2 3088
Task 2
Task 2
Task 2
Task 2
Task 2
Task 2
Task 2
Task 2
Task 2
Task 2
D 2 3194
P 2 3194
D 4 3194
F 4 3194
D 1 3195
Task 1
Task 1
P 1 3221
D 4 3221
F 4 3221
Task 1
Task 1
Task 1
Task 1
Task 1
Task 1
Task 1
Task 1
Task 1
Task 1
Task 1
Task 1
Task 1
P 1 3355
D 4 3355
F 4 3355
Task 1
Task 1
Task 1
Task 1
Task 1
F 1 3404
P 1 3404
D 4 3404
F 4 3404
Task 0
Task 0
Task 0
Task 0
Task 0
Task 0
Task 0
Task 0
P 0 3490
D 4 3490
F 4 3490
Task 0
Task 0
Task 0
Task 0
Task 0
Task 0
Task 0
Task 0
Task 0
Task 0
Task 0
Task 0
Task 0
P 0 3624
D 4 3624
R 2 3624
F 4 3624
D 2 3624
Task 2
Task 2
Task 2
Task 2
Task 2
Task 2
Task 2
Task 2
Task 2
Task 2
D 2 3730
P 2 3730
D 4 3730
F 4 3730
Task 0
Task 0
P 0 3758
D 4 3758
F 4 3758
Task 0
Task 0
Task 0
Task 0
Task 0
Task 0
Task 0
Task 0
Task 0
Task 0
Task 0
Task 0
Task 0
P 0 3892
D 4 3892
F 4 3892
Task 0
Task 0
Task 0
Task 0
Task 0
Task 0
Task 0
Task 0
Task 0
Task 0
Task 0
Task 0
Task 0
P 0 4026
D 4 4026
R 1 4027
R 2 4027
F 4 4027
D 2 4028
Task 2
Task 2
Task 2
Task 2
Task 2
Task 2
Task 2
Task 2
Task 2
Task 2
D 2 4134
P 2 4134
D 4 4134
F 4 4134
D 1 4134
Task 1
Task 1
P 1 4161
D 4 4161
F 4 4161
Task 1
Task 1
Task 1
Task 1
Task 1
Task 1
Task 1
Task 1
Task 1
Task 1
Task 1
Task 1
Task 1
P 1 4295
D 4 4295
F 4 4295
Task 1
Task 1
Task 1
Task 1
Task 1
F 1 4343
P 1 4343
D 4 4343
F 4 4344
Task 0
Task 0
Task 0
Task 0
Task 0
Task 0
Task 0
Task 0
P 0 4429
D 4 4429
F 4 4429
Task 0
Task 0
F 0 4443
P 0 4443
D 4 4443
F 4 4444
IDLE 4445
P 3 4563
D 4 4563
R 2 4563
F 4 4563
D 2 4564
Task 2
Task 2
Task 2
Task 2
Task 2
Task 2
Task 2
Task 2
Task 2
Task 2
D 2 4670
P 2 4670
D 4 4670
F 4 4670
IDLE 4670
P 3 4698
D 4 4698
F 4 4698
IDLE 4698
P 3 4832
D 4 4832
F 4 4832
IDLE 4832
P 3 4966
D 4 4966
F 4 4966
IDLE 4966
P 3 5100
D 4 5100
R 0 5100
R 1 5100
R 2 5101
F 4 5102
D 2 5103
Task 2
Task 2
Task 2
Task 2
Task 2
Task 2
Task 2
Task 2
Task 2
Task 2
D 2 5208
P 2 5208
D 4 5208
F 4 5208
D 1 5209
Task 1
Task 1
P 1 5234
D 4 5234
F 4 5234
Task 1
Task 1
Task 1
Task 1
Task 1
Task 1
Task 1
Task 1
Task 1
Task 1
Task 1
Task 1
Task 1
P 1 5369
D 4 5369
F 4 5369
Task 1
Task 1
Task 1
Task 1
Task 1
F 1 5418
P 1 5418
D 4 5418
F 4 5418
D 0 5419
Task 0
Task 0
Task 0
Task 0
Task 0
Task 0
Task 0
P 0 5503
D 4 5503
R 2 5503
F 4 5503
D 2 5503
Task 2
Task 2
Task 2
Task 2
Task 2
Task 2
Task 2
Task 2
Task 2
Task 2
D 2 5609
P 2 5609
D 4 5609
F 4 5609
Task 0
Task 0
Task 0
P 0 5637
D 4 5637
F 4 5637
Task 0
Task 0
Task 0
Task 0
Task 0
Task 0
Task 0
Task 0
Task 0
Task 0
Task 0
Task 0
Task 0
P 0 5771
D 4 5771
F 4 5771
Task 0
Task 0
Task 0
Task 0
Task 0
Task 0
Task 0
Task 0
Task 0
Task 0
Task 0
Task 0
Task 0
P 0 5906
D 4 5906
F 4 5906
Task 0
Task 0
Task 0
Task 0
Task 0
Task 0
Task 0
Task 0
Task 0
Task 0
Task 0
Task 0
Task 0
P 0 6040
D 4 6040
R 1 6040
R 2 6040
F 4 6040
D 2 6041
Task 2
Task 2
Task 2
Task 2
Task 2
Task 2
Task 2
Task 2
Task 2
Task 2
D 2 6147
P 2 6147
D 4 6147
F 4 6147
D 1 6147
Task 1
Task 1
P 1 6174
D 4 6174
F 4 6174
Task 1
Task 1
Task 1
Task 1
Task 1
Task 1
Task 1
Task 1
Task 1
Task 1
Task 1
Task 1
Task 1
P 1 6308
D 4 6308
F 4 6308
Task 1
Task 1
Task 1
Task 1
Task 1
F 1 6357
P 1 6357
D 4 6357
F 4 6357
Task 0
Task 0
Task 0
Task 0
Task 0
Task 0
Task 0
Task 0
P 0 6442
D 4 6442
F 4 6442
Task 0
Task 0
Task 0
Task 0
Task 0
Task 0
Task 0
Task 0
Task 0
Task 0
Task 0
Task 0
Task 0
P 0 6577
D 4 6577
R 2 6577
F 4 6577
D 2 6577
Task 2
Task 2
Task 2
Task 2
Task 2
Task 2
Task 2
Task 2
Task 2
Task 2
D 2 6683
P 2 6683
D 4 6683
F 4 6683
Task 0
Task 0
P 0 6711
D 4 6711
F 4 6711
Task 0
Task 0
Task 0
Task 0
Task 0
Task 0
Task 0
Task 0
Task 0
Task 0
Task 0
Task 0
Task 0
P 0 6845
D 4 6845
F 4 6845
Task 0
Task 0
Task 0
Task 0
Task 0
Task 0
Task 0
Task 0
Task 0
Task 0
Task 0
Task 0
Task 0
P 0 6979
D 4 6979
F 4 6979
Task 0
Task 0
F 0 6994
P 0 6994
D 4 6994
F 4 6994
IDLE 6995
P 3 7113
D 4 7114
R 1 7114
R 2 7114
F 4 7114
D 2 7115
Task 2
Task 2
Task 2
Task 2
Task 2
Task 2
Task 2
Task 2
Task 2
Task 2
D 2 7221
P 2 7221
D 4 7221
F 4 7221
D 1 7221
Task 1
Task 1
P 1 7248
D 4 7248
F 4 7248
Task 1
Task 1
Task 1
Task 1
Task 1
Task 1
Task 1
Task 1
Task 1
Task 1
Task 1
Task 1
Task 1
P 1 7382
D 4 7382
F 4 7382
Task 1
Task 1
Task 1
Task 1
Task 1
F 1 7430
P 1 7430
D 4 7430
F 4 7431
IDLE 7432
P 3 7516
D 4 7516
R 0 7516
R 2 7516
F 4 7517
D 2 7518
Task 2
Task 2
Task 2
Task 2
Task 2
Task 2
Task 2
Task 2
Task 2
Task 2
D 2 7623
P 2 7623
D 4 7623
F 4 7623
D 0 7624
Task 0
Task 0
P 0 7650
D 4 7650
F 4 7650
Task 0
Task 0
Task 0
Task 0
Task 0
Task 0
Task 0
Task 0
Task 0
Task 0
Task 0
Task 0
Task 0
P 0 7785
D 4 7785
F 4 7785
Task 0
Task 0
Task 0
Task 0
Task 0
Task 0
Task 0
Task 0
Task 0
Task 0
Task 0
Task 0
Task 0
P 0 7919
D 4 7919
F 4 7919
Task 0
Task 0
Task 0
Task 0
Task 0
Task 0
Task 0
Task 0
Task 0
Task 0
Task 0
Task 0
Task 0
P 0 8053
D 4 8053
R 1 8053
R 2 8053
F 4 8054
D 2 8054
Task 2
Task 2
Task 2
Task 2
Task 2
Task 2
Task 2
Task 2
Task 2
Task 2
D 2 8160
P 2 8160
D 4 8160
F 4 8160
D 1 8161
Task 1
Task 1
P 1 8187
D 4 8187
F 4 8187
Task 1
Task 1
Task 1
Task 1
Task 1
Task 1
Task 1
Task 1
Task 1
Task 1
Task 1
Task 1
Task 1
P 1 8321
D 4 8321
F 4 8321
Task 1
Task 1
Task 1
Task 1
Task 1
F 1 8370
P 1 8370
D 4 8370
F 4 8370
Task 0
Task 0
Task 0
Task 0
Task 0
Task 0
Task 0
Task 0
P 0 8456
D 4 8456
F 4 8456
Task 0
Task 0
Task 0
Task 0
Task 0
Task 0
Task 0
Task 0
Task 0
Task 0
Task 0
Task 0
Task 0
P 0 8590
D 4 8590
R 2 8590
F 4 8590
D 2 8590
Task 2
Task 2
Task 2
Task 2
Task 2
Task 2
Task 2
Task 2
Task 2
Task 2
D 2 8696
P 2 8696
D 4 8696
F 4 8696
Task 0
Task 0
P 0 8724
D 4 8724
F 4 8724
Task 0
Task 0
Task 0
Task 0
Task 0
Task 0
Task 0
Task 0
Task 0
Task 0
Task 0
Task 0
Task 0
P 0 8858
D 4 8858
F 4 8858
Task 0
Task 0
Task 0
Task 0
Task 0
Task 0
Task 0
Task 0
Task 0
Task 0
Task 0
Task 0
Task 0
P 0 8993
D 4 8993
F 4 8993
Task 0
Task 0
Task 0
Task 0
Task 0
Task 0
Task 0
Task 0
Task 0
Task 0
F 0 9091
P 0 9091
D 4 9091
R 1 9092
R 2 9092
F 4 9093
D 2 9094
Task 2
Task 2
Task 2
P 2 9127
D 4 9127
F 4 9127
Task 2
Task 2
Task 2
Task 2
Task 2
Task 2
Task 2
D 2 9200
P 2 9200
D 4 9200
F 4 9200
D 1 9201
Task 1
Task 1
Task 1
Task 1
Task 1
P 1 9261
D 4 9261
F 4 9261
Task 1
Task 1
Task 1
Task 1
Task 1
Task 1
Task 1
Task 1
Task 1
Task 1
Task 1
Task 1
Task 1
P 1 9395
D 4 9395
F 4 9395
Task 1
Task 1
F 1 9410
P 1 9410
D 4 9410
F 4 9410
IDLE 9411
P 3 9529
D 4 9529
R 2 9529
F 4 9529
D 2 9530
Task 2
Task 2
Task 2
Task 2
Task 2
Task 2
Task 2
Task 2
Task 2
Task 2
D 2 9636
P 2 9636
D 4 9636
F 4 9636
IDLE 9636
P 3 9664
D 4 9664
F 4 9664
IDLE 9664
P 3 9798
D 4 9798
F 4 9798
IDLE 9798
P 3 9932
D 4 9932
F 4 9932
IDLE 9932
P 3 10066
D 4 10066
R 0 10066
R 1 10066
R 2 10067
F 4 10068
D 2 10069
Task 2
Task 2
Task 2
Task 2
Task 2
Task 2
Task 2
Task 2
Task 2
Task 2
D 2 10175
P 2 10175
D 4 10175
F 4 10175
D 1 10176
Task 1
Task 1
P 1 10200
D 4 10201
F 4 10201
Task 1
Task 1
Task 1
Task 1
Task 1
Task 1
Task 1
Task 1
Task 1
Task 1
Task 1
Task 1
Task 1
P 1 10335
D 4 10335
F 4 10335
Task 1
Task 1
Task 1
Task 1
Task 1
F 1 10385
P 1 10385
D 4 10385
F 4 10386
D 0 10387
Task 0
Task 0
Task 0
Task 0
Task 0
Task 0
Task 0
P 0 10469
D 4 10469
F 4 10469
Task 0
Task 0
Task 0
Task 0
Task 0
Task 0
Task 0
Task 0
Task 0
Task 0
Task 0
Task 0
Task 0
P 0 10603
D 4 10603
R 2 10603
F 4 10603
D 2 10604
Task 2
Task 2
Task 2
Task 2
Task 2
Task 2
Task 2
Task 2
Task 2
Task 2
D 2 10710
P 2 10710
D 4 10710
F 4 10710
Task 0
Task 0
Task 0
P 0 10737
D 4 10737
F 4 10737
Task 0
Task 0
Task 0
Task 0
Task 0
Task 0
Task 0
Task 0
Task 0
Task 0
Task 0
Task 0
Task 0
P 0 10872
D 4 10872
F 4 10872
Task 0
Task 0
Task 0
Task 0
Task 0
Task 0
Task 0
Task 0
Task 0
Task 0
Task 0
Task 0
Task 0
P 0 11006
D 4 11006
R 1 11006
R 2 11006
F 4 11007
D 2 11008
Task 2
Task 2
Task 2
Task 2
Task 2
Task 2
Task 2
Task 2
Task 2
Task 2
D 2 11114
P 2 11114
D 4 11114
F 4 11114
D 1 11115
Task 1
Task 1
P 1 11140
D 4 11140
F 4 11140
Task 1
Task 1
Task 1
Task 1
Task 1
Task 1
Task 1
Task 1
Task 1
Task 1
Task 1
Task 1
Task 1
P 1 11274
D 4 11274
F 4 11274
Task 1
Task 1
Task 1
Task 1
Task 1
F 1 11324
P 1 11324
D 4 11324
F 4 11325
Task 0
Task 0
Task 0
Task 0
Task 0
Task 0
Task 0
P 0 11408
D 4 11408
F 4 11409
Task 0
Task 0
Task 0
Task 0
Task 0
Task 0
Task 0
Task 0
Task 0
Task 0
Task 0
Task 0
Task 0
P 0 11543
D 4 11543
R 2 11543
F 4 11543
D 2 11544
Task 2
Task 2
Task 2
Task 2
Task 2
Task 2
Task 2
Task 2
Task 2
Task 2
D 2 11649
P 2 11649
D 4 11649
F 4 11649
Task 0
Task 0
Task 0
P 0 11677
D 4 11677
F 4 11677
Task 0
Task 0
Task 0
Task 0
Task 0
Task 0
Task 0
Task 0
Task 0
Task 0
Task 0
Task 0
Task 0
P 0 11811
D 4 11811
F 4 11811
Task 0
Task 0
Task 0
Task 0
Task 0
Task 0
Task 0
Task 0
Task 0
Task 0
Task 0
Task 0
Task 0
P 0 11945
D 4 11945
F 4 11945
Task 0
Task 0
F 0 11965
P 0 11965
D 4 11965
F 4 11965
IDLE 11966
P 3 12080
D 4 12080
R 1 12080
R 2 12080
F 4 12081
D 2 12081
Task 2
Task 2
Task 2
Task 2
Task 2
Task 2
Task 2
Task 2
Task 2
Task 2
D 2 12187
P 2 12187
D 4 12187
F 4 12187
D 1 12188
Task 1
Task 1
P 1 12214
D 4 12214
F 4 12214
Task 1
Task 1
Task 1
Task 1
Task 1
Task 1
Task 1
Task 1
Task 1
Task 1
Task 1
Task 1
Task 1
P 1 12348
D 4 12348
F 4 12348
Task 1
Task 1
Task 1
Task 1
Task 1
F 1 12397
P 1 12397
D 4 12397
F 4 12398
IDLE 12399
P 3 12482
D 4 12482
F 4 12482
IDLE 12482
P 3 12616
D 4 12616
R 0 12616
R 2 12616
F 4 12617
D 2 12618
Task 2
Task 2
Task 2
Task 2
Task 2
Task 2
Task 2
Task 2
Task 2
Task 2
D 2 12724
P 2 12724
D 4 12724
F 4 12724
D 0 12725
Task 0
Task 0
P 0 12751
D 4 12751
F 4 12751
Task 0
Task 0
Task 0
Task 0
Task 0
Task 0
Task 0
Task 0
Task 0
Task 0
Task 0
Task 0
Task 0
P 0 12885
D 4 12885
F 4 12885
Task 0
Task 0
Task 0
Task 0
Task 0
Task 0
Task 0
Task 0
Task 0
Task 0
Task 0
Task 0
Task 0
P 0 13019
D 4 13019
R 1 13019
R 2 13019
F 4 13020
D 2 13021
Task 2
Task 2
Task 2
Task 2
Task 2
Task 2
Task 2
Task 2
Task 2
Task 2
D 2 13127
P 2 13127
D 4 13127
F 4 13127
D 1 13128
Task 1
Task 1
P 1 13153
D 4 13153
F 4 13153
Task 1
Task 1
Task 1
Task 1
Task 1
Task 1
Task 1
Task 1
Task 1
Task 1
Task 1
Task 1
Task 1
P 1 13287
D 4 13288
F 4 13288
Task 1
Task 1
Task 1
Task 1
Task 1
F 1 13337
P 1 13337
D 4 13337
F 4 13338
Task 0
Task 0
Task 0
Task 0
Task 0
Task 0
Task 0
Task 0
P 0 13422
D 4 13422
F 4 13422
Task 0
Task 0
Task 0
Task 0
Task 0
Task 0
Task 0
Task 0
Task 0
Task 0
Task 0
Task 0
Task 0
P 0 13556
D 4 13556
R 2 13556
F 4 13556
D 2 13557
Task 2
Task 2
Task 2
Task 2
Task 2
Task 2
Task 2
Task 2
Task 2
Task 2
D 2 13663
P 2 13663
D 4 13663
F 4 13663
Task 0
Task 0
P 0 13690
D 4 13690
F 4 13690
Task 0
Task 0
Task 0
Task 0
Task 0
Task 0
Task 0
Task 0
Task 0
Task 0
Task 0
Task 0
Task 0
P 0 13824
D 4 13824
F 4 13824
Task 0
Task 0
Task 0
Task 0
Task 0
Task 0
Task 0
Task 0
Task 0
Task 0
Task 0
Task 0
Task 0
P 0 13959
D 4 13959
F 4 13959
Task 0
Task 0
Task 0
Task 0
Task 0
Task 0
Task 0
Task 0
Task 0
Task 0
Task 0
Task 0
Task 0
P 0 14093
D 4 14093
R 1 14093
R 2 14093
F 4 14094
D 2 14095
Task 2
Task 2
Task 2
Task 2
Task 2
Task 2
Task 2
Task 2
Task 2
Task 2
D 2 14200
P 2 14200
D 4 14200
F 4 14201
D 1 14201
Task 1
Task 1
P 1 14227
D 4 14227
F 4 14227
Task 1
Task 1
Task 1
Task 1
Task 1
Task 1
Task 1
Task 1
Task 1
Task 1
Task 1
Task 1
Task 1
P 1 14361
D 4 14361
F 4 14361
Task 1
Task 1
Task 1
Task 1
Task 1
F 1 14411
P 1 14411
D 4 14411
F 4 14411
Task 0
Task 0
Task 0
Task 0
Task 0
Task 0
Task 0
Task 0
P 0 14495
D 4 14495
F 4 14496
Task 0
Task 0
F 0 14514
P 0 14514
D 4 14515
R 2 14515
F 4 14516
D 2 14517
Task 2
Task 2
Task 2
Task 2
Task 2
Task 2
Task 2
Task 2
Task 2
Task 2
D 2 14623
P 2 14623
D 4 14623
F 4 14623
IDLE 14624
P 3 14630
D 4 14630
F 4 14630
IDLE 14630
P 3 14764
D 4 14764
F 4 14764
IDLE 14764
P 3 14898
D 4 14898
F 4 14898
IDLE 14898
P 3 15032
D 4 15032
R 0 15032
R 1 15032
R 2 15033
F 4 15034
D 2 15035
Task 2
Task 2
Task 2
Task 2
Task 2
Task 2
Task 2
Task 2
Task 2
Task 2
D 2 15141
P 2 15141
D 4 15141
F 4 15141
D 1 15142
Task 1
Task 1
P 1 15167
D 4 15167
F 4 15167
Task 1
Task 1
Task 1
Task 1
Task 1
Task 1
Task 1
Task 1
Task 1
Task 1
Task 1
Task 1
Task 1
P 1 15301
D 4 15301
F 4 15301
Task 1
Task 1
Task 1
Task 1
Task 1
F 1 15351
P 1 15351
D 4 15351
F 4 15352
D 0 15353
Task 0
Task 0
Task 0
Task 0
Task 0
Task 0
Task 0
P 0 15435
D 4 15435
F 4 15435
Task 0
Task 0
Task 0
Task 0
Task 0
Task 0
Task 0
Task 0
Task 0
Task 0
Task 0
Task 0
Task 0
P 0 15569
D 4 15569
R 2 15569
F 4 15569
D 2 15570
Task 2
Task 2
Task 2
Task 2
Task 2
Task 2
Task 2
Task 2
Task 2
Task 2
D 2 15676
P 2 15676
D 4 15676
F 4 15676
Task 0
Task 0
Task 0
P 0 15703
D 4 15703
F 4 15703
Task 0
Task 0
Task 0
Task 0
Task 0
Task 0
Task 0
Task 0
Task 0
Task 0
Task 0
Task 0
Task 0
P 0 15838
D 4 15838
F 4 15838
Task 0
Task 0
Task 0
Task 0
Task 0
Task 0
Task 0
Task 0
Task 0
Task 0
Task 0
Task 0
Task 0
P 0 15972
D 4 15972
F 4 15972
Task 0
Task 0
Task 0
Task 0
Task 0
Task 0
Task 0
Task 0
Task 0
Task 0
Task 0
Task 0
P 0 16106
D 4 16106
R 1 16106
R 2 16106
F 4 16107
D 2 16108
Task 2
Task 2
Task 2
Task 2
Task 2
Task 2
Task 2
Task 2
Task 2
Task 2
D 2 16214
P 2 16214
D 4 16214
F 4 16214
D 1 16215
Task 1
Task 1
P 1 16240
D 4 16240
F 4 16240
Task 1
Task 1
Task 1
Task 1
Task 1
Task 1
Task 1
Task 1
Task 1
Task 1
Task 1
Task 1
Task 1
P 1 16375
D 4 16375
F 4 16375
Task 1
Task 1
Task 1
Task 1
Task 1
F 1 16424
P 1 16424
D 4 16424
F 4 16425
Task 0
Task 0
Task 0
Task 0
Task 0
Task 0
Task 0
Task 0
P 0 16509
D 4 16509
R 2 16509
F 4 16509
D 2 16510
Task 2
Task 2
Task 2
Task 2
Task 2
Task 2
Task 2
Task 2
Task 2
Task 2
D 2 16615
P 2 16615
D 4 16615
F 4 16615
Task 0
Task 0
Task 0
P 0 16643
D 4 16643
F 4 16643
Task 0
Task 0
Task 0
Task 0
Task 0
Task 0
Task 0
Task 0
Task 0
Task 0
Task 0
Task 0
Task 0
P 0 16777
D 4 16777
F 4 16777
Task 0
Task 0
Task 0
Task 0
Task 0
Task 0
Task 0
Task 0
Task 0
Task 0
Task 0
Task 0
Task 0
P 0 16911
D 4 16911
F 4 16911
Task 0
Task 0
F 0 16930
P 0 16930
D 4 16930
F 4 16931
IDLE 16932
P 3 17046
D 4 17046
R 1 17046
R 2 17046
F 4 17047
D 2 17048
Task 2
Task 2
Task 2
Task 2
Task 2
Task 2
Task 2
Task 2
Task 2
Task 2
D 2 17153
P 2 17153
D 4 17153
F 4 17153
D 1 17154
Task 1
Task 1
P 1 17180
D 4 17180
F 4 17180
Task 1
Task 1
Task 1
Task 1
Task 1
Task 1
Task 1
Task 1
Task 1
Task 1
Task 1
Task 1
Task 1
P 1 17314
D 4 17314
F 4 17314
Task 1
Task 1
Task 1
Task 1
Task 1
F 1 17363
P 1 17364
D 4 17364
F 4 17364
IDLE 17365
P 3 17448
D 4 17448
F 4 17448
IDLE 17448
P 3 17582
D 4 17582
R 0 17583
R 2 17583
F 4 17583
D 2 17584
Task 2
Task 2
Task 2
Task 2
Task 2
Task 2
Task 2
Task 2
Task 2
Task 2
D 2 17690
P 2 17690
D 4 17690
F 4 17690
D 0 17691
Task 0
Task 0
P 0 17717
D 4 17717
F 4 17717
Task 0
Task 0
Task 0
Task 0
Task 0
Task 0
Task 0
Task 0
Task 0
Task 0
Task 0
Task 0
Task 0
P 0 17851
D 4 17851
F 4 17851
Task 0
Task 0
Task 0
Task 0
Task 0
Task 0
Task 0
Task 0
Task 0
Task 0
Task 0
Task 0
Task 0
P 0 17985
D 4 17985
F 4 17985
Task 0
Task 0
Task 0
Task 0
Task 0
Task 0
Task 0
Task 0
Task 0
Task 0
Task 0
Task 0
Task 0
P 0 18119
D 4 18119
R 1 18119
R 2 18120
F 4 18121
D 2 18122
Task 2
Task 2
Task 2
Task 2
Task 2
Task 2
Task 2
Task 2
Task 2
Task 2
D 2 18227
P 2 18227
D 4 18227
F 4 18227
D 1 18228
Task 1
Task 1
P 1 18254
D 4 18254
F 4 18254
Task 1
Task 1
Task 1
Task 1
Task 1
Task 1
Task 1
Task 1
Task 1
Task 1
Task 1
Task 1
Task 1
P 1 18388
D 4 18388
F 4 18388
Task 1
Task 1
Task 1
Task 1
Task 1
F 1 18438
P 1 18438
D 4 18438
F 4 18438
Task 0
Task 0
Task 0
Task 0
Task 0
Task 0
Task 0
P 0 18522
D 4 18522
R 2 18522
F 4 18522
D 2 18523
Task 2
Task 2
Task 2
Task 2
Task 2
Task 2
Task 2
Task 2
Task 2
Task 2
D 2 18629
P 2 18629
D 4 18629
F 4 18629
Task 0
Task 0
Task 0
P 0 18656
D 4 18656
F 4 18656
Task 0
Task 0
Task 0
Task 0
Task 0
Task 0
Task 0
Task 0
Task 0
Task 0
Task 0
Task 0
Task 0
P 0 18790
D 4 18790
F 4 18790
Task 0
Task 0
Task 0
Task 0
Task 0
Task 0
Task 0
Task 0
Task 0
Task 0
Task 0
Task 0
Task 0
P 0 18925
D 4 18925
F 4 18925
Task 0
Task 0
Task 0
Task 0
Task 0
Task 0
Task 0
Task 0
Task 0
Task 0
Task 0
Task 0
Task 0
P 0 19059
D 4 19059
R 1 19059
R 2 19059
F 4 19060
D 2 19061
Task 2
Task 2
Task 2
Task 2
Task 2
Task 2
Task 2
Task 2
Task 2
Task 2
D 2 19166
P 2 19167
D 4 19167
F 4 19167
D 1 19167
Task 1
Task 1
P 1 19193
D 4 19193
F 4 19193
Task 1
Task 1
Task 1
Task 1
Task 1
Task 1
Task 1
Task 1
Task 1
Task 1
Task 1
Task 1
Task 1
P 1 19327
D 4 19327
F 4 19327
Task 1
Task 1
Task 1
Task 1
Task 1
F 1 19377
P 1 19377
D 4 19377
F 4 19377
Task 0
Task 0
Task 0
Task 0
Task 0
Task 0
Task 0
Task 0
P 0 19462
D 4 19462
F 4 19462
Task 0
Task 0
F 0 19481
P 0 19481
D 4 19481
F 4 19482
IDLE 19483
P 3 19596
D 4 19596
R 2 19596
F 4 19596
D 2 19597
Task 2
Task 2
Task 2
Task 2
Task 2
Task 2
Task 2
Task 2
Task 2
Task 2
D 2 19702
P 2 19702
D 4 19702
F 4 19702
IDLE 19703
P 3 19730
D 4 19730
F 4 19730
IDLE 19730
P 3 19864
D 4 19864
F 4 19864
IDLE 19864
P 3 19998
D 4 19998
F 4 19998
IDLE 19998
P 3 20133
D 4 20133
R 0 20133
R 1 20133
R 2 20134
F 4 20135
D 2 20135
Task 2
Task 2
Task 2
Task 2
Task 2
Task 2
Task 2
Task 2
Task 2
Task 2
D 2 20241
P 2 20241
D 4 20241
F 4 20241
D 1 20242
Task 1
Task 1
P 1 20267
D 4 20267
F 4 20267
Task 1
Task 1
Task 1
Task 1
Task 1
Task 1
Task 1
Task 1
Task 1
Task 1
Task 1
Task 1
Task 1
P 1 20401
D 4 20401
F 4 20401
Task 1
Task 1
Task 1
Task 1
Task 1
F 1 20451
P 1 20451
D 4 20451
F 4 20452
D 0 20453
Task 0
Task 0
Task 0
Task 0
Task 0
Task 0
Task 0
P 0 20535
D 4 20535
R 2 20535
F 4 20535
D 2 20536
Task 2
Task 2
Task 2
Task 2
Task 2
Task 2
Task 2
Task 2
Task 2
Task 2
D 2 20642
P 2 20642
D 4 20642
F 4 20642
Task 0
Task 0
Task 0
P 0 20669
D 4 20669
F 4 20670
Task 0
Task 0
Task 0
Task 0
Task 0
Task 0
Task 0
Task 0
Task 0
Task 0
Task 0
Task 0
Task 0
P 0 20804
D 4 20804
F 4 20804
Task 0
Task 0
Task 0
Task 0
Task 0
Task 0
Task 0
Task 0
Task 0
Task 0
Task 0
Task 0
Task 0
P 0 20938
D 4 20938
F 4 20938
Task 0
Task 0
Task 0
Task 0
Task 0
Task 0
Task 0
Task 0
Task 0
Task 0
Task 0
Task 0
Task 0
P 0 21072
D 4 21072
R 1 21072
R 2 21073
F 4 21074
D 2 21074
Task 2
Task 2
Task 2
Task 2
Task 2
Task 2
Task 2
Task 2
Task 2
Task 2
D 2 21180
P 2 21180
D 4 21180
F 4 21180
D 1 21181
Task 1
Task 1
P 1 21206
D 4 21206
F 4 21206
Task 1
Task 1
Task 1
Task 1
Task 1
Task 1
Task 1
Task 1
Task 1
Task 1
Task 1
Task 1
Task 1
P 1 21341
D 4 21341
F 4 21341
Task 1
Task 1
Task 1
Task 1
Task 1
F 1 21390
P 1 21390
D 4 21390
F 4 21391
Task 0
Task 0
Task 0
Task 0
Task 0
Task 0
Task 0
P 0 21475
D 4 21475
F 4 21475
Task 0
Task 0
Task 0
Task 0
Task 0
Task 0
Task 0
Task 0
Task 0
Task 0
Task 0
Task 0
Task 0
P 0 21609
D 4 21609
R 2 21609
F 4 21609
D 2 21610
Task 2
Task 2
Task 2
Task 2
Task 2
Task 2
Task 2
Task 2
Task 2
Task 2
D 2 21716
P 2 21716
D 4 21716
F 4 21716
Task 0
Task 0
Task 0
P 0 21743
D 4 21743
F 4 21743
Task 0
Task 0
Task 0
Task 0
Task 0
Task 0
Task 0
Task 0
Task 0
Task 0
Task 0
Task 0
Task 0
P 0 21877
D 4 21877
F 4 21877
Task 0
Task 0
Task 0
Task 0
Task 0
Task 0
Task 0
Task 0
Task 0
Task 0
Task 0
Task 0
Task 0
P 0 22012
D 4 22012
R 1 22012
R 2 22012
F 4 22013
D 2 22014
Task 2
Task 2
Task 2
Task 2
Task 2
Task 2
Task 2
Task 2
Task 2
Task 2
D 2 22119
P 2 22119
D 4 22119
F 4 22119
Task 0
Task 0
F 0 22139
P 0 22139
D 4 22139
F 4 22140
D 1 22141
P 1 22146
D 4 22146
F 4 22146
Task 1
Task 1
Task 1
Task 1
Task 1
Task 1
Task 1
Task 1
Task 1
Task 1
Task 1
Task 1
Task 1
P 1 22280
D 4 22280
F 4 22280
Task 1
Task 1
Task 1
Task 1
Task 1
Task 1
Task 1
F 1 22350
P 1 22350
D 4 22350
F 4 22351
IDLE 22352
P 3 22414
D 4 22414
F 4 22414
IDLE 22414
P 3 22549
D 4 22549
R 0 22549
R 2 22549
F 4 22549
D 2 22550
Task 2
Task 2
Task 2
Task 2
Task 2
Task 2
Task 2
Task 2
Task 2
Task 2
D 2 22656
P 2 22656
D 4 22656
F 4 22656
D 0 22657
Task 0
Task 0
P 0 22683
D 4 22683
F 4 22683
Task 0
Task 0
Task 0
Task 0
Task 0
Task 0
Task 0
Task 0
Task 0
Task 0
Task 0
Task 0
Task 0
P 0 22817
D 4 22817
F 4 22817
Task 0
Task 0
Task 0
Task 0
Task 0
Task 0
Task 0
Task 0
Task 0
Task 0
Task 0
Task 0
Task 0
P 0 22951
D 4 22951
F 4 22951
Task 0
Task 0
Task 0
Task 0
Task 0
Task 0
Task 0
Task 0
Task 0
Task 0
Task 0
Task 0
Task 0
P 0 23085
D 4 23085
R 1 23085
R 2 23086
F 4 23087
D 2 23088
Task 2
Task 2
Task 2
Task 2
Task 2
Task 2
Task 2
Task 2
Task 2
Task 2
D 2 23193
P 2 23193
D 4 23193
F 4 23193
D 1 23194
Task 1
Task 1
P 1 23220
D 4 23220
F 4 23220
Task 1
Task 1
Task 1
Task 1
Task 1
Task 1
Task 1
Task 1
Task 1
Task 1
Task 1
Task 1
Task 1
P 1 23354
D 4 23354
F 4 23354
Task 1
Task 1
Task 1
Task 1
Task 1
F 1 23404
P 1 23404
D 4 23404
F 4 23404
Task 0
Task 0
Task 0
Task 0
Task 0
Task 0
Task 0
P 0 23488
D 4 23488
F 4 23488
Task 0
Task 0
Task 0
Task 0
Task 0
Task 0
Task 0
Task 0
Task 0
Task 0
Task 0
Task 0
Task 0
P 0 23622
D 4 23622
R 2 23622
F 4 23622
D 2 23623
Task 2
Task 2
Task 2
Task 2
Task 2
Task 2
Task 2
Task 2
Task 2
Task 2
D 2 23729
P 2 23729
D 4 23729
F 4 23729
Task 0
Task 0
Task 0
P 0 23756
D 4 23757
F 4 23757
Task 0
Task 0
Task 0
Task 0
Task 0
Task 0
Task 0
Task 0
Task 0
Task 0
Task 0
Task 0
Task 0
P 0 23891
D 4 23891
F 4 23891
Task 0
Task 0
Task 0
Task 0
Task 0
Task 0
Task 0
Task 0
Task 0
Task 0
Task 0
Task 0
Task 0
P 0 24025
D 4 24025
R 1 24025
R 2 24025
F 4 24026
D 2 24027
Task 2
Task 2
Task 2
Task 2
Task 2
Task 2
Task 2
Task 2
Task 2
Task 2
D 2 24133
P 2 24133
D 4 24133
F 4 24133
D 1 24134
Task 1
Task 1
P 1 24159
D 4 24159
F 4 24159
Task 1
Task 1
Task 1
Task 1
Task 1
Task 1
Task 1
Task 1
Task 1
Task 1
Task 1
Task 1
Task 1
P 1 24293
D 4 24293
F 4 24293
Task 1
Task 1
Task 1
Task 1
Task 1
F 1 24343
P 1 24343
D 4 24343
F 4 24343
Task 0
Task 0
Task 0
Task 0
Task 0
Task 0
Task 0
Task 0
P 0 24428
D 4 24428
F 4 24428
Task 0
Task 0
F 0 24447
P 0 24447
D 4 24447
F 4 24448
IDLE 24449
P 3 24562
D 4 24562
R 2 24562
F 4 24562
D 2 24563
Task 2
Task 2
Task 2
Task 2
Task 2
Task 2
Task 2
Task 2
Task 2
Task 2
D 2 24668
P 2 24668
D 4 24669
F 4 24669
IDLE 24669
P 3 24696
D 4 24696
F 4 24696
IDLE 24696
P 3 24830
D 4 24830
F 4 24830
IDLE 24830
P 3 24964
D 4 24964
F 4 24964
IDLE 24965
P 3 25099
D 4 25099
R 0 25099
R 1 25099
R 2 25100
F 4 25101
D 2 25102
Task 2
Task 2
Task 2
Task 2
Task 2
Task 2
Task 2
Task 2
Task 2
Task 2
D 2 25207
P 2 25207
D 4 25207
F 4 25207
D 1 25208
Task 1
Task 1
P 1 25233
D 4 25233
F 4 25233
Task 1
Task 1
Task 1
Task 1
Task 1
Task 1
Task 1
Task 1
Task 1
Task 1
Task 1
Task 1
Task 1
P 1 25367
D 4 25367
F 4 25367
Task 1
Task 1
Task 1
Task 1
Task 1
F 1 25417
P 1 25418
D 4 25418
F 4 25418
D 0 25419
Task 0
Task 0
Task 0
Task 0
Task 0
Task 0
Task 0
P 0 25501
D 4 25501
R 2 25501
F 4 25501
D 2 25502
Task 2
Task 2
Task 2
Task 2
Task 2
Task 2
Task 2
Task 2
Task 2
Task 2
D 2 25608
P 2 25608
D 4 25608
F 4 25608
Task 0
Task 0
Task 0
P 0 25636
D 4 25636
F 4 25636
Task 0
Task 0
Task 0
Task 0
Task 0
Task 0
Task 0
Task 0
Task 0
Task 0
Task 0
Task 0
Task 0
P 0 25770
D 4 25770
F 4 25770
Task 0
Task 0
Task 0
Task 0
Task 0
Task 0
Task 0
Task 0
Task 0
Task 0
Task 0
Task 0
Task 0
P 0 25904
D 4 25904
F 4 25904
Task 0
Task 0
Task 0
Task 0
Task 0
Task 0
Task 0
Task 0
Task 0
Task 0
Task 0
Task 0
Task 0
P 0 26038
D 4 26038
R 1 26038
R 2 26039
F 4 26040
D 2 26041
Task 2
Task 2
Task 2
Task 2
Task 2
Task 2
Task 2
Task 2
Task 2
Task 2
D 2 26146
P 2 26146
D 4 26146
F 4 26146
D 1 26147
Task 1
Task 1
P 1 26172
D 4 26172
F 4 26172
Task 1
Task 1
Task 1
Task 1
Task 1
Task 1
Task 1
Task 1
Task 1
Task 1
Task 1
Task 1
Task 1
P 1 26307
D 4 26307
F 4 26307
Task 1
Task 1
Task 1
Task 1
Task 1
F 1 26356
P 1 26357
D 4 26357
F 4 26357
Task 0
Task 0
Task 0
Task 0
Task 0
Task 0
Task 0
P 0 26441
D 4 26441
F 4 26441
Task 0
Task 0
Task 0
Task 0
Task 0
Task 0
Task 0
Task 0
Task 0
Task 0
Task 0
Task 0
Task 0
P 0 26575
D 4 26575
R 2 26575
F 4 26575
D 2 26576
Task 2
Task 2
Task 2
Task 2
Task 2
Task 2
Task 2
Task 2
Task 2
Task 2
D 2 26682
P 2 26682
D 4 26682
F 4 26682
Task 0
Task 0
Task 0
P 0 26709
D 4 26709
F 4 26709
Task 0
Task 0
Task 0
Task 0
Task 0
Task 0
Task 0
Task 0
Task 0
Task 0
Task 0
Task 0
Task 0
P 0 26843
D 4 26844
F 4 26844
Task 0
Task 0
Task 0
Task 0
Task 0
Task 0
Task 0
Task 0
Task 0
Task 0
Task 0
Task 0
Task 0
P 0 26978
D 4 26978
F 4 26978
Task 0
Task 0
F 0 26997
P 0 26997
D 4 26997
F 4 26998
IDLE 26999
P 3 27112
D 4 27112
R 1 27112
R 2 27112
F 4 27113
D 2 27114
Task 2
Task 2
Task 2
Task 2
Task 2
Task 2
Task 2
Task 2
Task 2
Task 2
D 2 27220
P 2 27220
D 4 27220
F 4 27220
D 1 27221
Task 1
Task 1
P 1 27246
D 4 27246
F 4 27246
Task 1
Task 1
Task 1
Task 1
Task 1
Task 1
Task 1
Task 1
Task 1
Task 1
Task 1
Task 1
Task 1
P 1 27380
D 4 27380
F 4 27380
Task 1
Task 1
Task 1
Task 1
Task 1
F 1 27430
P 1 27430
D 4 27430
F 4 27430
IDLE 27431
P 3 27515
D 4 27515
R 0 27515
R 2 27515
F 4 27516
D 2 27516
Task 2
Task 2
Task 2
Task 2
Task 2
Task 2
Task 2
Task 2
Task 2
Task 2
D 2 27622
P 2 27622
D 4 27622
F 4 27622
D 0 27623
Task 0
Task 0
P 0 27649
D 4 27649
F 4 27649
Task 0
Task 0
Task 0
Task 0
Task 0
Task 0
Task 0
Task 0
Task 0
Task 0
Task 0
Task 0
Task 0
P 0 27783
D 4 27783
F 4 27783
Task 0
Task 0
Task 0
Task 0
Task 0
Task 0
Task 0
Task 0
Task 0
Task 0
Task 0
Task 0
Task 0
P 0 27917
D 4 27917
F 4 27917
Task 0
Task 0
Task 0
Task 0
Task 0
Task 0
Task 0
Task 0
Task 0
Task 0
Task 0
Task 0
Task 0
P 0 28051
D 4 28051
R 1 28051
R 2 28052
F 4 28053
D 2 28054
Task 2
Task 2
Task 2
Task 2
Task 2
Task 2
Task 2
Task 2
Task 2
Task 2
D 2 28159
P 2 28159
D 4 28159
F 4 28159
D 1 28160
Task 1
Task 1
P 1 28186
D 4 28186
F 4 28186
Task 1
Task 1
Task 1
Task 1
Task 1
Task 1
Task 1
Task 1
Task 1
Task 1
Task 1
Task 1
Task 1
P 1 28320
D 4 28320
F 4 28320
Task 1
Task 1
Task 1
Task 1
Task 1
F 1 28370
P 1 28370
D 4 28370
F 4 28370
Task 0
Task 0
Task 0
Task 0
Task 0
Task 0
Task 0
P 0 28454
D 4 28454
F 4 28454
Task 0
Task 0
Task 0
Task 0
Task 0
Task 0
Task 0
Task 0
Task 0
Task 0
Task 0
Task 0
Task 0
P 0 28588
D 4 28588
R 2 28588
F 4 28588
D 2 28589
Task 2
Task 2
Task 2
Task 2
Task 2
Task 2
Task 2
Task 2
Task 2
Task 2
D 2 28695
P 2 28695
D 4 28695
F 4 28695
Task 0
Task 0
Task 0
P 0 28723
D 4 28723
F 4 28723
Task 0
Task 0
Task 0
Task 0
Task 0
Task 0
Task 0
Task 0
Task 0
Task 0
Task 0
Task 0
Task 0
P 0 28857
D 4 28857
F 4 28857
Task 0
Task 0
Task 0
Task 0
Task 0
Task 0
Task 0
Task 0
Task 0
Task 0
Task 0
Task 0
Task 0
P 0 28991
D 4 28991
F 4 28991
Task 0
Task 0
Task 0
Task 0
Task 0
Task 0
Task 0
Task 0
Task 0
Task 0
F 0 29093
P 0 29094
D 4 29094
R 1 29094
R 2 29095
F 4 29096
D 2 29097
Task 2
Task 2
Task 2
P 2 29125
D 4 29125
F 4 29125
Task 2
Task 2
Task 2
Task 2
Task 2
Task 2
Task 2
D 2 29203
P 2 29203
D 4 29203
F 4 29203
D 1 29204
Task 1
Task 1
Task 1
Task 1
Task 1
P 1 29259
D 4 29259
F 4 29259
Task 1
Task 1
Task 1
Task 1
Task 1
Task 1
Task 1
Task 1
Task 1
Task 1
Task 1
Task 1
Task 1
P 1 29394
D 4 29394
F 4 29394
Task 1
Task 1
F 1 29413
P 1 29413
D 4 29413
F 4 29414
IDLE 29415
P 3 29528
D 4 29528
R 2 29528
F 4 29528
D 2 29529
Task 2
Task 2
Task 2
Task 2
Task 2
Task 2
Task 2
Task 2
Task 2
Task 2
D 2 29635
P 2 29635
D 4 29635
F 4 29635
IDLE 29635
P 3 29662
D 4 29662
F 4 29662
IDLE 29662
P 3 29796
D 4 29796
F 4 29796
IDLE 29796
P 3 29930
D 4 29931
F 4 29931
IDLE 29931
P 3 30065
D 4 30065
R 0 30065
R 1 30065
R 2 30066
F 4 30067
D 2 30068
Task 2
Task 2
Task 2
Task 2
Task 2
Task 2
Task 2
Task 2
Task 2
Task 2
D 2 30173
P 2 30173
D 4 30173
F 4 30173
D 1 30174
Task 1
Task 1
P 1 30199
D 4 30199
F 4 30199
Task 1
Task 1
Task 1
Task 1
Task 1
Task 1
Task 1
Task 1
Task 1
Task 1
Task 1
Task 1
Task 1
P 1 30333
D 4 30333
F 4 30333
Task 1
Task 1
Task 1
Task 1
Task 1
F 1 30384
P 1 30384
D 4 30384
F 4 30384
D 0 30385
Task 0
Task 0
Task 0
Task 0
Task 0
Task 0
Task 0
P 0 30467
D 4 30467
F 4 30467
Task 0
Task 0
Task 0
Task 0
Task 0
Task 0
Task 0
Task 0
Task 0
Task 0
Task 0
Task 0
Task 0
P 0 30602
D 4 30602
R 2 30602
F 4 30602
D 2 30603
Task 2
Task 2
Task 2
Task 2
Task 2
Task 2
Task 2
Task 2
Task 2
Task 2
D 2 30708
P 2 30708
D 4 30708
F 4 30708
Task 0
Task 0
Task 0
P 0 30736
D 4 30736
F 4 30736
Task 0
Task 0
Task 0
Task 0
Task 0
Task 0
Task 0
Task 0
Task 0
Task 0
Task 0
Task 0
Task 0
P 0 30870
D 4 30870
F 4 30870
Task 0
Task 0
Task 0
Task 0
Task 0
Task 0
Task 0
Task 0
Task 0
Task 0
Task 0
Task 0
Task 0
P 0 31004
D 4 31004
R 1 31004
R 2 31005
F 4 31006
D 2 31007
Task 2
Task 2
Task 2
Task 2
Task 2
Task 2
Task 2
Task 2
Task 2
Task 2
D 2 31112
P 2 31112
D 4 31112
F 4 31112
D 1 31113
Task 1
Task 1
P 1 31138
D 4 31138
F 4 31139
Task 1
Task 1
Task 1
Task 1
Task 1
Task 1
Task 1
Task 1
Task 1
Task 1
Task 1
Task 1
Task 1
P 1 31273
D 4 31273
F 4 31273
Task 1
Task 1
Task 1
Task 1
Task 1
F 1 31323
P 1 31323
D 4 31323
F 4 31323
Task 0
Task 0
Task 0
Task 0
Task 0
Task 0
Task 0
P 0 31407
D 4 31407
F 4 31407
Task 0
Task 0
Task 0
Task 0
Task 0
Task 0
Task 0
Task 0
Task 0
Task 0
Task 0
Task 0
Task 0
P 0 31541
D 4 31541
R 2 31541
F 4 31541
D 2 31542
Task 2
Task 2
Task 2
Task 2
Task 2
Task 2
Task 2
Task 2
Task 2
Task 2
D 2 31648
P 2 31648
D 4 31648
F 4 31648
Task 0
Task 0
Task 0
P 0 31675
D 4 31675
F 4 31675
Task 0
Task 0
Task 0
Task 0
Task 0
Task 0
Task 0
Task 0
Task 0
Task 0
Task 0
Task 0
Task 0
P 0 31810
D 4 31810
F 4 31810
Task 0
Task 0
Task 0
Task 0
Task 0
Task 0
Task 0
Task 0
Task 0
Task 0
Task 0
Task 0
Task 0
P 0 31944
D 4 31944
F 4 31944
Task 0
Task 0
F 0 31963
P 0 31963
D 4 31963
F 4 31964
IDLE 31965
P 3 32078
D 4 32078
R 1 32078
R 2 32078
F 4 32079
D 2 32080
Task 2
Task 2
Task 2
Task 2
Task 2
Task 2
Task 2
Task 2
Task 2
Task 2
D 2 32186
P 2 32186
D 4 32186
F 4 32186
D 1 32187
Task 1
Task 1
P 1 32212
D 4 32212
F 4 32212
Task 1
Task 1
Task 1
Task 1
Task 1
Task 1
Task 1
Task 1
Task 1
Task 1
Task 1
Task 1
Task 1
P 1 32346
D 4 32346
F 4 32346
Task 1
Task 1
Task 1
Task 1
Task 1
F 1 32396
P 1 32396
D 4 32396
F 4 32397
IDLE 32397
P 3 32481
D 4 32481
F 4 32481
IDLE 32481
P 3 32615
D 4 32615
R 0 32615
R 2 32615
F 4 32616
D 2 32617
Task 2
Task 2
Task 2
Task 2
Task 2
Task 2
Task 2
Task 2
Task 2
Task 2
D 2 32722
P 2 32722
D 4 32723
F 4 32723
D 0 32723
Task 0
Task 0
P 0 32749
D 4 32749
F 4 32749
Task 0
Task 0
Task 0
Task 0
Task 0
Task 0
Task 0
Task 0
Task 0
Task 0
Task 0
Task 0
Task 0
P 0 32883
D 4 32883
F 4 32883
Task 0
Task 0
Task 0
Task 0
Task 0
Task 0
Task 0
Task 0
Task 0
Task 0
Task 0
Task 0
Task 0
P 0 33017
D 4 33018
R 1 33018
R 2 33018
F 4 33018
D 2 33019
Task 2
Task 2
Task 2
Task 2
Task 2
Task 2
Task 2
Task 2
Task 2
Task 2
D 2 33125
P 2 33125
D 4 33125
F 4 33125
D 1 33126
Task 1
Task 1
P 1 33152
D 4 33152
F 4 33152
Task 1
Task 1
Task 1
Task 1
Task 1
Task 1
Task 1
Task 1
Task 1
Task 1
Task 1
Task 1
Task 1
P 1 33286
D 4 33286
F 4 33286
Task 1
Task 1
Task 1
Task 1
Task 1
F 1 33335
P 1 33335
D 4 33335
F 4 33336
Task 0
Task 0
Task 0
Task 0
Task 0
Task 0
Task 0
Task 0
P 0 33420
D 4 33420
F 4 33420
Task 0
Task 0
Task 0
Task 0
Task 0
Task 0
Task 0
Task 0
Task 0
Task 0
Task 0
Task 0
Task 0
P 0 33554
D 4 33554
R 2 33554
F 4 33555
D 2 33556
Task 2
Task 2
Task 2
Task 2
Task 2
Task 2
Task 2
Task 2
Task 2
Task 2
D 2 33661
P 2 33662
D 4 33662
F 4 33662
Task 0
Task 0
P 0 33689
D 4 33689
F 4 33689
Task 0
Task 0
Task 0
Task 0
Task 0
Task 0
Task 0
Task 0
Task 0
Task 0
Task 0
Task 0
Task 0
P 0 33823
D 4 33823
F 4 33823
Task 0
Task 0
Task 0
Task 0
Task 0
Task 0
Task 0
Task 0
Task 0
Task 0
Task 0
Task 0
Task 0
P 0 33957
D 4 33957
F 4 33957
Task 0
Task 0
Task 0
Task 0
Task 0
Task 0
Task 0
Task 0
Task 0
Task 0
Task 0
Task 0
Task 0
P 0 34091
D 4 34091
R 1 34091
R 2 34091
F 4 34092
D 2 34093
Task 2
Task 2
Task 2
Task 2
Task 2
Task 2
Task 2
Task 2
Task 2
Task 2
D 2 34199
P 2 34199
D 4 34199
F 4 34199
D 1 34200
Task 1
Task 1
P 1 34225
D 4 34225
F 4 34226
Task 1
Task 1
Task 1
Task 1
Task 1
Task 1
Task 1
Task 1
Task 1
Task 1
Task 1
Task 1
Task 1
P 1 34360
D 4 34360
F 4 34360
Task 1
Task 1
Task 1
Task 1
Task 1
F 1 34409
P 1 34409
D 4 34409
F 4 34410
Task 0
Task 0
Task 0
Task 0
Task 0
Task 0
Task 0
Task 0
P 0 34494
D 4 34494
F 4 34494
Task 0
Task 0
F 0 34513
P 0 34513
D 4 34513
R 2 34514
F 4 34515
D 2 34515
Task 2
Task 2
Task 2
Task 2
Task 2
Task 2
Task 2
Task 2
Task 2
Task 2
D 2 34621
P 2 34621
D 4 34621
F 4 34621
IDLE 34622
P 3 34628
D 4 34628
F 4 34628
IDLE 34628
P 3 34762
D 4 34762
F 4 34762
IDLE 34762
P 3 34897
D 4 34897
F 4 34897
IDLE 34897
P 3 35031
D 4 35031
R 0 35031
R 1 35031
R 2 35032
F 4 35033
D 2 35034
Task 2
Task 2
Task 2
Task 2
Task 2
Task 2
Task 2
Task 2
Task 2
Task 2
D 2 35139
P 2 35139
D 4 35139
F 4 35139
D 1 35140
Task 1
Task 1
P 1 35165
D 4 35165
F 4 35165
Task 1
Task 1
Task 1
Task 1
Task 1
Task 1
Task 1
Task 1
Task 1
Task 1
Task 1
Task 1
Task 1
P 1 35299
D 4 35299
F 4 35299
Task 1
Task 1
Task 1
Task 1
Task 1
F 1 35350
P 1 35350
D 4 35350
F 4 35350
D 0 35351
Task 0
Task 0
Task 0
Task 0
Task 0
Task 0
Task 0
P 0 35433
D 4 35433
F 4 35433
Task 0
Task 0
Task 0
Task 0
Task 0
Task 0
Task 0
Task 0
Task 0
Task 0
Task 0
Task 0
Task 0
P 0 35568
D 4 35568
R 2 35568
F 4 35568
D 2 35569
Task 2
Task 2
Task 2
Task 2
Task 2
Task 2
Task 2
Task 2
Task 2
Task 2
D 2 35674
P 2 35674
D 4 35674
F 4 35674
Task 0
Task 0
Task 0
P 0 35702
D 4 35702
F 4 35702
Task 0
Task 0
Task 0
Task 0
Task 0
Task 0
Task 0
Task 0
Task 0
Task 0
Task 0
Task 0
Task 0
P 0 35836
D 4 35836
F 4 35836
Task 0
Task 0
Task 0
Task 0
Task 0
Task 0
Task 0
Task 0
Task 0
Task 0
Task 0
Task 0
Task 0
P 0 35970
D 4 35970
F 4 35970
Task 0
Task 0
Task 0
Task 0
Task 0
Task 0
Task 0
Task 0
Task 0
Task 0
Task 0
Task 0
P 0 36105
D 4 36105
R 1 36105
R 2 36105
F 4 36105
D 2 36106
Task 2
Task 2
Task 2
Task 2
Task 2
Task 2
Task 2
Task 2
Task 2
Task 2
D 2 36212
P 2 36212
D 4 36212
F 4 36212
D 1 36213
Task 1
Task 1
P 1 36239
D 4 36239
F 4 36239
Task 1
Task 1
Task 1
Task 1
Task 1
Task 1
Task 1
Task 1
Task 1
Task 1
Task 1
Task 1
Task 1
P 1 36373
D 4 36373
F 4 36373
Task 1
Task 1
Task 1
Task 1
Task 1
F 1 36422
P 1 36422
D 4 36422
F 4 36423
Task 0
Task 0
Task 0
Task 0
Task 0
Task 0
Task 0
Task 0
P 0 36507
D 4 36507
R 2 36507
F 4 36507
D 2 36508
Task 2
Task 2
Task 2
Task 2
Task 2
Task 2
Task 2
Task 2
Task 2
Task 2
D 2 36614
P 2 36614
D 4 36614
F 4 36614
Task 0
Task 0
Task 0
P 0 36641
D 4 36641
F 4 36641
Task 0
Task 0
Task 0
Task 0
Task 0
Task 0
Task 0
Task 0
Task 0
Task 0
Task 0
Task 0
Task 0
P 0 36776
D 4 36776
F 4 36776
Task 0
Task 0
Task 0
Task 0
Task 0
Task 0
Task 0
Task 0
Task 0
Task 0
Task 0
Task 0
Task 0
P 0 36910
D 4 36910
F 4 36910
Task 0
Task 0
F 0 36929
P 0 36929
D 4 36929
F 4 36929
IDLE 36930
P 3 37044
D 4 37044
R 1 37044
R 2 37044
F 4 37045
D 2 37046
Task 2
Task 2
Task 2
Task 2
Task 2
Task 2
Task 2
Task 2
Task 2
Task 2
D 2 37152
P 2 37152
D 4 37152
F 4 37152
D 1 37153
Task 1
Task 1
P 1 37178
D 4 37178
F 4 37178
Task 1
Task 1
Task 1
Task 1
Task 1
Task 1
Task 1
Task 1
Task 1
Task 1
Task 1
Task 1
Task 1
P 1 37312
D 4 37312
F 4 37313
Task 1
Task 1
Task 1
Task 1
Task 1
F 1 37362
P 1 37362
D 4 37362
F 4 37363
IDLE 37364
P 3 37447
D 4 37447
F 4 37447
IDLE 37447
P 3 37581
D 4 37581
R 0 37581
R 2 37581
F 4 37582
D 2 37583
Task 2
Task 2
Task 2
Task 2
Task 2
Task 2
Task 2
Task 2
Task 2
Task 2
D 2 37689
P 2 37689
D 4 37689
F 4 37689
D 0 37689
Task 0
Task 0
P 0 37715
D 4 37715
F 4 37715
Task 0
Task 0
Task 0
Task 0
Task 0
Task 0
Task 0
Task 0
Task 0
Task 0
Task 0
Task 0
Task 0
P 0 37849
D 4 37849
F 4 37849
Task 0
Task 0
Task 0
Task 0
Task 0
Task 0
Task 0
Task 0
Task 0
Task 0
Task 0
Task 0
Task 0
P 0 37984
D 4 37984
F 4 37984
Task 0
Task 0
Task 0
Task 0
Task 0
Task 0
Task 0
Task 0
Task 0
Task 0
Task 0
Task 0
Task 0
P 0 38118
D 4 38118
R 1 38118
R 2 38118
F 4 38119
D 2 38120
Task 2
Task 2
Task 2
Task 2
Task 2
Task 2
Task 2
Task 2
Task 2
Task 2
D 2 38226
P 2 38226
D 4 38226
F 4 38226
D 1 38227
Task 1
Task 1
P 1 38252
D 4 38252
F 4 38252
Task 1
Task 1
Task 1
Task 1
Task 1
Task 1
Task 1
Task 1
Task 1
Task 1
Task 1
Task 1
Task 1
P 1 38386
D 4 38386
F 4 38386
Task 1
Task 1
Task 1
Task 1
Task 1
F 1 38436
P 1 38436
D 4 38436
F 4 38437
Task 0
Task 0
Task 0
Task 0
Task 0
Task 0
Task 0
P 0 38520
D 4 38520
R 2 38520
F 4 38521
D 2 38521
Task 2
Task 2
Task 2
Task 2
Task 2
Task 2
Task 2
Task 2
Task 2
Task 2
D 2 38627
P 2 38627
D 4 38627
F 4 38627
Task 0
Task 0
Task 0
P 0 38655
D 4 38655
F 4 38655
Task 0
Task 0
Task 0
Task 0
Task 0
Task 0
Task 0
Task 0
Task 0
Task 0
Task 0
Task 0
Task 0
P 0 38789
D 4 38789
F 4 38789
Task 0
Task 0
Task 0
Task 0
Task 0
Task 0
Task 0
Task 0
Task 0
Task 0
Task 0
Task 0
Task 0
P 0 38923
D 4 38923
F 4 38923
Task 0
Task 0
Task 0
Task 0
Task 0
Task 0
Task 0
Task 0
Task 0
Task 0
Task 0
Task 0
Task 0
P 0 39057
D 4 39057
R 1 39057
R 2 39057
F 4 39058
D 2 39059
Task 2
Task 2
Task 2
Task 2
Task 2
Task 2
Task 2
Task 2
Task 2
Task 2
D 2 39165
P 2 39165
D 4 39165
F 4 39165
D 1 39166
Task 1
Task 1
P 1 39192
D 4 39192
F 4 39192
Task 1
Task 1
Task 1
Task 1
Task 1
Task 1
Task 1
Task 1
Task 1
Task 1
Task 1
Task 1
Task 1
P 1 39326
D 4 39326
F 4 39326
Task 1
Task 1
Task 1
Task 1
Task 1
F 1 39375
P 1 39375
D 4 39375
F 4 39376
Task 0
Task 0
Task 0
Task 0
Task 0
Task 0
Task 0
Task 0
P 0 39460
D 4 39460
F 4 39460
Task 0
Task 0
F 0 39479
P 0 39479
D 4 39479
F 4 39480
IDLE 39481
P 3 39594
D 4 39594
R 2 39594
F 4 39594
D 2 39595
Task 2
Task 2
Task 2
Task 2
Task 2
Task 2
Task 2
Task 2
Task 2
Task 2
D 2 39701
P 2 39701
D 4 39701
F 4 39701
IDLE 39702
P 3 39728
D 4 39728
F 4 39728
IDLE 39728
P 3 39863
D 4 39863
F 4 39863
IDLE 39863
P 3 39997
D 4 39997
F 4 39997
IDLE 39997
P 3 40131
D 4 40131
R 0 40131
R 1 40131
R 2 40132
F 4 40133
D 2 40134
Task 2
Task 2
Task 2
Task 2
Task 2
Task 2
Task 2
Task 2
Task 2
Task 2
D 2 40240
P 2 40240
D 4 40240
F 4 40240
D 1 40241
Task 1
Task 1
P 1 40265
D 4 40265
F 4 40265
Task 1
Task 1
Task 1
Task 1
Task 1
Task 1
Task 1
Task 1
Task 1
Task 1
Task 1
Task 1
Task 1
P 1 40399
D 4 40400
F 4 40400
Task 1
Task 1
Task 1
Task 1
Task 1
F 1 40450
P 1 40450
D 4 40450
F 4 40451
D 0 40452
Task 0
Task 0
Task 0
Task 0
Task 0
Task 0
Task 0
P 0 40534
D 4 40534
R 2 40534
F 4 40534
D 2 40535
Task 2
Task 2
Task 2
Task 2
Task 2
Task 2
Task 2
Task 2
Task 2
Task 2
D 2 40640
P 2 40640
D 4 40640
F 4 40640
Task 0
Task 0
Task 0
P 0 40668
D 4 40668
F 4 40668
Task 0
Task 0
Task 0
Task 0
Task 0
Task 0
Task 0
Task 0
Task 0
Task 0
Task 0
Task 0
Task 0
P 0 40802
D 4 40802
F 4 40802
Task 0
Task 0
Task 0
Task 0
Task 0
Task 0
Task 0
Task 0
Task 0
Task 0
Task 0
Task 0
Task 0
P 0 40936
D 4 40936
F 4 40936
Task 0
Task 0
Task 0
Task 0
Task 0
Task 0
Task 0
Task 0
Task 0
Task 0
Task 0
Task 0
Task 0
P 0 41071
D 4 41071
R 1 41071
R 2 41071
F 4 41072
D 2 41073
Task 2
Task 2
Task 2
Task 2
Task 2
Task 2
Task 2
Task 2
Task 2
Task 2
D 2 41179
P 2 41179
D 4 41179
F 4 41179
D 1 41180
Task 1
Task 1
P 1 41205
D 4 41205
F 4 41205
Task 1
Task 1
Task 1
Task 1
Task 1
Task 1
Task 1
Task 1
Task 1
Task 1
Task 1
Task 1
Task 1
P 1 41339
D 4 41339
F 4 41339
Task 1
Task 1
Task 1
Task 1
Task 1
F 1 41389
P 1 41389
D 4 41389
F 4 41390
Task 0
Task 0
Task 0
Task 0
Task 0
Task 0
Task 0
P 0 41473
D 4 41473
F 4 41473
Task 0
Task 0
Task 0
Task 0
Task 0
Task 0
Task 0
Task 0
Task 0
Task 0
Task 0
Task 0
Task 0
P 0 41607
D 4 41607
R 2 41607
F 4 41608
D 2 41608
Task 2
Task 2
Task 2
Task 2
Task 2
Task 2
Task 2
Task 2
Task 2
Task 2
D 2 41714
P 2 41714
D 4 41714
F 4 41714
Task 0
Task 0
Task 0
P 0 41742
D 4 41742
F 4 41742
Task 0
Task 0
Task 0
Task 0
Task 0
Task 0
Task 0
Task 0
Task 0
Task 0
Task 0
Task 0
Task 0
P 0 41876
D 4 41876
F 4 41876
Task 0
Task 0
Task 0
Task 0
Task 0
Task 0
Task 0
Task 0
Task 0
Task 0
Task 0
Task 0
Task 0
P 0 42010
D 4 42010
R 1 42010
R 2 42010
F 4 42011
D 2 42012
Task 2
Task 2
Task 2
Task 2
Task 2
Task 2
Task 2
Task 2
Task 2
Task 2
D 2 42118
P 2 42118
D 4 42118
F 4 42118
Task 0
Task 0
F 0 42138
P 0 42138
D 4 42138
F 4 42139
D 1 42139
P 1 42144
D 4 42144
F 4 42144
Task 1
Task 1
Task 1
Task 1
Task 1
Task 1
Task 1
Task 1
Task 1
Task 1
Task 1
Task 1
Task 1
P 1 42279
D 4 42279
F 4 42279
Task 1
Task 1
Task 1
Task 1
Task 1
Task 1
Task 1
F 1 42349
P 1 42349
D 4 42349
F 4 42349
IDLE 42350
P 3 42413
D 4 42413
F 4 42413
IDLE 42413
P 3 42547
D 4 42547
R 0 42547
R 2 42547
F 4 42548
D 2 42549
Task 2
Task 2
Task 2
Task 2
Task 2
Task 2
Task 2
Task 2
Task 2
Task 2
D 2 42655
P 2 42655
D 4 42655
F 4 42655
D 0 42656
Task 0
Task 0
P 0 42681
D 4 42681
F 4 42681
Task 0
Task 0
Task 0
Task 0
Task 0
Task 0
Task 0
Task 0
Task 0
Task 0
Task 0
Task 0
Task 0
P 0 42815
D 4 42815
F 4 42815
Task 0
Task 0
Task 0
Task 0
Task 0
Task 0
Task 0
Task 0
Task 0
Task 0
Task 0
Task 0
Task 0
P 0 42950
D 4 42950
F 4 42950
Task 0
Task 0
Task 0
Task 0
Task 0
Task 0
Task 0
Task 0
Task 0
Task 0
Task 0
Task 0
Task 0
P 0 43084
D 4 43084
R 1 43084
R 2 43084
F 4 43085
D 2 43086
Task 2
Task 2
Task 2
Task 2
Task 2
Task 2
Task 2
Task 2
Task 2
Task 2
D 2 43192
P 2 43192
D 4 43192
F 4 43192
D 1 43193
Task 1
Task 1
P 1 43218
D 4 43218
F 4 43218
Task 1
Task 1
Task 1
Task 1
Task 1
Task 1
Task 1
Task 1
Task 1
Task 1
Task 1
Task 1
Task 1
P 1 43352
D 4 43352
F 4 43352
Task 1
Task 1
Task 1
Task 1
Task 1
F 1 43402
P 1 43402
D 4 43402
F 4 43403
Task 0
Task 0
Task 0
Task 0
Task 0
Task 0
Task 0
P 0 43486
D 4 43487
F 4 43487
Task 0
Task 0
Task 0
Task 0
Task 0
Task 0
Task 0
Task 0
Task 0
Task 0
Task 0
Task 0
Task 0
P 0 43621
D 4 43621
R 2 43621
F 4 43621
D 2 43622
Task 2
Task 2
Task 2
Task 2
Task 2
Task 2
Task 2
Task 2
Task 2
Task 2
D 2 43727
P 2 43727
D 4 43727
F 4 43727
Task 0
Task 0
Task 0
P 0 43755
D 4 43755
F 4 43755
Task 0
Task 0
Task 0
Task 0
Task 0
Task 0
Task 0
Task 0
Task 0
Task 0
Task 0
Task 0
Task 0
P 0 43889
D 4 43889
F 4 43889
Task 0
Task 0
Task 0
Task 0
Task 0
Task 0
Task 0
Task 0
Task 0
Task 0
Task 0
Task 0
Task 0
P 0 44023
D 4 44023
R 1 44023
R 2 44023
F 4 44024
D 2 44025
Task 2
Task 2
Task 2
Task 2
Task 2
Task 2
Task 2
Task 2
Task 2
Task 2
D 2 44131
P 2 44131
D 4 44131
F 4 44131
D 1 44132
Task 1
Task 1
P 1 44158
D 4 44158
F 4 44158
Task 1
Task 1
Task 1
Task 1
Task 1
Task 1
Task 1
Task 1
Task 1
Task 1
Task 1
Task 1
Task 1
P 1 44292
D 4 44292
F 4 44292
Task 1
Task 1
Task 1
Task 1
Task 1
F 1 44341
P 1 44341
D 4 44341
F 4 44342
Task 0
Task 0
Task 0
Task 0
Task 0
Task 0
Task 0
Task 0
P 0 44426
D 4 44426
F 4 44426
Task 0
Task 0
F 0 44445
P 0 44445
D 4 44445
F 4 44446
IDLE 44447
P 3 44560
D 4 44560
R 2 44560
F 4 44560
D 2 44561
Task 2
Task 2
Task 2
Task 2
Task 2
Task 2
Task 2
Task 2
Task 2
Task 2
D 2 44667
P 2 44667
D 4 44667
F 4 44667
IDLE 44668
P 3 44694
D 4 44694
F 4 44694
IDLE 44695
P 3 44829
D 4 44829
F 4 44829
IDLE 44829
P 3 44963
D 4 44963
F 4 44963
IDLE 44963
P 3 45097
D 4 45097
R 0 45097
R 1 45097
R 2 45098
F 4 45099
D 2 45100
Task 2
Task 2
Task 2
Task 2
Task 2
Task 2
Task 2
Task 2
Task 2
Task 2
D 2 45206
P 2 45206
D 4 45206
F 4 45206
D 1 45207
Task 1
Task 1
P 1 45231
D 4 45231
F 4 45231
Task 1
Task 1
Task 1
Task 1
Task 1
Task 1
Task 1
Task 1
Task 1
Task 1
Task 1
Task 1
Task 1
P 1 45366
D 4 45366
F 4 45366
Task 1
Task 1
Task 1
Task 1
Task 1
F 1 45416
P 1 45416
D 4 45416
F 4 45417
D 0 45418
Task 0
Task 0
Task 0
Task 0
Task 0
Task 0
Task 0
P 0 45500
D 4 45500
R 2 45500
F 4 45500
D 2 45501
Task 2
Task 2
Task 2
Task 2
Task 2
Task 2
Task 2
Task 2
Task 2
Task 2
D 2 45606
P 2 45606
D 4 45606
F 4 45606
Task 0
Task 0
Task 0
P 0 45634
D 4 45634
F 4 45634
Task 0
Task 0
Task 0
Task 0
Task 0
Task 0
Task 0
Task 0
Task 0
Task 0
Task 0
Task 0
Task 0
P 0 45768
D 4 45768
F 4 45768
Task 0
Task 0
Task 0
Task 0
Task 0
Task 0
Task 0
Task 0
Task 0
Task 0
Task 0
Task 0
Task 0
P 0 45902
D 4 45902
F 4 45902
Task 0
Task 0
Task 0
Task 0
Task 0
Task 0
Task 0
Task 0
Task 0
Task 0
Task 0
Task 0
Task 0
P 0 46037
D 4 46037
R 1 46037
R 2 46037
F 4 46038
D 2 46039
Task 2
Task 2
Task 2
Task 2
Task 2
Task 2
Task 2
Task 2
Task 2
Task 2
D 2 46145
P 2 46145
D 4 46145
F 4 46145
D 1 46146
Task 1
Task 1
P 1 46171
D 4 46171
F 4 46171
Task 1
Task 1
Task 1
Task 1
Task 1
Task 1
Task 1
Task 1
Task 1
Task 1
Task 1
Task 1
Task 1
P 1 46305
D 4 46305
F 4 46305
Task 1
Task 1
Task 1
Task 1
Task 1
F 1 46355
P 1 46355
D 4 46355
F 4 46356
Task 0
Task 0
Task 0
Task 0
Task 0
Task 0
Task 0
P 0 46439
D 4 46439
F 4 46439
Task 0
Task 0
Task 0
Task 0
Task 0
Task 0
Task 0
Task 0
Task 0
Task 0
Task 0
Task 0
Task 0
P 0 46573
D 4 46574
R 2 46574
F 4 46574
D 2 46574
Task 2
Task 2
Task 2
Task 2
Task 2
Task 2
Task 2
Task 2
Task 2
Task 2
D 2 46680
P 2 46680
D 4 46680
F 4 46680
Task 0
Task 0
Task 0
P 0 46708
D 4 46708
F 4 46708
Task 0
Task 0
Task 0
Task 0
Task 0
Task 0
Task 0
Task 0
Task 0
Task 0
Task 0
Task 0
Task 0
P 0 46842
D 4 46842
F 4 46842
Task 0
Task 0
Task 0
Task 0
Task 0
Task 0
Task 0
Task 0
Task 0
Task 0
Task 0
Task 0
Task 0
P 0 46976
D 4 46976
F 4 46976
Task 0
Task 0
F 0 46995
P 0 46995
D 4 46995
F 4 46996
IDLE 46997
P 3 47110
D 4 47110
R 1 47110
R 2 47110
F 4 47111
D 2 47112
Task 2
Task 2
Task 2
Task 2
Task 2
Task 2
Task 2
Task 2
Task 2
Task 2
D 2 47218
P 2 47218
D 4 47218
F 4 47218
D 1 47219
Task 1
Task 1
P 1 47245
D 4 47245
F 4 47245
Task 1
Task 1
Task 1
Task 1
Task 1
Task 1
Task 1
Task 1
Task 1
Task 1
Task 1
Task 1
Task 1
P 1 47379
D 4 47379
F 4 47379
Task 1
Task 1
Task 1
Task 1
Task 1
F 1 47428
P 1 47428
D 4 47428
F 4 47429
IDLE 47430
P 3 47513
D 4 47513
R 0 47513
R 2 47513
F 4 47514
D 2 47515
Task 2
Task 2
Task 2
Task 2
Task 2
Task 2
Task 2
Task 2
Task 2
Task 2
D 2 47621
P 2 47621
D 4 47621
F 4 47621
D 0 47622
Task 0
Task 0
P 0 47647
D 4 47647
F 4 47647
Task 0
Task 0
Task 0
Task 0
Task 0
Task 0
Task 0
Task 0
Task 0
Task 0
Task 0
Task 0
Task 0
P 0 47781
D 4 47781
F 4 47782
Task 0
Task 0
Task 0
Task 0
Task 0
Task 0
Task 0
Task 0
Task 0
Task 0
Task 0
Task 0
Task 0
P 0 47916
D 4 47916
F 4 47916
Task 0
Task 0
Task 0
Task 0
Task 0
Task 0
Task 0
Task 0
Task 0
Task 0
Task 0
Task 0
Task 0
P 0 48050
D 4 48050
R 1 48050
R 2 48050
F 4 48051
D 2 48052
Task 2
Task 2
Task 2
Task 2
Task 2
Task 2
Task 2
Task 2
Task 2
Task 2
D 2 48158
P 2 48158
D 4 48158
F 4 48158
D 1 48159
Task 1
Task 1
P 1 48184
D 4 48184
F 4 48184
Task 1
Task 1
Task 1
Task 1
Task 1
Task 1
Task 1
Task 1
Task 1
Task 1
Task 1
Task 1
Task 1
P 1 48318
D 4 48318
F 4 48318
Task 1
Task 1
Task 1
Task 1
Task 1
F 1 48368
P 1 48368
D 4 48368
F 4 48369
Task 0
Task 0
Task 0
Task 0
Task 0
Task 0
Task 0
P 0 48453
D 4 48453
F 4 48453
Task 0
Task 0
Task 0
Task 0
Task 0
Task 0
Task 0
Task 0
Task 0
Task 0
Task 0
Task 0
Task 0
P 0 48587
D 4 48587
R 2 48587
F 4 48587
D 2 48588
Task 2
Task 2
Task 2
Task 2
Task 2
Task 2
Task 2
Task 2
Task 2
Task 2
D 2 48693
P 2 48693
D 4 48693
F 4 48694
Task 0
Task 0
Task 0
P 0 48721
D 4 48721
F 4 48721
Task 0
Task 0
Task 0
Task 0
Task 0
Task 0
Task 0
Task 0
Task 0
Task 0
Task 0
Task 0
Task 0
P 0 48855
D 4 48855
F 4 48855
Task 0
Task 0
Task 0
Task 0
Task 0
Task 0
Task 0
Task 0
Task 0
Task 0
Task 0
Task 0
Task 0
P 0 48989
D 4 48989
F 4 48989
Task 0
Task 0
Task 0
Task 0
Task 0
Task 0
Task 0
Task 0
Task 0
Task 0
F 0 49092
P 0 49092
D 4 49092
R 1 49093
R 2 49094
F 4 49095
D 2 49095
Task 2
Task 2
Task 2
P 2 49124
D 4 49124
F 4 49124
Task 2
Task 2
Task 2
Task 2
Task 2
Task 2
Task 2
D 2 49201
P 2 49201
D 4 49201
F 4 49201
D 1 49202
Task 1
Task 1
Task 1
Task 1
Task 1
P 1 49258
D 4 49258
F 4 49258
Task 1
Task 1
Task 1
Task 1
Task 1
Task 1
Task 1
Task 1
Task 1
Task 1
Task 1
Task 1
Task 1
P 1 49392
D 4 49392
F 4 49392
Task 1
Task 1
F 1 49412
P 1 49412
D 4 49412
F 4 49412
IDLE 49413
P 3 49526
D 4 49526
R 2 49526
F 4 49526
D 2 49527
Task 2
Task 2
Task 2
Task 2
Task 2
Task 2
Task 2
Task 2
Task 2
Task 2
D 2 49633
P 2 49633
D 4 49633
F 4 49633
IDLE 49634
P 3 49660
D 4 49661
F 4 49661
IDLE 49661
P 3 49795
D 4 49795
F 4 49795
IDLE 49795
P 3 49929
D 4 49929
F 4 49929
IDLE 49929
P 3 50063
D 4 50063
R 0 50063
R 1 50063
R 2 50064
F 4 50065
D 2 50066
Task 2
Task 2
Task 2
Task 2
Task 2
Task 2
Task 2
Task 2
Task 2
Task 2
D 2 50172
P 2 50172
D 4 50172
F 4 50172
D 1 50173
Task 1
Task 1
P 1 50197
D 4 50197
F 4 50197
Task 1
Task 1
Task 1
Task 1
Task 1
Task 1
Task 1
Task 1
Task 1
Task 1
Task 1
Task 1
Task 1
P 1 50332
D 4 50332
F 4 50332
Task 1
Task 1
Task 1
Task 1
Task 1
F 1 50382
P 1 50382
D 4 50382
F 4 50383
D 0 50384
Task 0
Task 0
Task 0
Task 0
Task 0
Task 0
Task 0
P 0 50466
D 4 50466
F 4 50466
Task 0
Task 0
Task 0
Task 0
Task 0
Task 0
Task 0
Task 0
Task 0
Task 0
Task 0
Task 0
Task 0
P 0 50600
D 4 50600
R 2 50600
F 4 50600
D 2 50601
Task 2
Task 2
Task 2
Task 2
Task 2
Task 2
Task 2
Task 2
Task 2
Task 2
D 2 50707
P 2 50707
D 4 50707
F 4 50707
Task 0
Task 0
Task 0
P 0 50734
D 4 50734
F 4 50734
Task 0
Task 0
Task 0
Task 0
Task 0
Task 0
Task 0
Task 0
Task 0
Task 0
Task 0
Task 0
Task 0
P 0 50868
D 4 50868
F 4 50869
Task 0
Task 0
Task 0
Task 0
Task 0
Task 0
Task 0
Task 0
Task 0
Task 0
Task 0
Task 0
Task 0
P 0 51003
D 4 51003
R 1 51003
R 2 51003
F 4 51004
D 2 51005
Task 2
Task 2
Task 2
Task 2
Task 2
Task 2
Task 2
Task 2
Task 2
Task 2
D 2 51111
P 2 51111
D 4 51111
F 4 51111
D 1 51112
Task 1
Task 1
P 1 51137
D 4 51137
F 4 51137
Task 1
Task 1
Task 1
Task 1
Task 1
Task 1
Task 1
Task 1
Task 1
Task 1
Task 1
Task 1
Task 1
P 1 51271
D 4 51271
F 4 51271
Task 1
Task 1
Task 1
Task 1
Task 1
F 1 51321
P 1 51321
D 4 51321
F 4 51322
Task 0
Task 0
Task 0
Task 0
Task 0
Task 0
Task 0
P 0 51405
D 4 51405
F 4 51405
Task 0
Task 0
Task 0
Task 0
Task 0
Task 0
Task 0
Task 0
Task 0
Task 0
Task 0
Task 0
Task 0
P 0 51540
D 4 51540
R 2 51540
F 4 51540
D 2 51541
Task 2
Task 2
Task 2
Task 2
Task 2
Task 2
Task 2
Task 2
Task 2
Task 2
D 2 51646
P 2 51646
D 4 51646
F 4 51646
Task 0
Task 0
Task 0
P 0 51674
D 4 51674
F 4 51674
Task 0
Task 0
Task 0
Task 0
Task 0
Task 0
Task 0
Task 0
Task 0
Task 0
Task 0
Task 0
Task 0
P 0 51808
D 4 51808
F 4 51808
Task 0
Task 0
Task 0
Task 0
Task 0
Task 0
Task 0
Task 0
Task 0
Task 0
Task 0
Task 0
Task 0
P 0 51942
D 4 51942
F 4 51942
Task 0
Task 0
F 0 51961
P 0 51962
D 4 51962
F 4 51962
IDLE 51963
P 3 52076
D 4 52076
R 1 52076
R 2 52076
F 4 52077
D 2 52078
Task 2
Task 2
Task 2
Task 2
Task 2
Task 2
Task 2
Task 2
Task 2
Task 2
D 2 52184
P 2 52184
D 4 52184
F 4 52184
D 1 52185
Task 1
Task 1
P 1 52211
D 4 52211
F 4 52211
Task 1
Task 1
Task 1
Task 1
Task 1
Task 1
Task 1
Task 1
Task 1
Task 1
Task 1
Task 1
Task 1
P 1 52345
D 4 52345
F 4 52345
Task 1
Task 1
Task 1
Task 1
Task 1
F 1 52394
P 1 52394
D 4 52394
F 4 52395
IDLE 52396
P 3 52479
D 4 52479
F 4 52479
IDLE 52479
P 3 52613
D 4 52613
R 0 52613
R 2 52613
F 4 52614
D 2 52615
Task 2
Task 2
Task 2
Task 2
Task 2
Task 2
Task 2
Task 2
Task 2
Task 2
D 2 52721
P 2 52721
D 4 52721
F 4 52721
D 0 52722
Task 0
Task 0
P 0 52748
D 4 52748
F 4 52748
Task 0
Task 0
Task 0
Task 0
Task 0
Task 0
Task 0
Task 0
Task 0
Task 0
Task 0
Task 0
Task 0
P 0 52882
D 4 52882
F 4 52882
Task 0
Task 0
Task 0
Task 0
Task 0
Task 0
Task 0
Task 0
Task 0
Task 0
Task 0
Task 0
Task 0
P 0 53016
D 4 53016
R 1 53016
R 2 53016
F 4 53017
D 2 53018
Task 2
Task 2
Task 2
Task 2
Task 2
Task 2
Task 2
Task 2
Task 2
Task 2
D 2 53124
P 2 53124
D 4 53124
F 4 53124
D 1 53125
Task 1
Task 1
P 1 53150
D 4 53150
F 4 53150
Task 1
Task 1
Task 1
Task 1
Task 1
Task 1
Task 1
Task 1
Task 1
Task 1
Task 1
Task 1
Task 1
P 1 53284
D 4 53284
F 4 53284
Task 1
Task 1
Task 1
Task 1
Task 1
F 1 53334
P 1 53334
D 4 53334
F 4 53335
Task 0
Task 0
Task 0
Task 0
Task 0
Task 0
Task 0
Task 0
P 0 53419
D 4 53419
F 4 53419
Task 0
Task 0
Task 0
Task 0
Task 0
Task 0
Task 0
Task 0
Task 0
Task 0
Task 0
Task 0
Task 0
P 0 53553
D 4 53553
R 2 53553
F 4 53553
D 2 53554
Task 2
Task 2
Task 2
Task 2
Task 2
Task 2
Task 2
Task 2
Task 2
Task 2
D 2 53660
P 2 53660
D 4 53660
F 4 53660
Task 0
Task 0
P 0 53687
D 4 53687
F 4 53687
Task 0
Task 0
Task 0
Task 0
Task 0
Task 0
Task 0
Task 0
Task 0
Task 0
Task 0
Task 0
Task 0
P 0 53821
D 4 53821
F 4 53821
Task 0
Task 0
Task 0
Task 0
Task 0
Task 0
Task 0
Task 0
Task 0
Task 0
Task 0
Task 0
Task 0
P 0 53955
D 4 53955
F 4 53956
Task 0
Task 0
Task 0
Task 0
Task 0
Task 0
Task 0
Task 0
Task 0
Task 0
Task 0
Task 0
Task 0
P 0 54090
D 4 54090
R 1 54090
R 2 54090
F 4 54091
D 2 54092
Task 2
Task 2
Task 2
Task 2
Task 2
Task 2
Task 2
Task 2
Task 2
Task 2
D 2 54197
P 2 54197
D 4 54197
F 4 54197
D 1 54198
Task 1
Task 1
P 1 54224
D 4 54224
F 4 54224
Task 1
Task 1
Task 1
Task 1
Task 1
Task 1
Task 1
Task 1
Task 1
Task 1
Task 1
Task 1
Task 1
P 1 54358
D 4 54358
F 4 54358
Task 1
Task 1
Task 1
Task 1
Task 1
F 1 54408
P 1 54408
D 4 54408
F 4 54408
Task 0
Task 0
Task 0
Task 0
Task 0
Task 0
Task 0
Task 0
P 0 54492
D 4 54492
F 4 54492
Task 0
Task 0
F 0 54511
P 0 54511
D 4 54511
R 2 54512
F 4 54513
D 2 54514
Task 2
Task 2
Task 2
Task 2
Task 2
Task 2
Task 2
Task 2
Task 2
Task 2
D 2 54620
P 2 54620
D 4 54620
F 4 54620
IDLE 54621
P 3 54627
D 4 54627
F 4 54627
IDLE 54627
P 3 54761
D 4 54761
F 4 54761
IDLE 54761
P 3 54895
D 4 54895
F 4 54895
IDLE 54895
P 3 55029
D 4 55029
R 0 55029
R 1 55029
R 2 55030
F 4 55031
D 2 55032
Task 2
Task 2
Task 2
Task 2
Task 2
Task 2
Task 2
Task 2
Task 2
Task 2
D 2 55138
P 2 55138
D 4 55138
F 4 55138
D 1 55139
Task 1
Task 1
P 1 55163
D 4 55163
F 4 55163
Task 1
Task 1
Task 1
Task 1
Task 1
Task 1
Task 1
Task 1
Task 1
Task 1
Task 1
Task 1
Task 1
P 1 55298
D 4 55298
F 4 55298
Task 1
Task 1
Task 1
Task 1
Task 1
F 1 55348
P 1 55348
D 4 55348
F 4 55349
D 0 55350
Task 0
Task 0
Task 0
Task 0
Task 0
Task 0
Task 0
P 0 55432
D 4 55432
F 4 55432
Task 0
Task 0
Task 0
Task 0
Task 0
Task 0
Task 0
Task 0
Task 0
Task 0
Task 0
Task 0
Task 0
P 0 55566
D 4 55566
R 2 55566
F 4 55566
D 2 55567
Task 2
Task 2
Task 2
Task 2
Task 2
Task 2
Task 2
Task 2
Task 2
Task 2
D 2 55673
P 2 55673
D 4 55673
F 4 55673
Task 0
Task 0
Task 0
P 0 55700
D 4 55700
F 4 55700
Task 0
Task 0
Task 0
Task 0
Task 0
Task 0
Task 0
Task 0
Task 0
Task 0
Task 0
Task 0
Task 0
P 0 55835
D 4 55835
F 4 55835
Task 0
Task 0
Task 0
Task 0
Task 0
Task 0
Task 0
Task 0
Task 0
Task 0
Task 0
Task 0
Task 0
P 0 55969
D 4 55969
F 4 55969
Task 0
Task 0
Task 0
Task 0
Task 0
Task 0
Task 0
Task 0
Task 0
Task 0
Task 0
Task 0
P 0 56103
D 4 56103
R 1 56103
R 2 56103
F 4 56104
D 2 56105
Task 2
Task 2
Task 2
Task 2
Task 2
Task 2
Task 2
Task 2
Task 2
Task 2
D 2 56211
P 2 56211
D 4 56211
F 4 56211
D 1 56212
Task 1
Task 1
P 1 56237
D 4 56237
F 4 56237
Task 1
Task 1
Task 1
Task 1
Task 1
Task 1
Task 1
Task 1
Task 1
Task 1
Task 1
Task 1
Task 1
P 1 56371
D 4 56371
F 4 56371
Task 1
Task 1
Task 1
Task 1
Task 1
F 1 56421
P 1 56421
D 4 56421
F 4 56422
Task 0
Task 0
Task 0
Task 0
Task 0
Task 0
Task 0
Task 0
P 0 56506
D 4 56506
R 2 56506
F 4 56506
D 2 56507
Task 2
Task 2
Task 2
Task 2
Task 2
Task 2
Task 2
Task 2
Task 2
Task 2
D 2 56612
P 2 56612
D 4 56612
F 4 56612
Task 0
Task 0
Task 0
P 0 56640
D 4 56640
F 4 56640
Task 0
Task 0
Task 0
Task 0
Task 0
Task 0
Task 0
Task 0
Task 0
Task 0
Task 0
Task 0
Task 0
P 0 56774
D 4 56774
F 4 56774
Task 0
Task 0
Task 0
Task 0
Task 0
Task 0
Task 0
Task 0
Task 0
Task 0
Task 0
Task 0
Task 0
P 0 56908
D 4 56908
F 4 56908
Task 0
Task 0
F 0 56927
P 0 56927
D 4 56927
F 4 56928
IDLE 56929
P 3 57042
D 4 57042
R 1 57043
R 2 57043
F 4 57043
D 2 57044
Task 2
Task 2
Task 2
Task 2
Task 2
Task 2
Task 2
Task 2
Task 2
Task 2
D 2 57150
P 2 57150
D 4 57150
F 4 57150
D 1 57151
Task 1
Task 1
P 1 57177
D 4 57177
F 4 57177
Task 1
Task 1
Task 1
Task 1
Task 1
Task 1
Task 1
Task 1
Task 1
Task 1
Task 1
Task 1
Task 1
P 1 57311
D 4 57311
F 4 57311
Task 1
Task 1
Task 1
Task 1
Task 1
F 1 57360
P 1 57360
D 4 57360
F 4 57361
IDLE 57362
P 3 57445
D 4 57445
F 4 57445
IDLE 57445
P 3 57579
D 4 57579
R 0 57579
R 2 57579
F 4 57580
D 2 57581
Task 2
Task 2
Task 2
Task 2
Task 2
Task 2
Task 2
Task 2
Task 2
Task 2
D 2 57687
P 2 57687
D 4 57687
F 4 57687
D 0 57688
Task 0
Task 0
P 0 57714
D 4 57714
F 4 57714
Task 0
Task 0
Task 0
Task 0
Task 0
Task 0
Task 0
Task 0
Task 0
Task 0
Task 0
Task 0
Task 0
P 0 57848
D 4 57848
F 4 57848
Task 0
Task 0
Task 0
Task 0
Task 0
Task 0
Task 0
Task 0
Task 0
Task 0
Task 0
Task 0
Task 0
P 0 57982
D 4 57982
F 4 57982
Task 0
Task 0
Task 0
Task 0
Task 0
Task 0
Task 0
Task 0
Task 0
Task 0
Task 0
Task 0
Task 0
P 0 58116
D 4 58116
R 1 58116
R 2 58117
F 4 58117
D 2 58118
Task 2
Task 2
Task 2
Task 2
Task 2
Task 2
Task 2
Task 2
Task 2
Task 2
D 2 58224
P 2 58224
D 4 58224
F 4 58224
D 1 58225
Task 1
Task 1
P 1 58250
D 4 58250
F 4 58250
Task 1
Task 1
Task 1
Task 1
Task 1
Task 1
Task 1
Task 1
Task 1
Task 1
Task 1
Task 1
Task 1
P 1 58385
D 4 58385
F 4 58385
Task 1
Task 1
Task 1
Task 1
Task 1
F 1 58434
P 1 58434
D 4 58434
F 4 58435
Task 0
Task 0
Task 0
Task 0
Task 0
Task 0
Task 0
P 0 58519
D 4 58519
R 2 58519
F 4 58519
D 2 58520
Task 2
Task 2
Task 2
Task 2
Task 2
Task 2
Task 2
Task 2
Task 2
Task 2
D 2 58626
P 2 58626
D 4 58626
F 4 58626
Task 0
Task 0
Task 0
P 0 58653
D 4 58653
F 4 58653
Task 0
Task 0
Task 0
Task 0
Task 0
Task 0
Task 0
Task 0
Task 0
Task 0
Task 0
Task 0
Task 0
P 0 58787
D 4 58787
F 4 58787
Task 0
Task 0
Task 0
Task 0
Task 0
Task 0
Task 0
Task 0
Task 0
Task 0
Task 0
Task 0
Task 0
P 0 58922
D 4 58922
F 4 58922
Task 0
Task 0
Task 0
Task 0
Task 0
Task 0
Task 0
Task 0
Task 0
Task 0
Task 0
Task 0
Task 0
P 0 59056
D 4 59056
R 1 59056
R 2 59056
F 4 59057
D 2 59058
Task 2
Task 2
Task 2
Task 2
Task 2
Task 2
Task 2
Task 2
Task 2
Task 2
D 2 59163
P 2 59163
D 4 59163
F 4 59163
D 1 59164
Task 1
Task 1
P 1 59190
D 4 59190
F 4 59190
Task 1
Task 1
Task 1
Task 1
Task 1
Task 1
Task 1
Task 1
Task 1
Task 1
Task 1
Task 1
Task 1
P 1 59324
D 4 59324
F 4 59324
Task 1
Task 1
Task 1
Task 1
Task 1
F 1 59374
P 1 59374
D 4 59374
F 4 59374
Task 0
Task 0
Task 0
Task 0
Task 0
Task 0
Task 0
Task 0
P 0 59458
D 4 59458
F 4 59458
Task 0
Task 0
F 0 59478
P 0 59478
D 4 59478
F 4 59479
IDLE 59479
P 3 59593
D 4 59593
R 2 59593
F 4 59593
D 2 59594
Task 2
Task 2
Task 2
Task 2
Task 2
Task 2
Task 2
Task 2
Task 2
Task 2
D 2 59699
P 2 59699
D 4 59699
F 4 59699
IDLE 59700
P 3 59727
D 4 59727
F 4 59727
IDLE 59727
P 3 59861
D 4 59861
F 4 59861
IDLE 59861
P 3 59995
D 4 59995
F 4 59995
IDLE 59995
P 3 60129
D 4 60129
R 0 60130
R 1 60130
R 2 60130
F 4 60131
D 2 60132
Task 2
Task 2
Task 2
Task 2
Task 2
Task 2
Task 2
Task 2
Task 2
Task 2
D 2 60238
P 2 60238
D 4 60238
F 4 60238
D 1 60239
Task 1
Task 1
P 1 60264
D 4 60264
F 4 60264
Task 1
Task 1
Task 1
Task 1
Task 1
Task 1
Task 1
Task 1
Task 1
Task 1
Task 1
Task 1
Task 1
P 1 60398
D 4 60398
F 4 60398
Task 1
Task 1
Task 1
Task 1
Task 1
F 1 60448
P 1 60448
D 4 60448
F 4 60449
D 0 60450
Task 0
Task 0
Task 0
Task 0
Task 0
Task 0
Task 0
P 0 60532
D 4 60532
R 2 60532
F 4 60532
D 2 60533
Task 2
Task 2
Task 2
Task 2
Task 2
Task 2
Task 2
Task 2
Task 2
Task 2
D 2 60639
P 2 60639
D 4 60639
F 4 60639
Task 0
Task 0
Task 0
P 0 60666
D 4 60666
F 4 60666
Task 0
Task 0
Task 0
Task 0
Task 0
Task 0
Task 0
Task 0
Task 0
Task 0
Task 0
Task 0
Task 0
P 0 60801
D 4 60801
F 4 60801
Task 0
Task 0
Task 0
Task 0
Task 0
Task 0
Task 0
Task 0
Task 0
Task 0
Task 0
Task 0
Task 0
P 0 60935
D 4 60935
F 4 60935
Task 0
Task 0
Task 0
Task 0
Task 0
Task 0
Task 0
Task 0
Task 0
Task 0
Task 0
Task 0
Task 0
P 0 61069
D 4 61069
R 1 61069
R 2 61069
F 4 61070
D 2 61071
Task 2
Task 2
Task 2
Task 2
Task 2
Task 2
Task 2
Task 2
Task 2
Task 2
D 2 61177
P 2 61177
D 4 61177
F 4 61177
D 1 61178
Task 1
Task 1
P 1 61203
D 4 61203
F 4 61203
Task 1
Task 1
Task 1
Task 1
Task 1
Task 1
Task 1
Task 1
Task 1
Task 1
Task 1
Task 1
Task 1
P 1 61337
D 4 61337
F 4 61337
Task 1
Task 1
Task 1
Task 1
Task 1
F 1 61387
P 1 61387
D 4 61387
F 4 61388
Task 0
Task 0
Task 0
Task 0
Task 0
Task 0
Task 0
P 0 61472
D 4 61472
F 4 61472
Task 0
Task 0
Task 0
Task 0
Task 0
Task 0
Task 0
Task 0
Task 0
Task 0
Task 0
Task 0
Task 0
P 0 61606
D 4 61606
R 2 61606
F 4 61606
D 2 61607
Task 2
Task 2
Task 2
Task 2
Task 2
Task 2
Task 2
Task 2
Task 2
Task 2
D 2 61713
P 2 61713
D 4 61713
F 4 61713
Task 0
Task 0
Task 0
P 0 61740
D 4 61740
F 4 61740
Task 0
Task 0
Task 0
Task 0
Task 0
Task 0
Task 0
Task 0
Task 0
Task 0
Task 0
Task 0
Task 0
P 0 61874
D 4 61874
F 4 61874
Task 0
Task 0
Task 0
Task 0
Task 0
Task 0
Task 0
Task 0
Task 0
Task 0
Task 0
Task 0
Task 0
P 0 62009
D 4 62009
R 1 62009
R 2 62009
F 4 62010
D 2 62010
Task 2
Task 2
Task 2
Task 2
Task 2
Task 2
Task 2
Task 2
Task 2
Task 2
D 2 62116
P 2 62116
D 4 62116
F 4 62116
Task 0
Task 0
F 0 62136
P 0 62136
D 4 62136
F 4 62137
D 1 62138
P 1 62143
D 4 62143
F 4 62143
Task 1
Task 1
Task 1
Task 1
Task 1
Task 1
Task 1
Task 1
Task 1
Task 1
Task 1
Task 1
Task 1
P 1 62277
D 4 62277
F 4 62277
Task 1
Task 1
Task 1
Task 1
Task 1
Task 1
Task 1
F 1 62347
P 1 62347
D 4 62347
F 4 62348
IDLE 62349
P 3 62411
D 4 62411
F 4 62411
IDLE 62411
P 3 62545
D 4 62545
R 0 62545
R 2 62545
F 4 62546
D 2 62547
Task 2
Task 2
Task 2
Task 2
Task 2
Task 2
Task 2
Task 2
Task 2
Task 2
D 2 62653
P 2 62653
D 4 62653
F 4 62653
D 0 62654
Task 0
Task 0
P 0 62680
D 4 62680
F 4 62680
Task 0
Task 0
Task 0
Task 0
Task 0
Task 0
Task 0
Task 0
Task 0
Task 0
Task 0
Task 0
Task 0
P 0 62814
D 4 62814
F 4 62814
Task 0
Task 0
Task 0
Task 0
Task 0
Task 0
Task 0
Task 0
Task 0
Task 0
Task 0
Task 0
Task 0
P 0 62948
D 4 62948
F 4 62948
Task 0
Task 0
Task 0
Task 0
Task 0
Task 0
Task 0
Task 0
Task 0
Task 0
Task 0
Task 0
Task 0
P 0 63082
D 4 63082
R 1 63082
R 2 63083
F 4 63084
D 2 63085
Task 2
Task 2
Task 2
Task 2
Task 2
Task 2
Task 2
Task 2
Task 2
Task 2
D 2 63190
P 2 63190
D 4 63190
F 4 63190
D 1 63191
Task 1
Task 1
P 1 63216
D 4 63217
F 4 63217
Task 1
Task 1
Task 1
Task 1
Task 1
Task 1
Task 1
Task 1
Task 1
Task 1
Task 1
Task 1
Task 1
P 1 63351
D 4 63351
F 4 63351
Task 1
Task 1
Task 1
Task 1
Task 1
F 1 63400
P 1 63400
D 4 63401
F 4 63401
Task 0
Task 0
Task 0
Task 0
Task 0
Task 0
Task 0
P 0 63485
D 4 63485
F 4 63485
Task 0
Task 0
Task 0
Task 0
Task 0
Task 0
Task 0
Task 0
Task 0
Task 0
Task 0
Task 0
Task 0
P 0 63619
D 4 63619
R 2 63619
F 4 63619
D 2 63620
Task 2
Task 2
Task 2
Task 2
Task 2
Task 2
Task 2
Task 2
Task 2
Task 2
D 2 63726
P 2 63726
D 4 63726
F 4 63726
Task 0
Task 0
Task 0
P 0 63753
D 4 63753
F 4 63753
Task 0
Task 0
Task 0
Task 0
Task 0
Task 0
Task 0
Task 0
Task 0
Task 0
Task 0
Task 0
Task 0
P 0 63888
D 4 63888
F 4 63888
Task 0
Task 0
Task 0
Task 0
Task 0
Task 0
Task 0
Task 0
Task 0
Task 0
Task 0
Task 0
Task 0
P 0 64022
D 4 64022
R 1 64022
R 2 64022
F 4 64023
D 2 64024
Task 2
Task 2
Task 2
Task 2
Task 2
Task 2
Task 2
Task 2
Task 2
Task 2
D 2 64129
P 2 64129
D 4 64129
F 4 64130
D 1 64130
Task 1
Task 1
P 1 64156
D 4 64156
F 4 64156
Task 1
Task 1
Task 1
Task 1
Task 1
Task 1
Task 1
Task 1
Task 1
Task 1
Task 1
Task 1
Task 1
P 1 64290
D 4 64290
F 4 64290
Task 1
Task 1
Task 1
Task 1
Task 1
F 1 64340
P 1 64340
D 4 64340
F 4 64340
Task 0
Task 0
Task 0
Task 0
Task 0
Task 0
Task 0
Task 0
P 0 64424
D 4 64424
F 4 64425
Task 0
Task 0
F 0 64444
P 0 64444
D 4 64444
F 4 64445
IDLE 64445
P 3 64559
D 4 64559
R 2 64559
F 4 64559
D 2 64560
Task 2
Task 2
Task 2
Task 2
Task 2
Task 2
Task 2
Task 2
Task 2
Task 2
D 2 64665
P 2 64665
D 4 64665
F 4 64665
IDLE 64666
P 3 64693
D 4 64693
F 4 64693
IDLE 64693
P 3 64827
D 4 64827
F 4 64827
IDLE 64827
P 3 64961
D 4 64961
F 4 64961
IDLE 64961
P 3 65096
D 4 65096
R 0 65096
R 1 65096
R 2 65097
F 4 65097
D 2 65098
Task 2
Task 2
Task 2
Task 2
Task 2
Task 2
Task 2
Task 2
Task 2
Task 2
D 2 65204
P 2 65204
D 4 65204
F 4 65204
D 1 65205
Task 1
Task 1
P 1 65230
D 4 65230
F 4 65230
Task 1
Task 1
Task 1
Task 1
Task 1
Task 1
Task 1
Task 1
Task 1
Task 1
Task 1
Task 1
Task 1
P 1 65364
D 4 65364
F 4 65364
Task 1
Task 1
Task 1
Task 1
Task 1
F 1 65414
P 1 65414
D 4 65414
F 4 65415
D 0 65416
Task 0
Task 0
Task 0
Task 0
Task 0
Task 0
Task 0
P 0 65498
D 4 65498
F 4 65498
Task 0
Task 0
Task 0
Task 0
Task 0
Task 0
Task 0
Task 0
Task 0
Task 0
Task 0
Task 0
Task 0
P 0 65632
D 4 65632
R 2 65632
F 4 65632
D 2 65633
Task 2
Task 2
Task 2
Task 2
Task 2
Task 2
Task 2
Task 2
Task 2
Task 2
D 2 65739
P 2 65739
D 4 65739
F 4 65739
Task 0
Task 0
Task 0
P 0 65767
D 4 65767
F 4 65767
Task 0
Task 0
Task 0
Task 0
Task 0
Task 0
Task 0
Task 0
Task 0
Task 0
Task 0
Task 0
Task 0
P 0 65901
D 4 65901
F 4 65901
Task 0
Task 0
Task 0
Task 0
Task 0
Task 0
Task 0
Task 0
Task 0
Task 0
Task 0
Task 0
Task 0
P 0 66035
D 4 66035
R 1 66035
R 2 66036
F 4 66036
D 2 66037
Task 2
Task 2
Task 2
Task 2
Task 2
Task 2
Task 2
Task 2
Task 2
Task 2
D 2 66143
P 2 66143
D 4 66143
F 4 66143
D 1 66144
Task 1
Task 1
P 1 66169
D 4 66169
F 4 66169
Task 1
Task 1
Task 1
Task 1
Task 1
Task 1
Task 1
Task 1
Task 1
Task 1
Task 1
Task 1
Task 1
P 1 66303
D 4 66304
F 4 66304
Task 1
Task 1
Task 1
Task 1
Task 1
F 1 66353
P 1 66353
D 4 66353
F 4 66354
Task 0
Task 0
Task 0
Task 0
Task 0
Task 0
Task 0
P 0 66438
D 4 66438
F 4 66438
Task 0
Task 0
Task 0
Task 0
Task 0
Task 0
Task 0
Task 0
Task 0
Task 0
Task 0
Task 0
Task 0
P 0 66572
D 4 66572
R 2 66572
F 4 66572
D 2 66573
Task 2
Task 2
Task 2
Task 2
Task 2
Task 2
Task 2
Task 2
Task 2
Task 2
D 2 66679
P 2 66679
D 4 66679
F 4 66679
Task 0
Task 0
Task 0
P 0 66706
D 4 66706
F 4 66706
Task 0
Task 0
Task 0
Task 0
Task 0
Task 0
Task 0
Task 0
Task 0
Task 0
Task 0
Task 0
Task 0
P 0 66840
D 4 66840
F 4 66840
Task 0
Task 0
Task 0
Task 0
Task 0
Task 0
Task 0
Task 0
Task 0
Task 0
Task 0
Task 0
Task 0
P 0 66975
D 4 66975
F 4 66975
Task 0
Task 0
F 0 66994
P 0 66994
D 4 66994
F 4 66995
IDLE 66995
P 3 67109
D 4 67109
R 1 67109
R 2 67109
F 4 67110
D 2 67111
Task 2
Task 2
Task 2
Task 2
Task 2
Task 2
Task 2
Task 2
Task 2
Task 2
D 2 67216
P 2 67216
D 4 67216
F 4 67217
D 1 67217
Task 1
Task 1
P 1 67243
D 4 67243
F 4 67243
Task 1
Task 1
Task 1
Task 1
Task 1
Task 1
Task 1
Task 1
Task 1
Task 1
Task 1
Task 1
Task 1
P 1 67377
D 4 67377
F 4 67377
Task 1
Task 1
Task 1
Task 1
Task 1
F 1 67427
P 1 67427
D 4 67427
F 4 67427
IDLE 67428
P 3 67511
D 4 67511
R 0 67511
R 2 67512
F 4 67512
D 2 67513
Task 2
Task 2
Task 2
Task 2
Task 2
Task 2
Task 2
Task 2
Task 2
Task 2
D 2 67619
P 2 67619
D 4 67619
F 4 67619
D 0 67620
Task 0
Task 0
P 0 67646
D 4 67646
F 4 67646
Task 0
Task 0
Task 0
Task 0
Task 0
Task 0
Task 0
Task 0
Task 0
Task 0
Task 0
Task 0
Task 0
P 0 67780
D 4 67780
F 4 67780
Task 0
Task 0
Task 0
Task 0
Task 0
Task 0
Task 0
Task 0
Task 0
Task 0
Task 0
Task 0
Task 0
P 0 67914
D 4 67914
F 4 67914
Task 0
Task 0
Task 0
Task 0
Task 0
Task 0
Task 0
Task 0
Task 0
Task 0
Task 0
Task 0
Task 0
P 0 68048
D 4 68048
R 1 68048
R 2 68049
F 4 68050
D 2 68051
Task 2
Task 2
Task 2
Task 2
Task 2
Task 2
Task 2
Task 2
Task 2
Task 2
D 2 68156
P 2 68156
D 4 68156
F 4 68156
D 1 68157
Task 1
Task 1
P 1 68183
D 4 68183
F 4 68183
Task 1
Task 1
Task 1
Task 1
Task 1
Task 1
Task 1
Task 1
Task 1
Task 1
Task 1
Task 1
Task 1
P 1 68317
D 4 68317
F 4 68317
Task 1
Task 1
Task 1
Task 1
Task 1
F 1 68367
P 1 68367
D 4 68367
F 4 68367
Task 0
Task 0
Task 0
Task 0
Task 0
Task 0
Task 0
P 0 68451
D 4 68451
F 4 68451
Task 0
Task 0
Task 0
Task 0
Task 0
Task 0
Task 0
Task 0
Task 0
Task 0
Task 0
Task 0
Task 0
P 0 68585
D 4 68585
R 2 68585
F 4 68585
D 2 68586
Task 2
Task 2
Task 2
Task 2
Task 2
Task 2
Task 2
Task 2
Task 2
Task 2
D 2 68692
P 2 68692
D 4 68692
F 4 68692
Task 0
Task 0
Task 0
P 0 68719
D 4 68719
F 4 68719
Task 0
Task 0
Task 0
Task 0
Task 0
Task 0
Task 0
Task 0
Task 0
Task 0
Task 0
Task 0
Task 0
P 0 68854
D 4 68854
F 4 68854
Task 0
Task 0
Task 0
Task 0
Task 0
Task 0
Task 0
Task 0
Task 0
Task 0
Task 0
Task 0
Task 0
P 0 68988
D 4 68988
F 4 68988
Task 0
Task 0
Task 0
Task 0
Task 0
Task 0
Task 0
Task 0
Task 0
Task 0
F 0 69090
P 0 69090
D 4 69090
R 1 69091
R 2 69092
F 4 69093
D 2 69094
Task 2
Task 2
Task 2
P 2 69122
D 4 69122
F 4 69122
Task 2
Task 2
Task 2
Task 2
Task 2
Task 2
Task 2
D 2 69200
P 2 69200
D 4 69200
F 4 69200
D 1 69201
Task 1
Task 1
Task 1
Task 1
Task 1
P 1 69256
D 4 69256
F 4 69256
Task 1
Task 1
Task 1
Task 1
Task 1
Task 1
Task 1
Task 1
Task 1
Task 1
Task 1
Task 1
Task 1
P 1 69391
D 4 69391
F 4 69391
Task 1
Task 1
F 1 69410
P 1 69410
D 4 69410
F 4 69411
IDLE 69412
P 3 69525
D 4 69525
R 2 69525
F 4 69525
D 2 69526
Task 2
Task 2
Task 2
Task 2
Task 2
Task 2
Task 2
Task 2
Task 2
Task 2
D 2 69631
P 2 69631
D 4 69631
F 4 69631
IDLE 69632
P 3 69659
D 4 69659
F 4 69659
IDLE 69659
P 3 69793
D 4 69793
F 4 69793
IDLE 69793
P 3 69927
D 4 69927
F 4 69927
IDLE 69927
P 3 70062
D 4 70062
R 0 70062
R 1 70062
R 2 70063
F 4 70064
D 2 70064
Task 2
Task 2
Task 2
Task 2
Task 2
Task 2
Task 2
Task 2
Task 2
Task 2
D 2 70170
P 2 70170
D 4 70170
F 4 70170
D 1 70171
Task 1
Task 1
P 1 70196
D 4 70196
F 4 70196
Task 1
Task 1
Task 1
Task 1
Task 1
Task 1
Task 1
Task 1
Task 1
Task 1
Task 1
Task 1
Task 1
P 1 70330
D 4 70330
F 4 70330
Task 1
Task 1
Task 1
Task 1
Task 1
F 1 70380
P 1 70380
D 4 70380
F 4 70381
D 0 70382
Task 0
Task 0
Task 0
Task 0
Task 0
Task 0
Task 0
P 0 70464
D 4 70464
F 4 70464
Task 0
Task 0
Task 0
Task 0
Task 0
Task 0
Task 0
Task 0
Task 0
Task 0
Task 0
Task 0
Task 0
P 0 70598
D 4 70598
R 2 70599
F 4 70599
D 2 70599
Task 2
Task 2
Task 2
Task 2
Task 2
Task 2
Task 2
Task 2
Task 2
Task 2
D 2 70705
P 2 70705
D 4 70705
F 4 70705
Task 0
Task 0
Task 0
P 0 70733
D 4 70733
F 4 70733
Task 0
Task 0
Task 0
Task 0
Task 0
Task 0
Task 0
Task 0
Task 0
Task 0
Task 0
Task 0
Task 0
P 0 70867
D 4 70867
F 4 70867
Task 0
Task 0
Task 0
Task 0
Task 0
Task 0
Task 0
Task 0
Task 0
Task 0
Task 0
Task 0
Task 0
P 0 71001
D 4 71001
R 1 71001
R 2 71002
F 4 71003
D 2 71003
Task 2
Task 2
Task 2
Task 2
Task 2
Task 2
Task 2
Task 2
Task 2
Task 2
D 2 71109
P 2 71109
D 4 71109
F 4 71109
D 1 71110
Task 1
Task 1
P 1 71135
D 4 71135
F 4 71135
Task 1
Task 1
Task 1
Task 1
Task 1
Task 1
Task 1
Task 1
Task 1
Task 1
Task 1
Task 1
Task 1
P 1 71270
D 4 71270
F 4 71270
Task 1
Task 1
Task 1
Task 1
Task 1
F 1 71319
P 1 71319
D 4 71319
F 4 71320
Task 0
Task 0
Task 0
Task 0
Task 0
Task 0
Task 0
P 0 71404
D 4 71404
F 4 71404
Task 0
Task 0
Task 0
Task 0
Task 0
Task 0
Task 0
Task 0
Task 0
Task 0
Task 0
Task 0
Task 0
P 0 71538
D 4 71538
R 2 71538
F 4 71538
D 2 71539
Task 2
Task 2
Task 2
Task 2
Task 2
Task 2
Task 2
Task 2
Task 2
Task 2
D 2 71645
P 2 71645
D 4 71645
F 4 71645
Task 0
Task 0
Task 0
P 0 71672
D 4 71672
F 4 71672
Task 0
Task 0
Task 0
Task 0
Task 0
Task 0
Task 0
Task 0
Task 0
Task 0
Task 0
Task 0
Task 0
P 0 71806
D 4 71806
F 4 71806
Task 0
Task 0
Task 0
Task 0
Task 0
Task 0
Task 0
Task 0
Task 0
Task 0
Task 0
Task 0
Task 0
P 0 71941
D 4 71941
F 4 71941
Task 0
Task 0
F 0 71960
P 0 71960
D 4 71960
F 4 71961
IDLE 71962
P 3 72075
D 4 72075
R 1 72075
R 2 72075
F 4 72076
D 2 72077
Task 2
Task 2
Task 2
Task 2
Task 2
Task 2
Task 2
Task 2
Task 2
Task 2
D 2 72182
P 2 72183
D 4 72183
F 4 72183
D 1 72183
Task 1
Task 1
P 1 72209
D 4 72209
F 4 72209
Task 1
Task 1
Task 1
Task 1
Task 1
Task 1
Task 1
Task 1
Task 1
Task 1
Task 1
Task 1
Task 1
P 1 72343
D 4 72343
F 4 72343
Task 1
Task 1
Task 1
Task 1
Task 1
F 1 72393
P 1 72393
D 4 72393
F 4 72393
IDLE 72394
P 3 72478
D 4 72478
F 4 72478
IDLE 72478
P 3 72612
D 4 72612
R 0 72612
R 2 72612
F 4 72613
D 2 72614
Task 2
Task 2
Task 2
Task 2
Task 2
Task 2
Task 2
Task 2
Task 2
Task 2
D 2 72719
P 2 72719
D 4 72719
F 4 72719
D 0 72720
Task 0
Task 0
P 0 72746
D 4 72746
F 4 72746
Task 0
Task 0
Task 0
Task 0
Task 0
Task 0
Task 0
Task 0
Task 0
Task 0
Task 0
Task 0
Task 0
P 0 72880
D 4 72880
F 4 72880
Task 0
Task 0
Task 0
Task 0
Task 0
Task 0
Task 0
Task 0
Task 0
Task 0
Task 0
Task 0
Task 0
P 0 73014
D 4 73014
R 1 73014
R 2 73014
F 4 73015
D 2 73016
Task 2
Task 2
Task 2
Task 2
Task 2
Task 2
Task 2
Task 2
Task 2
Task 2
D 2 73122
P 2 73122
D 4 73122
F 4 73122
D 1 73123
Task 1
Task 1
P 1 73149
D 4 73149
F 4 73149
Task 1
Task 1
Task 1
Task 1
Task 1
Task 1
Task 1
Task 1
Task 1
Task 1
Task 1
Task 1
Task 1
P 1 73283
D 4 73283
F 4 73283
Task 1
Task 1
Task 1
Task 1
Task 1
F 1 73332
P 1 73332
D 4 73332
F 4 73333
Task 0
Task 0
Task 0
Task 0
Task 0
Task 0
Task 0
Task 0
P 0 73417
D 4 73417
F 4 73417
Task 0
Task 0
Task 0
Task 0
Task 0
Task 0
Task 0
Task 0
Task 0
Task 0
Task 0
Task 0
Task 0
P 0 73551
D 4 73551
R 2 73551
F 4 73552
D 2 73553
Task 2
Task 2
Task 2
Task 2
Task 2
Task 2
Task 2
Task 2
Task 2
Task 2
D 2 73658
P 2 73658
D 4 73658
F 4 73658
Task 0
Task 0
P 0 73685
D 4 73685
F 4 73686
Task 0
Task 0
Task 0
Task 0
Task 0
Task 0
Task 0
Task 0
Task 0
Task 0
Task 0
Task 0
Task 0
P 0 73820
D 4 73820
F 4 73820
Task 0
Task 0
Task 0
Task 0
Task 0
Task 0
Task 0
Task 0
Task 0
Task 0
Task 0
Task 0
Task 0
P 0 73954
D 4 73954
F 4 73954
Task 0
Task 0
Task 0
Task 0
Task 0
Task 0
Task 0
Task 0
Task 0
Task 0
Task 0
Task 0
Task 0
P 0 74088
D 4 74088
R 1 74088
R 2 74088
F 4 74089
D 2 74090
Task 2
Task 2
Task 2
Task 2
Task 2
Task 2
Task 2
Task 2
Task 2
Task 2
D 2 74196
P 2 74196
D 4 74196
F 4 74196
D 1 74197
Task 1
Task 1
P 1 74222
D 4 74222
F 4 74222
Task 1
Task 1
Task 1
Task 1
Task 1
Task 1
Task 1
Task 1
Task 1
Task 1
Task 1
Task 1
Task 1
P 1 74357
D 4 74357
F 4 74357
Task 1
Task 1
Task 1
Task 1
Task 1
F 1 74406
P 1 74406
D 4 74406
F 4 74407
Task 0
Task 0
Task 0
Task 0
Task 0
Task 0
Task 0
Task 0
P 0 74491
D 4 74491
F 4 74491
Task 0
Task 0
F 0 74510
P 0 74510
D 4 74510
R 2 74510
F 4 74511
D 2 74512
Task 2
Task 2
Task 2
Task 2
Task 2
Task 2
Task 2
Task 2
Task 2
Task 2
D 2 74618
P 2 74618
D 4 74618
F 4 74618
IDLE 74619
P 3 74625
D 4 74625
F 4 74625
IDLE 74625
P 3 74759
D 4 74759
F 4 74759
IDLE 74759
P 3 74893
D 4 74893
F 4 74893
IDLE 74894
P 3 75028
D 4 75028
R 0 75028
R 1 75028
R 2 75029
F 4 75030
D 2 75031
Task 2
Task 2
Task 2
Task 2
Task 2
Task 2
Task 2
Task 2
Task 2
Task 2
D 2 75136
P 2 75136
D 4 75136
F 4 75136
D 1 75137
Task 1
Task 1
P 1 75162
D 4 75162
F 4 75162
Task 1
Task 1
Task 1
Task 1
Task 1
Task 1
Task 1
Task 1
Task 1
Task 1
Task 1
Task 1
Task 1
P 1 75296
D 4 75296
F 4 75296
Task 1
Task 1
Task 1
Task 1
Task 1
F 1 75346
P 1 75347
D 4 75347
F 4 75347
D 0 75348
Task 0
Task 0
Task 0
Task 0
Task 0
Task 0
Task 0
P 0 75430
D 4 75430
F 4 75430
Task 0
Task 0
Task 0
Task 0
Task 0
Task 0
Task 0
Task 0
Task 0
Task 0
Task 0
Task 0
Task 0
P 0 75565
D 4 75565
R 2 75565
F 4 75565
D 2 75565
Task 2
Task 2
Task 2
Task 2
Task 2
Task 2
Task 2
Task 2
Task 2
Task 2
D 2 75671
P 2 75671
D 4 75671
F 4 75671
Task 0
Task 0
Task 0
P 0 75699
D 4 75699
F 4 75699
Task 0
Task 0
Task 0
Task 0
Task 0
Task 0
Task 0
Task 0
Task 0
Task 0
Task 0
Task 0
Task 0
P 0 75833
D 4 75833
F 4 75833
Task 0
Task 0
Task 0
Task 0
Task 0
Task 0
Task 0
Task 0
Task 0
Task 0
Task 0
Task 0
Task 0
P 0 75967
D 4 75967
F 4 75967
Task 0
Task 0
Task 0
Task 0
Task 0
Task 0
Task 0
Task 0
Task 0
Task 0
Task 0
Task 0
P 0 76101
D 4 76101
R 1 76101
R 2 76101
F 4 76102
D 2 76103
Task 2
Task 2
Task 2
Task 2
Task 2
Task 2
Task 2
Task 2
Task 2
Task 2
D 2 76209
P 2 76209
D 4 76209
F 4 76209
D 1 76210
Task 1
Task 1
P 1 76236
D 4 76236
F 4 76236
Task 1
Task 1
Task 1
Task 1
Task 1
Task 1
Task 1
Task 1
Task 1
Task 1
Task 1
Task 1
Task 1
P 1 76370
D 4 76370
F 4 76370
Task 1
Task 1
Task 1
Task 1
Task 1
F 1 76419
P 1 76419
D 4 76419
F 4 76420
Task 0
Task 0
Task 0
Task 0
Task 0
Task 0
Task 0
Task 0
P 0 76504
D 4 76504
R 2 76504
F 4 76504
D 2 76505
Task 2
Task 2
Task 2
Task 2
Task 2
Task 2
Task 2
Task 2
Task 2
Task 2
D 2 76611
P 2 76611
D 4 76611
F 4 76611
Task 0
Task 0
Task 0
P 0 76638
D 4 76638
F 4 76638
Task 0
Task 0
Task 0
Task 0
Task 0
Task 0
Task 0
Task 0
Task 0
Task 0
Task 0
Task 0
Task 0
P 0 76772
D 4 76773
F 4 76773
Task 0
Task 0
Task 0
Task 0
Task 0
Task 0
Task 0
Task 0
Task 0
Task 0
Task 0
Task 0
Task 0
P 0 76907
D 4 76907
F 4 76907
Task 0
Task 0
F 0 76926
P 0 76926
D 4 76926
F 4 76926
IDLE 76927
P 3 77041
D 4 77041
R 1 77041
R 2 77041
F 4 77042
D 2 77043
Task 2
Task 2
Task 2
Task 2
Task 2
Task 2
Task 2
Task 2
Task 2
Task 2
D 2 77149
P 2 77149
D 4 77149
F 4 77149
D 1 77150
Task 1
Task 1
P 1 77175
D 4 77175
F 4 77175
Task 1
Task 1
Task 1
Task 1
Task 1
Task 1
Task 1
Task 1
Task 1
Task 1
Task 1
Task 1
Task 1
P 1 77309
D 4 77309
F 4 77309
Task 1
Task 1
Task 1
Task 1
Task 1
F 1 77359
P 1 77359
D 4 77359
F 4 77359
IDLE 77360
P 3 77444
D 4 77444
F 4 77444
IDLE 77444
P 3 77578
D 4 77578
R 0 77578
R 2 77578
F 4 77579
D 2 77580
Task 2
Task 2
Task 2
Task 2
Task 2
Task 2
Task 2
Task 2
Task 2
Task 2
D 2 77685
P 2 77685
D 4 77685
F 4 77685
D 0 77686
Task 0
Task 0
P 0 77712
D 4 77712
F 4 77712
Task 0
Task 0
Task 0
Task 0
Task 0
Task 0
Task 0
Task 0
Task 0
Task 0
Task 0
Task 0
Task 0
P 0 77846
D 4 77846
F 4 77846
Task 0
Task 0
Task 0
Task 0
Task 0
Task 0
Task 0
Task 0
Task 0
Task 0
Task 0
Task 0
Task 0
P 0 77980
D 4 77980
F 4 77980
Task 0
Task 0
Task 0
Task 0
Task 0
Task 0
Task 0
Task 0
Task 0
Task 0
Task 0
Task 0
Task 0
P 0 78115
D 4 78115
R 1 78115
R 2 78115
F 4 78116
D 2 78117
Task 2
Task 2
Task 2
Task 2
Task 2
Task 2
Task 2
Task 2
Task 2
Task 2
D 2 78223
P 2 78223
D 4 78223
F 4 78223
D 1 78224
Task 1
Task 1
P 1 78249
D 4 78249
F 4 78249
Task 1
Task 1
Task 1
Task 1
Task 1
Task 1
Task 1
Task 1
Task 1
Task 1
Task 1
Task 1
Task 1
P 1 78383
D 4 78383
F 4 78383
Task 1
Task 1
Task 1
Task 1
Task 1
F 1 78433
P 1 78433
D 4 78433
F 4 78434
Task 0
Task 0
Task 0
Task 0
Task 0
Task 0
Task 0
P 0 78517
D 4 78517
R 2 78517
F 4 78517
D 2 78518
Task 2
Task 2
Task 2
Task 2
Task 2
Task 2
Task 2
Task 2
Task 2
Task 2
D 2 78624
P 2 78624
D 4 78624
F 4 78624
Task 0
Task 0
Task 0
P 0 78652
D 4 78652
F 4 78652
Task 0
Task 0
Task 0
Task 0
Task 0
Task 0
Task 0
Task 0
Task 0
Task 0
Task 0
Task 0
Task 0
P 0 78786
D 4 78786
F 4 78786
Task 0
Task 0
Task 0
Task 0
Task 0
Task 0
Task 0
Task 0
Task 0
Task 0
Task 0
Task 0
Task 0
P 0 78920
D 4 78920
F 4 78920
Task 0
Task 0
Task 0
Task 0
Task 0
Task 0
Task 0
Task 0
Task 0
Task 0
Task 0
Task 0
Task 0
P 0 79054
D 4 79054
R 1 79054
R 2 79054
F 4 79055
D 2 79056
Task 2
Task 2
Task 2
Task 2
Task 2
Task 2
Task 2
Task 2
Task 2
Task 2
D 2 79162
P 2 79162
D 4 79162
F 4 79162
D 1 79163
Task 1
Task 1
P 1 79188
D 4 79188
F 4 79188
Task 1
Task 1
Task 1
Task 1
Task 1
Task 1
Task 1
Task 1
Task 1
Task 1
Task 1
Task 1
Task 1
P 1 79323
D 4 79323
F 4 79323
Task 1
Task 1
Task 1
Task 1
Task 1
F 1 79372
P 1 79372
D 4 79372
F 4 79373
Task 0
Task 0
Task 0
Task 0
Task 0
Task 0
Task 0
Task 0
P 0 79457
D 4 79457
F 4 79457
Task 0
Task 0
F 0 79476
P 0 79476
D 4 79476
F 4 79477
IDLE 79478
P 3 79591
D 4 79591
R 2 79591
F 4 79591
D 2 79592
Task 2
Task 2
Task 2
Task 2
Task 2
Task 2
Task 2
Task 2
Task 2
Task 2
D 2 79698
P 2 79698
D 4 79698
F 4 79698
IDLE 79699
P 3 79725
D 4 79725
F 4 79725
IDLE 79725
P 3 79859
D 4 79860
F 4 79860
IDLE 79860
P 3 79994
D 4 79994
F 4 79994
IDLE 79994
